Log file open, 10/31/19 14:25:30
LogWindows: Failed to load 'aqProf.dll' (GetLastError=126)
LogWindows: File 'aqProf.dll' does not exist
LogWindows: Failed to load 'VtuneApi.dll' (GetLastError=126)
LogWindows: File 'VtuneApi.dll' does not exist
LogWindows: Failed to load 'VtuneApi32e.dll' (GetLastError=126)
LogWindows: File 'VtuneApi32e.dll' does not exist
LogConsoleResponse: Display: Failed to find resolution value strings in scalability ini. Falling back to default.
LogInit: Display: Running engine for game: CogCollectors
LogPlatformFile: Not using cached read wrapper
LogTaskGraph: Started task graph with 5 named threads and 20 total threads with 3 sets of task threads.
LogStats: Stats thread started at 0.070280
LogD3D11RHI: Loaded GFSDK_Aftermath_Lib.x64.dll
LogICUInternationalization: ICU TimeZone Detection - Raw Offset: -5:00, Platform Override: ''
LogPluginManager: Mounting plugin Paper2D
LogPluginManager: Mounting plugin AISupport
LogPluginManager: Mounting plugin LightPropagationVolume
LogPluginManager: Mounting plugin ActorLayerUtilities
LogPluginManager: Mounting plugin AnimationSharing
LogPluginManager: Mounting plugin CLionSourceCodeAccess
LogPluginManager: Mounting plugin CodeLiteSourceCodeAccess
LogPluginManager: Mounting plugin GitSourceControl
LogPluginManager: Mounting plugin KDevelopSourceCodeAccess
LogPluginManager: Mounting plugin NullSourceCodeAccess
LogPluginManager: Mounting plugin PerforceSourceControl
LogPluginManager: Mounting plugin SubversionSourceControl
LogPluginManager: Mounting plugin UObjectPlugin
LogPluginManager: Mounting plugin VisualStudioCodeSourceCodeAccess
LogPluginManager: Mounting plugin VisualStudioSourceCodeAccess
LogPluginManager: Mounting plugin XCodeSourceCodeAccess
LogPluginManager: Mounting plugin AssetManagerEditor
LogPluginManager: Mounting plugin CryptoKeys
LogPluginManager: Mounting plugin CurveEditorTools
LogPluginManager: Mounting plugin DataValidation
LogPluginManager: Mounting plugin FacialAnimation
LogPluginManager: Mounting plugin GameplayTagsEditor
LogPluginManager: Mounting plugin MacGraphicsSwitching
LogPluginManager: Mounting plugin MaterialAnalyzer
LogPluginManager: Mounting plugin MobileLauncherProfileWizard
LogPluginManager: Mounting plugin PluginBrowser
LogPluginManager: Mounting plugin SpeedTreeImporter
LogPluginManager: Mounting plugin DatasmithContent
LogPluginManager: Mounting plugin VariantManagerContent
LogPluginManager: Mounting plugin AlembicImporter
LogPluginManager: Mounting plugin AutomationUtils
LogPluginManager: Mounting plugin BackChannel
LogPluginManager: Mounting plugin CharacterAI
LogPluginManager: Mounting plugin GeometryCache
LogPluginManager: Mounting plugin HTML5Networking
LogPluginManager: Mounting plugin PlatformCrypto
LogPluginManager: Mounting plugin ProxyLODPlugin
LogPluginManager: Mounting plugin SkeletalReduction
LogPluginManager: Mounting plugin MagicLeap
LogPluginManager: Mounting plugin MagicLeapMedia
LogPluginManager: Mounting plugin AndroidMedia
LogPluginManager: Mounting plugin AvfMedia
LogPluginManager: Mounting plugin ImgMedia
LogPluginManager: Mounting plugin MediaCompositing
LogPluginManager: Mounting plugin MediaPlayerEditor
LogPluginManager: Mounting plugin WebMMedia
LogPluginManager: Mounting plugin WmfMedia
LogPluginManager: Mounting plugin TcpMessaging
LogPluginManager: Mounting plugin UdpMessaging
LogPluginManager: Mounting plugin ActorSequence
LogPluginManager: Mounting plugin LevelSequenceEditor
LogPluginManager: Mounting plugin MatineeToLevelSequence
LogPluginManager: Mounting plugin NetcodeUnitTest
LogPluginManager: Mounting plugin NUTUnrealEngine4
LogPluginManager: Mounting plugin OnlineSubsystemGooglePlay
LogPluginManager: Mounting plugin OnlineSubsystemIOS
LogPluginManager: Mounting plugin OnlineSubsystem
LogPluginManager: Mounting plugin OnlineSubsystemNull
LogPluginManager: Mounting plugin OnlineSubsystemUtils
LogPluginManager: Mounting plugin LauncherChunkInstaller
LogPluginManager: Mounting plugin AndroidDeviceProfileSelector
LogPluginManager: Mounting plugin AndroidMoviePlayer
LogPluginManager: Mounting plugin AndroidPermission
LogPluginManager: Mounting plugin AppleImageUtils
LogPluginManager: Mounting plugin AppleMoviePlayer
LogPluginManager: Mounting plugin ArchVisCharacter
LogPluginManager: Mounting plugin AudioCapture
LogPluginManager: Mounting plugin CableComponent
LogPluginManager: Mounting plugin CustomMeshComponent
LogPluginManager: Mounting plugin EditableMesh
LogPluginManager: Mounting plugin ExampleDeviceProfileSelector
LogPluginManager: Mounting plugin GoogleCloudMessaging
LogPluginManager: Mounting plugin IOSDeviceProfileSelector
LogPluginManager: Mounting plugin LinuxDeviceProfileSelector
LogPluginManager: Mounting plugin LocationServicesBPLibrary
LogPluginManager: Mounting plugin MobilePatchingUtils
LogPluginManager: Mounting plugin OculusVR
LogPluginManager: Mounting plugin PhysXVehicles
LogPluginManager: Mounting plugin ProceduralMeshComponent
LogPluginManager: Mounting plugin RuntimePhysXCooking
LogPluginManager: Mounting plugin SignificanceManager
LogPluginManager: Mounting plugin SteamVR
LogPluginManager: Mounting plugin WebMMoviePlayer
LogPluginManager: Mounting plugin WindowsMoviePlayer
LogPluginManager: Mounting plugin ScreenshotTools
LogInit: Using libcurl 7.55.1-DEV
LogInit:  - built for x86_64-pc-win32
LogInit:  - supports SSL with OpenSSL/1.1.1
LogInit:  - supports HTTP deflate (compression) using libz 1.2.8
LogInit:  - other features:
LogInit:      CURL_VERSION_SSL
LogInit:      CURL_VERSION_LIBZ
LogInit:      CURL_VERSION_IPV6
LogInit:      CURL_VERSION_ASYNCHDNS
LogInit:      CURL_VERSION_LARGEFILE
LogInit:      CURL_VERSION_IDN
LogInit:  CurlRequestOptions (configurable via config and command line):
LogInit:  - bVerifyPeer = true  - Libcurl will verify peer certificate
LogInit:  - bUseHttpProxy = false  - Libcurl will NOT use HTTP proxy
LogInit:  - bDontReuseConnections = false  - Libcurl will reuse connections
LogInit:  - MaxHostConnections = 16  - Libcurl will limit the number of connections to a host
LogInit:  - LocalHostAddr = Default
LogInit:  - BufferSize = 65536
LogOnline: OSS: Creating online subsystem instance for: NULL
LogInit: WinSock: version 1.1 (2.2), MaxSocks=32767, MaxUdp=65467
LogInit: Build: ++UE4+Release-4.23-CL-9631420
LogInit: Engine Version: 4.23.1-9631420+++UE4+Release-4.23
LogInit: Compatible Engine Version: 4.23.0-8386587+++UE4+Release-4.23
LogInit: Net CL: 8386587
LogInit: OS: Windows 10 (Release 1803) (), CPU: Intel(R) Core(TM) i5-8500 CPU @ 3.00GHz, GPU: Intel(R) UHD Graphics 630
LogInit: Compiled (64-bit): Oct 18 2019 02:07:44
LogInit: Compiled with Visual C++: 19.16.27030.01
LogInit: Build Configuration: Development
LogInit: Branch Name: ++UE4+Release-4.23
LogInit: Command Line: 
LogInit: Base Directory: C:/Users/130163/Desktop/UE_4.23/Engine/Binaries/Win64/
LogInit: Installed Engine Build: 1
LogDevObjectVersion: Number of dev versions registered: 23
LogDevObjectVersion:   Dev-Blueprints (B0D832E4-1F89-4F0D-ACCF-7EB736FD4AA2): 10
LogDevObjectVersion:   Dev-Build (E1C64328-A22C-4D53-A36C-8E866417BD8C): 0
LogDevObjectVersion:   Dev-Core (375EC13C-06E4-48FB-B500-84F0262A717E): 3
LogDevObjectVersion:   Dev-Editor (E4B068ED-F494-42E9-A231-DA0B2E46BB41): 34
LogDevObjectVersion:   Dev-Framework (CFFC743F-43B0-4480-9391-14DF171D2073): 35
LogDevObjectVersion:   Dev-Mobile (B02B49B5-BB20-44E9-A304-32B752E40360): 2
LogDevObjectVersion:   Dev-Networking (A4E4105C-59A1-49B5-A7C5-40C4547EDFEE): 0
LogDevObjectVersion:   Dev-Online (39C831C9-5AE6-47DC-9A44-9C173E1C8E7C): 0
LogDevObjectVersion:   Dev-Physics (78F01B33-EBEA-4F98-B9B4-84EACCB95AA2): 0
LogDevObjectVersion:   Dev-Platform (6631380F-2D4D-43E0-8009-CF276956A95A): 0
LogDevObjectVersion:   Dev-Rendering (12F88B9F-8875-4AFC-A67C-D90C383ABD29): 31
LogDevObjectVersion:   Dev-Sequencer (7B5AE74C-D270-4C10-A958-57980B212A5A): 11
LogDevObjectVersion:   Dev-VR (D7296918-1DD6-4BDD-9DE2-64A83CC13884): 2
LogDevObjectVersion:   Dev-LoadTimes (C2A15278-BFE7-4AFE-6C17-90FF531DF755): 1
LogDevObjectVersion:   Private-Geometry (6EACA3D4-40EC-4CC1-B786-8BED09428FC5): 3
LogDevObjectVersion:   Dev-AnimPhys (29E575DD-E0A3-4627-9D10-D276232CDCEA): 17
LogDevObjectVersion:   Dev-Anim (AF43A65D-7FD3-4947-9873-3E8ED9C1BB05): 2
LogDevObjectVersion:   Dev-ReflectionCapture (6B266CEC-1EC7-4B8F-A30B-E4D90942FC07): 1
LogDevObjectVersion:   Dev-Automation (0DF73D61-A23F-47EA-B727-89E90C41499A): 1
LogDevObjectVersion:   FortniteMain (601D1886-AC64-4F84-AA16-D3DE0DEAC7D6): 27
LogDevObjectVersion:   Dev-Enterprise (9DFFBCD6-494F-0158-E221-12823C92A888): 6
LogDevObjectVersion:   Dev-Niagara (F2AED0AC-9AFE-416F-8664-AA7FFA26D6FC): 1
LogDevObjectVersion:   Dev-Destruction (174F1F0B-B4C6-45A5-B13F-2EE8D0FB917D): 9
LogInit: Presizing for max 16777216 objects, including 0 objects not considered by GC, pre-allocating 0 bytes for permanent pool.
LogInit: Object subsystem initialized
LogConfig: Setting CVar [[con.DebugEarlyDefault:1]]
LogConfig: Setting CVar [[r.setres:1280x720]]
[2019.10.31-18.25.30:512][  0]LogConfig: Setting CVar [[r.VSync:0]]
[2019.10.31-18.25.30:512][  0]LogConfig: Setting CVar [[r.RHICmdBypass:0]]
[2019.10.31-18.25.30:512][  0]LogConfig: Applying CVar settings from Section [/Script/Engine.RendererSettings] File [C:/Users/130163/Documents/Unreal Projects/CogCollectors/Saved/Config/Windows/Engine.ini]
[2019.10.31-18.25.30:512][  0]LogConfig: Setting CVar [[r.GPUCrashDebugging:0]]
[2019.10.31-18.25.30:512][  0]LogConfig: Applying CVar settings from Section [/Script/Engine.RendererOverrideSettings] File [C:/Users/130163/Documents/Unreal Projects/CogCollectors/Saved/Config/Windows/Engine.ini]
[2019.10.31-18.25.30:512][  0]LogConfig: Applying CVar settings from Section [/Script/Engine.StreamingSettings] File [C:/Users/130163/Documents/Unreal Projects/CogCollectors/Saved/Config/Windows/Engine.ini]
[2019.10.31-18.25.30:512][  0]LogConfig: Setting CVar [[s.MinBulkDataSizeForAsyncLoading:131072]]
[2019.10.31-18.25.30:512][  0]LogConfig: Setting CVar [[s.AsyncLoadingThreadEnabled:0]]
[2019.10.31-18.25.30:512][  0]LogConfig: Setting CVar [[s.EventDrivenLoaderEnabled:1]]
[2019.10.31-18.25.30:512][  0]LogConfig: Setting CVar [[s.WarnIfTimeLimitExceeded:0]]
[2019.10.31-18.25.30:512][  0]LogConfig: Setting CVar [[s.TimeLimitExceededMultiplier:1.5]]
[2019.10.31-18.25.30:512][  0]LogConfig: Setting CVar [[s.TimeLimitExceededMinTime:0.005]]
[2019.10.31-18.25.30:512][  0]LogConfig: Setting CVar [[s.UseBackgroundLevelStreaming:1]]
[2019.10.31-18.25.30:512][  0]LogConfig: Setting CVar [[s.PriorityAsyncLoadingExtraTime:15.0]]
[2019.10.31-18.25.30:512][  0]LogConfig: Setting CVar [[s.LevelStreamingActorsUpdateTimeLimit:5.0]]
[2019.10.31-18.25.30:512][  0]LogConfig: Setting CVar [[s.PriorityLevelStreamingActorsUpdateExtraTime:5.0]]
[2019.10.31-18.25.30:512][  0]LogConfig: Setting CVar [[s.LevelStreamingComponentsRegistrationGranularity:10]]
[2019.10.31-18.25.30:512][  0]LogConfig: Setting CVar [[s.UnregisterComponentsTimeLimit:1.0]]
[2019.10.31-18.25.30:512][  0]LogConfig: Setting CVar [[s.LevelStreamingComponentsUnregistrationGranularity:5]]
[2019.10.31-18.25.30:512][  0]LogConfig: Applying CVar settings from Section [/Script/Engine.GarbageCollectionSettings] File [C:/Users/130163/Documents/Unreal Projects/CogCollectors/Saved/Config/Windows/Engine.ini]
[2019.10.31-18.25.30:512][  0]LogConfig: Setting CVar [[gc.MaxObjectsNotConsideredByGC:1]]
[2019.10.31-18.25.30:512][  0]LogConfig: Setting CVar [[gc.SizeOfPermanentObjectPool:0]]
[2019.10.31-18.25.30:512][  0]LogConfig: Setting CVar [[gc.FlushStreamingOnGC:0]]
[2019.10.31-18.25.30:512][  0]LogConfig: Setting CVar [[gc.NumRetriesBeforeForcingGC:10]]
[2019.10.31-18.25.30:512][  0]LogConfig: Setting CVar [[gc.AllowParallelGC:1]]
[2019.10.31-18.25.30:512][  0]LogConfig: Setting CVar [[gc.TimeBetweenPurgingPendingKillObjects:61.1]]
[2019.10.31-18.25.30:512][  0]LogConfig: Setting CVar [[gc.MaxObjectsInEditor:16777216]]
[2019.10.31-18.25.30:512][  0]LogConfig: Setting CVar [[gc.IncrementalBeginDestroyEnabled:1]]
[2019.10.31-18.25.30:512][  0]LogConfig: Setting CVar [[gc.CreateGCClusters:1]]
[2019.10.31-18.25.30:512][  0]LogConfig: Setting CVar [[gc.MinGCClusterSize:5]]
[2019.10.31-18.25.30:512][  0]LogConfig: Setting CVar [[gc.ActorClusteringEnabled:0]]
[2019.10.31-18.25.30:512][  0]LogConfig: Setting CVar [[gc.BlueprintClusteringEnabled:0]]
[2019.10.31-18.25.30:512][  0]LogConfig: Setting CVar [[gc.UseDisregardForGCOnDedicatedServers:0]]
[2019.10.31-18.25.30:512][  0]LogConfig: Applying CVar settings from Section [/Script/Engine.NetworkSettings] File [C:/Users/130163/Documents/Unreal Projects/CogCollectors/Saved/Config/Windows/Engine.ini]
[2019.10.31-18.25.30:512][  0]LogConfig: Applying CVar settings from Section [/Script/UnrealEd.CookerSettings] File [C:/Users/130163/Documents/Unreal Projects/CogCollectors/Saved/Config/Windows/Engine.ini]
[2019.10.31-18.25.30:515][  0]LogConfig: Applying CVar settings from Section [ViewDistanceQuality@3] File [C:/Users/130163/Documents/Unreal Projects/CogCollectors/Saved/Config/Windows/Scalability.ini]
[2019.10.31-18.25.30:515][  0]LogConfig: Setting CVar [[r.SkeletalMeshLODBias:0]]
[2019.10.31-18.25.30:515][  0]LogConfig: Setting CVar [[r.ViewDistanceScale:1.0]]
[2019.10.31-18.25.30:515][  0]LogConfig: Applying CVar settings from Section [AntiAliasingQuality@3] File [C:/Users/130163/Documents/Unreal Projects/CogCollectors/Saved/Config/Windows/Scalability.ini]
[2019.10.31-18.25.30:515][  0]LogConfig: Setting CVar [[r.PostProcessAAQuality:4]]
[2019.10.31-18.25.30:515][  0]LogConfig: Applying CVar settings from Section [ShadowQuality@3] File [C:/Users/130163/Documents/Unreal Projects/CogCollectors/Saved/Config/Windows/Scalability.ini]
[2019.10.31-18.25.30:515][  0]LogConfig: Setting CVar [[r.LightFunctionQuality:1]]
[2019.10.31-18.25.30:515][  0]LogConfig: Setting CVar [[r.ShadowQuality:5]]
[2019.10.31-18.25.30:515][  0]LogConfig: Setting CVar [[r.Shadow.CSM.MaxCascades:10]]
[2019.10.31-18.25.30:515][  0]LogConfig: Setting CVar [[r.Shadow.MaxResolution:2048]]
[2019.10.31-18.25.30:515][  0]LogConfig: Setting CVar [[r.Shadow.MaxCSMResolution:2048]]
[2019.10.31-18.25.30:515][  0]LogConfig: Setting CVar [[r.Shadow.RadiusThreshold:0.01]]
[2019.10.31-18.25.30:515][  0]LogConfig: Setting CVar [[r.Shadow.DistanceScale:1.0]]
[2019.10.31-18.25.30:515][  0]LogConfig: Setting CVar [[r.Shadow.CSM.TransitionScale:1.0]]
[2019.10.31-18.25.30:515][  0]LogConfig: Setting CVar [[r.Shadow.PreShadowResolutionFactor:1.0]]
[2019.10.31-18.25.30:515][  0]LogConfig: Setting CVar [[r.DistanceFieldShadowing:1]]
[2019.10.31-18.25.30:515][  0]LogConfig: Setting CVar [[r.DistanceFieldAO:1]]
[2019.10.31-18.25.30:515][  0]LogConfig: Setting CVar [[r.AOQuality:2]]
[2019.10.31-18.25.30:515][  0]LogConfig: Setting CVar [[r.VolumetricFog:1]]
[2019.10.31-18.25.30:515][  0]LogConfig: Setting CVar [[r.VolumetricFog.GridPixelSize:8]]
[2019.10.31-18.25.30:515][  0]LogConfig: Setting CVar [[r.VolumetricFog.GridSizeZ:128]]
[2019.10.31-18.25.30:515][  0]LogConfig: Setting CVar [[r.VolumetricFog.HistoryMissSupersampleCount:4]]
[2019.10.31-18.25.30:515][  0]LogConfig: Setting CVar [[r.LightMaxDrawDistanceScale:1]]
[2019.10.31-18.25.30:515][  0]LogConfig: Setting CVar [[r.CapsuleShadows:1]]
[2019.10.31-18.25.30:515][  0]LogConfig: Applying CVar settings from Section [PostProcessQuality@3] File [C:/Users/130163/Documents/Unreal Projects/CogCollectors/Saved/Config/Windows/Scalability.ini]
[2019.10.31-18.25.30:515][  0]LogConfig: Setting CVar [[r.MotionBlurQuality:4]]
[2019.10.31-18.25.30:515][  0]LogConfig: Setting CVar [[r.AmbientOcclusionMipLevelFactor:0.4]]
[2019.10.31-18.25.30:515][  0]LogConfig: Setting CVar [[r.AmbientOcclusionMaxQuality:100]]
[2019.10.31-18.25.30:515][  0]LogConfig: Setting CVar [[r.AmbientOcclusionLevels:-1]]
[2019.10.31-18.25.30:515][  0]LogConfig: Setting CVar [[r.AmbientOcclusionRadiusScale:1.0]]
[2019.10.31-18.25.30:515][  0]LogConfig: Setting CVar [[r.DepthOfFieldQuality:2]]
[2019.10.31-18.25.30:515][  0]LogConfig: Setting CVar [[r.RenderTargetPoolMin:400]]
[2019.10.31-18.25.30:515][  0]LogConfig: Setting CVar [[r.LensFlareQuality:2]]
[2019.10.31-18.25.30:515][  0]LogConfig: Setting CVar [[r.SceneColorFringeQuality:1]]
[2019.10.31-18.25.30:515][  0]LogConfig: Setting CVar [[r.EyeAdaptationQuality:2]]
[2019.10.31-18.25.30:515][  0]LogConfig: Setting CVar [[r.BloomQuality:5]]
[2019.10.31-18.25.30:515][  0]LogConfig: Setting CVar [[r.FastBlurThreshold:100]]
[2019.10.31-18.25.30:515][  0]LogConfig: Setting CVar [[r.Upscale.Quality:3]]
[2019.10.31-18.25.30:515][  0]LogConfig: Setting CVar [[r.Tonemapper.GrainQuantization:1]]
[2019.10.31-18.25.30:515][  0]LogConfig: Setting CVar [[r.LightShaftQuality:1]]
[2019.10.31-18.25.30:515][  0]LogConfig: Setting CVar [[r.Filter.SizeScale:1]]
[2019.10.31-18.25.30:515][  0]LogConfig: Setting CVar [[r.Tonemapper.Quality:5]]
[2019.10.31-18.25.30:515][  0]LogConfig: Setting CVar [[r.DOF.Gather.AccumulatorQuality:1        ; higher gathering accumulator quality]]
[2019.10.31-18.25.30:515][  0]LogConfig: Setting CVar [[r.DOF.Gather.PostfilterMethod:1          ; Median3x3 postfilering method]]
[2019.10.31-18.25.30:515][  0]LogConfig: Setting CVar [[r.DOF.Gather.EnableBokehSettings:0       ; no bokeh simulation when gathering]]
[2019.10.31-18.25.30:515][  0]LogConfig: Setting CVar [[r.DOF.Gather.RingCount:4                 ; medium number of samples when gathering]]
[2019.10.31-18.25.30:515][  0]LogConfig: Setting CVar [[r.DOF.Scatter.ForegroundCompositing:1    ; additive foreground scattering]]
[2019.10.31-18.25.30:515][  0]LogConfig: Setting CVar [[r.DOF.Scatter.BackgroundCompositing:2    ; additive background scattering]]
[2019.10.31-18.25.30:515][  0]LogConfig: Setting CVar [[r.DOF.Scatter.EnableBokehSettings:1      ; bokeh simulation when scattering]]
[2019.10.31-18.25.30:515][  0]LogConfig: Setting CVar [[r.DOF.Scatter.MaxSpriteRatio:0.1         ; only a maximum of 10% of scattered bokeh]]
[2019.10.31-18.25.30:515][  0]LogConfig: Setting CVar [[r.DOF.Recombine.Quality:1                ; cheap slight out of focus]]
[2019.10.31-18.25.30:515][  0]LogConfig: Setting CVar [[r.DOF.Recombine.EnableBokehSettings:0    ; no bokeh simulation on slight out of focus]]
[2019.10.31-18.25.30:516][  0]LogConfig: Setting CVar [[r.DOF.TemporalAAQuality:1                ; more stable temporal accumulation]]
[2019.10.31-18.25.30:516][  0]LogConfig: Setting CVar [[r.DOF.Kernel.MaxForegroundRadius:0.025]]
[2019.10.31-18.25.30:516][  0]LogConfig: Setting CVar [[r.DOF.Kernel.MaxBackgroundRadius:0.025]]
[2019.10.31-18.25.30:516][  0]LogConfig: Applying CVar settings from Section [TextureQuality@3] File [C:/Users/130163/Documents/Unreal Projects/CogCollectors/Saved/Config/Windows/Scalability.ini]
[2019.10.31-18.25.30:516][  0]LogConfig: Setting CVar [[r.Streaming.MipBias:0]]
[2019.10.31-18.25.30:516][  0]LogConfig: Setting CVar [[r.Streaming.AmortizeCPUToGPUCopy:0]]
[2019.10.31-18.25.30:516][  0]LogConfig: Setting CVar [[r.Streaming.MaxNumTexturesToStreamPerFrame:0]]
[2019.10.31-18.25.30:516][  0]LogConfig: Setting CVar [[r.Streaming.Boost:1]]
[2019.10.31-18.25.30:516][  0]LogConfig: Setting CVar [[r.MaxAnisotropy:8]]
[2019.10.31-18.25.30:516][  0]LogConfig: Setting CVar [[r.Streaming.LimitPoolSizeToVRAM:0]]
[2019.10.31-18.25.30:516][  0]LogConfig: Setting CVar [[r.Streaming.PoolSize:1000]]
[2019.10.31-18.25.30:516][  0]LogConfig: Setting CVar [[r.Streaming.MaxEffectiveScreenSize:0]]
[2019.10.31-18.25.30:516][  0]LogConfig: Applying CVar settings from Section [EffectsQuality@3] File [C:/Users/130163/Documents/Unreal Projects/CogCollectors/Saved/Config/Windows/Scalability.ini]
[2019.10.31-18.25.30:516][  0]LogConfig: Setting CVar [[r.TranslucencyLightingVolumeDim:64]]
[2019.10.31-18.25.30:516][  0]LogConfig: Setting CVar [[r.RefractionQuality:2]]
[2019.10.31-18.25.30:516][  0]LogConfig: Setting CVar [[r.SSR.Quality:3]]
[2019.10.31-18.25.30:516][  0]LogConfig: Setting CVar [[r.SceneColorFormat:4]]
[2019.10.31-18.25.30:516][  0]LogConfig: Setting CVar [[r.DetailMode:2]]
[2019.10.31-18.25.30:516][  0]LogConfig: Setting CVar [[r.TranslucencyVolumeBlur:1]]
[2019.10.31-18.25.30:516][  0]LogConfig: Setting CVar [[r.MaterialQualityLevel:1 ; High quality]]
[2019.10.31-18.25.30:516][  0]LogConfig: Setting CVar [[r.SSS.Scale:1]]
[2019.10.31-18.25.30:516][  0]LogConfig: Setting CVar [[r.SSS.SampleSet:2]]
[2019.10.31-18.25.30:516][  0]LogConfig: Setting CVar [[r.SSS.Quality:1]]
[2019.10.31-18.25.30:516][  0]LogConfig: Setting CVar [[r.SSS.HalfRes:1]]
[2019.10.31-18.25.30:516][  0]LogConfig: Setting CVar [[r.EmitterSpawnRateScale:1.0]]
[2019.10.31-18.25.30:516][  0]LogConfig: Setting CVar [[r.ParticleLightQuality:2]]
[2019.10.31-18.25.30:516][  0]LogConfig: Applying CVar settings from Section [FoliageQuality@3] File [C:/Users/130163/Documents/Unreal Projects/CogCollectors/Saved/Config/Windows/Scalability.ini]
[2019.10.31-18.25.30:516][  0]LogConfig: Setting CVar [[foliage.DensityScale:1.0]]
[2019.10.31-18.25.30:516][  0]LogConfig: Setting CVar [[grass.DensityScale:1.0]]
[2019.10.31-18.25.30:516][  0]LogInit: Selected Device Profile: [Windows]
[2019.10.31-18.25.30:516][  0]LogInit: Applying CVar settings loaded from the selected device profile: [Windows]
[2019.10.31-18.25.30:518][  0]LogHAL: Display: Platform has ~ 16 GB [16994705408 / 17179869184 / 16], which maps to Larger [LargestMinGB=32, LargerMinGB=12, DefaultMinGB=8, SmallerMinGB=6, SmallestMinGB=0)
[2019.10.31-18.25.30:518][  0]LogInit: Going up to parent DeviceProfile []
[2019.10.31-18.25.30:518][  0]LogConfig: Applying CVar settings from Section [ViewDistanceQuality@3] File [C:/Users/130163/Documents/Unreal Projects/CogCollectors/Saved/Config/Windows/Scalability.ini]
[2019.10.31-18.25.30:518][  0]LogConfig: Setting CVar [[r.SkeletalMeshLODBias:0]]
[2019.10.31-18.25.30:518][  0]LogConfig: Setting CVar [[r.ViewDistanceScale:1.0]]
[2019.10.31-18.25.30:518][  0]LogConfig: Applying CVar settings from Section [AntiAliasingQuality@3] File [C:/Users/130163/Documents/Unreal Projects/CogCollectors/Saved/Config/Windows/Scalability.ini]
[2019.10.31-18.25.30:518][  0]LogConfig: Setting CVar [[r.PostProcessAAQuality:4]]
[2019.10.31-18.25.30:518][  0]LogConfig: Applying CVar settings from Section [ShadowQuality@3] File [C:/Users/130163/Documents/Unreal Projects/CogCollectors/Saved/Config/Windows/Scalability.ini]
[2019.10.31-18.25.30:518][  0]LogConfig: Setting CVar [[r.LightFunctionQuality:1]]
[2019.10.31-18.25.30:518][  0]LogConfig: Setting CVar [[r.ShadowQuality:5]]
[2019.10.31-18.25.30:518][  0]LogConfig: Setting CVar [[r.Shadow.CSM.MaxCascades:10]]
[2019.10.31-18.25.30:518][  0]LogConfig: Setting CVar [[r.Shadow.MaxResolution:2048]]
[2019.10.31-18.25.30:518][  0]LogConfig: Setting CVar [[r.Shadow.MaxCSMResolution:2048]]
[2019.10.31-18.25.30:518][  0]LogConfig: Setting CVar [[r.Shadow.RadiusThreshold:0.01]]
[2019.10.31-18.25.30:518][  0]LogConfig: Setting CVar [[r.Shadow.DistanceScale:1.0]]
[2019.10.31-18.25.30:518][  0]LogConfig: Setting CVar [[r.Shadow.CSM.TransitionScale:1.0]]
[2019.10.31-18.25.30:518][  0]LogConfig: Setting CVar [[r.Shadow.PreShadowResolutionFactor:1.0]]
[2019.10.31-18.25.30:518][  0]LogConfig: Setting CVar [[r.DistanceFieldShadowing:1]]
[2019.10.31-18.25.30:518][  0]LogConfig: Setting CVar [[r.DistanceFieldAO:1]]
[2019.10.31-18.25.30:518][  0]LogConfig: Setting CVar [[r.AOQuality:2]]
[2019.10.31-18.25.30:518][  0]LogConfig: Setting CVar [[r.VolumetricFog:1]]
[2019.10.31-18.25.30:518][  0]LogConfig: Setting CVar [[r.VolumetricFog.GridPixelSize:8]]
[2019.10.31-18.25.30:518][  0]LogConfig: Setting CVar [[r.VolumetricFog.GridSizeZ:128]]
[2019.10.31-18.25.30:518][  0]LogConfig: Setting CVar [[r.VolumetricFog.HistoryMissSupersampleCount:4]]
[2019.10.31-18.25.30:518][  0]LogConfig: Setting CVar [[r.LightMaxDrawDistanceScale:1]]
[2019.10.31-18.25.30:518][  0]LogConfig: Setting CVar [[r.CapsuleShadows:1]]
[2019.10.31-18.25.30:518][  0]LogConfig: Applying CVar settings from Section [PostProcessQuality@3] File [C:/Users/130163/Documents/Unreal Projects/CogCollectors/Saved/Config/Windows/Scalability.ini]
[2019.10.31-18.25.30:518][  0]LogConfig: Setting CVar [[r.MotionBlurQuality:4]]
[2019.10.31-18.25.30:518][  0]LogConfig: Setting CVar [[r.AmbientOcclusionMipLevelFactor:0.4]]
[2019.10.31-18.25.30:518][  0]LogConfig: Setting CVar [[r.AmbientOcclusionMaxQuality:100]]
[2019.10.31-18.25.30:518][  0]LogConfig: Setting CVar [[r.AmbientOcclusionLevels:-1]]
[2019.10.31-18.25.30:518][  0]LogConfig: Setting CVar [[r.AmbientOcclusionRadiusScale:1.0]]
[2019.10.31-18.25.30:518][  0]LogConfig: Setting CVar [[r.DepthOfFieldQuality:2]]
[2019.10.31-18.25.30:518][  0]LogConfig: Setting CVar [[r.RenderTargetPoolMin:400]]
[2019.10.31-18.25.30:518][  0]LogConfig: Setting CVar [[r.LensFlareQuality:2]]
[2019.10.31-18.25.30:518][  0]LogConfig: Setting CVar [[r.SceneColorFringeQuality:1]]
[2019.10.31-18.25.30:518][  0]LogConfig: Setting CVar [[r.EyeAdaptationQuality:2]]
[2019.10.31-18.25.30:518][  0]LogConfig: Setting CVar [[r.BloomQuality:5]]
[2019.10.31-18.25.30:518][  0]LogConfig: Setting CVar [[r.FastBlurThreshold:100]]
[2019.10.31-18.25.30:518][  0]LogConfig: Setting CVar [[r.Upscale.Quality:3]]
[2019.10.31-18.25.30:518][  0]LogConfig: Setting CVar [[r.Tonemapper.GrainQuantization:1]]
[2019.10.31-18.25.30:518][  0]LogConfig: Setting CVar [[r.LightShaftQuality:1]]
[2019.10.31-18.25.30:518][  0]LogConfig: Setting CVar [[r.Filter.SizeScale:1]]
[2019.10.31-18.25.30:518][  0]LogConfig: Setting CVar [[r.Tonemapper.Quality:5]]
[2019.10.31-18.25.30:519][  0]LogConfig: Setting CVar [[r.DOF.Gather.AccumulatorQuality:1        ; higher gathering accumulator quality]]
[2019.10.31-18.25.30:519][  0]LogConfig: Setting CVar [[r.DOF.Gather.PostfilterMethod:1          ; Median3x3 postfilering method]]
[2019.10.31-18.25.30:519][  0]LogConfig: Setting CVar [[r.DOF.Gather.EnableBokehSettings:0       ; no bokeh simulation when gathering]]
[2019.10.31-18.25.30:519][  0]LogConfig: Setting CVar [[r.DOF.Gather.RingCount:4                 ; medium number of samples when gathering]]
[2019.10.31-18.25.30:519][  0]LogConfig: Setting CVar [[r.DOF.Scatter.ForegroundCompositing:1    ; additive foreground scattering]]
[2019.10.31-18.25.30:519][  0]LogConfig: Setting CVar [[r.DOF.Scatter.BackgroundCompositing:2    ; additive background scattering]]
[2019.10.31-18.25.30:519][  0]LogConfig: Setting CVar [[r.DOF.Scatter.EnableBokehSettings:1      ; bokeh simulation when scattering]]
[2019.10.31-18.25.30:519][  0]LogConfig: Setting CVar [[r.DOF.Scatter.MaxSpriteRatio:0.1         ; only a maximum of 10% of scattered bokeh]]
[2019.10.31-18.25.30:519][  0]LogConfig: Setting CVar [[r.DOF.Recombine.Quality:1                ; cheap slight out of focus]]
[2019.10.31-18.25.30:519][  0]LogConfig: Setting CVar [[r.DOF.Recombine.EnableBokehSettings:0    ; no bokeh simulation on slight out of focus]]
[2019.10.31-18.25.30:519][  0]LogConfig: Setting CVar [[r.DOF.TemporalAAQuality:1                ; more stable temporal accumulation]]
[2019.10.31-18.25.30:519][  0]LogConfig: Setting CVar [[r.DOF.Kernel.MaxForegroundRadius:0.025]]
[2019.10.31-18.25.30:519][  0]LogConfig: Setting CVar [[r.DOF.Kernel.MaxBackgroundRadius:0.025]]
[2019.10.31-18.25.30:519][  0]LogConfig: Applying CVar settings from Section [TextureQuality@3] File [C:/Users/130163/Documents/Unreal Projects/CogCollectors/Saved/Config/Windows/Scalability.ini]
[2019.10.31-18.25.30:519][  0]LogConfig: Setting CVar [[r.Streaming.MipBias:0]]
[2019.10.31-18.25.30:519][  0]LogConfig: Setting CVar [[r.Streaming.AmortizeCPUToGPUCopy:0]]
[2019.10.31-18.25.30:519][  0]LogConfig: Setting CVar [[r.Streaming.MaxNumTexturesToStreamPerFrame:0]]
[2019.10.31-18.25.30:519][  0]LogConfig: Setting CVar [[r.Streaming.Boost:1]]
[2019.10.31-18.25.30:519][  0]LogConfig: Setting CVar [[r.MaxAnisotropy:8]]
[2019.10.31-18.25.30:519][  0]LogConfig: Setting CVar [[r.Streaming.LimitPoolSizeToVRAM:0]]
[2019.10.31-18.25.30:519][  0]LogConfig: Setting CVar [[r.Streaming.PoolSize:1000]]
[2019.10.31-18.25.30:519][  0]LogConfig: Setting CVar [[r.Streaming.MaxEffectiveScreenSize:0]]
[2019.10.31-18.25.30:519][  0]LogConfig: Applying CVar settings from Section [EffectsQuality@3] File [C:/Users/130163/Documents/Unreal Projects/CogCollectors/Saved/Config/Windows/Scalability.ini]
[2019.10.31-18.25.30:519][  0]LogConfig: Setting CVar [[r.TranslucencyLightingVolumeDim:64]]
[2019.10.31-18.25.30:519][  0]LogConfig: Setting CVar [[r.RefractionQuality:2]]
[2019.10.31-18.25.30:519][  0]LogConfig: Setting CVar [[r.SSR.Quality:3]]
[2019.10.31-18.25.30:519][  0]LogConfig: Setting CVar [[r.SceneColorFormat:4]]
[2019.10.31-18.25.30:519][  0]LogConfig: Setting CVar [[r.DetailMode:2]]
[2019.10.31-18.25.30:519][  0]LogConfig: Setting CVar [[r.TranslucencyVolumeBlur:1]]
[2019.10.31-18.25.30:519][  0]LogConfig: Setting CVar [[r.MaterialQualityLevel:1 ; High quality]]
[2019.10.31-18.25.30:519][  0]LogConfig: Setting CVar [[r.SSS.Scale:1]]
[2019.10.31-18.25.30:519][  0]LogConfig: Setting CVar [[r.SSS.SampleSet:2]]
[2019.10.31-18.25.30:519][  0]LogConfig: Setting CVar [[r.SSS.Quality:1]]
[2019.10.31-18.25.30:519][  0]LogConfig: Setting CVar [[r.SSS.HalfRes:1]]
[2019.10.31-18.25.30:519][  0]LogConfig: Setting CVar [[r.EmitterSpawnRateScale:1.0]]
[2019.10.31-18.25.30:519][  0]LogConfig: Setting CVar [[r.ParticleLightQuality:2]]
[2019.10.31-18.25.30:519][  0]LogConfig: Applying CVar settings from Section [FoliageQuality@3] File [C:/Users/130163/Documents/Unreal Projects/CogCollectors/Saved/Config/Windows/Scalability.ini]
[2019.10.31-18.25.30:519][  0]LogConfig: Setting CVar [[foliage.DensityScale:1.0]]
[2019.10.31-18.25.30:519][  0]LogConfig: Setting CVar [[grass.DensityScale:1.0]]
[2019.10.31-18.25.30:519][  0]LogConfig: Applying CVar settings from Section [Startup] File [../../../Engine/Config/ConsoleVariables.ini]
[2019.10.31-18.25.30:519][  0]LogConfig: Setting CVar [[net.UseAdaptiveNetUpdateFrequency:0]]
[2019.10.31-18.25.30:519][  0]LogConfig: Setting CVar [[p.chaos.AllowCreatePhysxBodies:1]]
[2019.10.31-18.25.30:519][  0]LogConfig: Applying CVar settings from Section [ConsoleVariables] File [C:/Users/130163/Documents/Unreal Projects/CogCollectors/Saved/Config/Windows/Engine.ini]
[2019.10.31-18.25.30:519][  0]LogInit: Computer: CAIT-02-115-21
[2019.10.31-18.25.30:519][  0]LogInit: User: 130163
[2019.10.31-18.25.30:519][  0]LogInit: CPU Page size=4096, Cores=6
[2019.10.31-18.25.30:519][  0]LogInit: High frequency timer resolution =2.929691 MHz
[2019.10.31-18.25.30:519][  0]LogMemory: Memory total: Physical=15.8GB (16GB approx)
[2019.10.31-18.25.30:519][  0]LogMemory: Platform Memory Stats for Windows
[2019.10.31-18.25.30:519][  0]LogMemory: Process Physical Memory: 99.61 MB used, 99.61 MB peak
[2019.10.31-18.25.30:519][  0]LogMemory: Process Virtual Memory: 88.05 MB used, 88.05 MB peak
[2019.10.31-18.25.30:519][  0]LogMemory: Physical Memory: 4487.38 MB used,  11720.04 MB free, 16207.41 MB total
[2019.10.31-18.25.30:519][  0]LogMemory: Virtual Memory: 4663.82 MB used,  134213064.00 MB free, 134217728.00 MB total
[2019.10.31-18.25.30:521][  0]LogWindows: WindowsPlatformFeatures enabled
[2019.10.31-18.25.30:541][  0]LogInit: Using OS detected language (en-US).
[2019.10.31-18.25.30:541][  0]LogInit: Using OS detected locale (en-US).
[2019.10.31-18.25.30:542][  0]LogTextLocalizationManager: No specific localization for 'en-US' exists, so the 'en' localization will be used.
[2019.10.31-18.25.30:678][  0]LogInit: Setting process to per monitor DPI aware
[2019.10.31-18.25.30:708][  0]LogSlate: New Slate User Created.  User Index 0, Is Virtual User: 0
[2019.10.31-18.25.30:708][  0]LogSlate: Slate User Registered.  User Index 0, Is Virtual User: 0
[2019.10.31-18.25.30:850][  0]LogHMD: Failed to initialize OpenVR with code 110
[2019.10.31-18.25.30:850][  0]LogD3D11RHI: D3D11 adapters:
[2019.10.31-18.25.30:862][  0]LogD3D11RHI:    0. 'Intel(R) UHD Graphics 630' (Feature Level 11_0)
[2019.10.31-18.25.30:862][  0]LogD3D11RHI:       128/0/8103 MB DedicatedVideo/DedicatedSystem/SharedSystem, Outputs:1, VendorId:0x8086
[2019.10.31-18.25.32:145][  0]LogD3D11RHI:    1. 'AMD Radeon RX 550' (Feature Level 11_0)
[2019.10.31-18.25.32:145][  0]LogD3D11RHI:       4042/0/8103 MB DedicatedVideo/DedicatedSystem/SharedSystem, Outputs:0, VendorId:0x1002
[2019.10.31-18.25.32:148][  0]LogD3D11RHI:    2. 'Microsoft Basic Render Driver' (Feature Level 11_0)
[2019.10.31-18.25.32:148][  0]LogD3D11RHI:       0/0/8103 MB DedicatedVideo/DedicatedSystem/SharedSystem, Outputs:0, VendorId:0x1414
[2019.10.31-18.25.32:148][  0]LogD3D11RHI: Chosen D3D11 Adapter: 1
[2019.10.31-18.25.32:154][  0]LogD3D11RHI: Creating new Direct3DDevice
[2019.10.31-18.25.32:154][  0]LogD3D11RHI:     GPU DeviceId: 0x699f (for the marketing name, search the web for "GPU Device Id")
[2019.10.31-18.25.32:154][  0]LogWindows: EnumDisplayDevices:
[2019.10.31-18.25.32:154][  0]LogWindows:    0. 'Intel(R) UHD Graphics 630' (P:1 D:1)
[2019.10.31-18.25.32:154][  0]LogWindows:    1. 'Intel(R) UHD Graphics 630' (P:0 D:0)
[2019.10.31-18.25.32:154][  0]LogWindows:    2. 'Intel(R) UHD Graphics 630' (P:0 D:0)
[2019.10.31-18.25.32:154][  0]LogWindows:    3. 'AMD Radeon RX 550' (P:0 D:0)
[2019.10.31-18.25.32:155][  0]LogWindows:    4. 'AMD Radeon RX 550' (P:0 D:0)
[2019.10.31-18.25.32:155][  0]LogWindows:    5. 'AMD Radeon RX 550' (P:0 D:0)
[2019.10.31-18.25.32:155][  0]LogWindows:    6. 'AMD Radeon RX 550' (P:0 D:0)
[2019.10.31-18.25.32:155][  0]LogWindows:    7. 'AMD Radeon RX 550' (P:0 D:0)
[2019.10.31-18.25.32:156][  0]LogWindows:    8. 'AMD Radeon RX 550' (P:0 D:0)
[2019.10.31-18.25.32:156][  0]LogWindows:    9. 'AMD Radeon RX 550' (P:0 D:0)
[2019.10.31-18.25.32:156][  0]LogWindows:    10. 'AMD Radeon RX 550' (P:0 D:0)
[2019.10.31-18.25.32:156][  0]LogWindows:    11. 'AMD Radeon RX 550' (P:0 D:0)
[2019.10.31-18.25.32:157][  0]LogWindows:    12. 'AMD Radeon RX 550' (P:0 D:0)
[2019.10.31-18.25.32:157][  0]LogWindows:    13. 'AMD Radeon RX 550' (P:0 D:0)
[2019.10.31-18.25.32:157][  0]LogWindows:    14. 'AMD Radeon RX 550' (P:0 D:0)
[2019.10.31-18.25.32:157][  0]LogWindows:    15. 'AMD Radeon RX 550' (P:0 D:0)
[2019.10.31-18.25.32:158][  0]LogWindows:    16. 'AMD Radeon RX 550' (P:0 D:0)
[2019.10.31-18.25.32:158][  0]LogWindows:    17. 'AMD Radeon RX 550' (P:0 D:0)
[2019.10.31-18.25.32:158][  0]LogWindows:    18. 'AMD Radeon RX 550' (P:0 D:0)
[2019.10.31-18.25.32:158][  0]LogWindows:    19. 'mv video hook driver2' (P:0 D:0)
[2019.10.31-18.25.32:158][  0]LogWindows: DebugString: PrimaryIsNotTheChoosenAdapter PrimaryIsNotTheChoosenAdapter PrimaryIsNotTheChoosenAdapter GetVideoDriverDetailsInvalid PrimaryIsNotTheChoosenAdapter FoundDriverCount:16 
[2019.10.31-18.25.32:158][  0]LogD3D11RHI:     Adapter Name: AMD Radeon RX 550
[2019.10.31-18.25.32:158][  0]LogD3D11RHI:   Driver Version: Adrenalin 17.12 (internal:24.20.11016.4, unified:24.20.11016.4)
[2019.10.31-18.25.32:158][  0]LogD3D11RHI:      Driver Date: 5-16-2018
[2019.10.31-18.25.32:158][  0]LogRHI: Texture pool is 2829 MB (70% of 4042 MB)
[2019.10.31-18.25.32:228][  0]LogD3D11RHI: Async texture creation enabled
[2019.10.31-18.25.32:239][  0]LogD3D11RHI: GPU Timing Frequency: 25.000000 (Debug: 2 1)
[2019.10.31-18.25.32:468][  0]LogTemp: Display: Module 'AllDesktopTargetPlatform' loaded TargetPlatform 'AllDesktop'
[2019.10.31-18.25.32:475][  0]LogTemp: Display: Module 'MacClientTargetPlatform' loaded TargetPlatform 'MacClient'
[2019.10.31-18.25.32:483][  0]LogTemp: Display: Module 'MacNoEditorTargetPlatform' loaded TargetPlatform 'MacNoEditor'
[2019.10.31-18.25.32:491][  0]LogTemp: Display: Module 'MacServerTargetPlatform' loaded TargetPlatform 'MacServer'
[2019.10.31-18.25.32:498][  0]LogTemp: Display: Module 'MacTargetPlatform' loaded TargetPlatform 'Mac'
[2019.10.31-18.25.32:506][  0]LogTemp: Display: Module 'WindowsClientTargetPlatform' loaded TargetPlatform 'WindowsClient'
[2019.10.31-18.25.32:514][  0]LogTemp: Display: Module 'WindowsNoEditorTargetPlatform' loaded TargetPlatform 'WindowsNoEditor'
[2019.10.31-18.25.32:521][  0]LogTemp: Display: Module 'WindowsServerTargetPlatform' loaded TargetPlatform 'WindowsServer'
[2019.10.31-18.25.32:524][  0]LogTemp: Display: Module 'WindowsTargetPlatform' loaded TargetPlatform 'Windows'
[2019.10.31-18.25.32:551][  0]LogTemp: Display: Module 'AndroidTargetPlatform' loaded TargetPlatform 'Android'
[2019.10.31-18.25.32:551][  0]LogTemp: Display: Module 'AndroidTargetPlatform' loaded TargetPlatform 'Android_ASTC'
[2019.10.31-18.25.32:551][  0]LogTemp: Display: Module 'AndroidTargetPlatform' loaded TargetPlatform 'Android_ATC'
[2019.10.31-18.25.32:551][  0]LogTemp: Display: Module 'AndroidTargetPlatform' loaded TargetPlatform 'Android_DXT'
[2019.10.31-18.25.32:551][  0]LogTemp: Display: Module 'AndroidTargetPlatform' loaded TargetPlatform 'Android_ETC1'
[2019.10.31-18.25.32:551][  0]LogTemp: Display: Module 'AndroidTargetPlatform' loaded TargetPlatform 'Android_ETC1a'
[2019.10.31-18.25.32:551][  0]LogTemp: Display: Module 'AndroidTargetPlatform' loaded TargetPlatform 'Android_ETC2'
[2019.10.31-18.25.32:551][  0]LogTemp: Display: Module 'AndroidTargetPlatform' loaded TargetPlatform 'Android_PVRTC'
[2019.10.31-18.25.32:551][  0]LogTemp: Display: Module 'AndroidTargetPlatform' loaded TargetPlatform 'AndroidClient'
[2019.10.31-18.25.32:551][  0]LogTemp: Display: Module 'AndroidTargetPlatform' loaded TargetPlatform 'Android_ASTCClient'
[2019.10.31-18.25.32:551][  0]LogTemp: Display: Module 'AndroidTargetPlatform' loaded TargetPlatform 'Android_ATCClient'
[2019.10.31-18.25.32:551][  0]LogTemp: Display: Module 'AndroidTargetPlatform' loaded TargetPlatform 'Android_DXTClient'
[2019.10.31-18.25.32:551][  0]LogTemp: Display: Module 'AndroidTargetPlatform' loaded TargetPlatform 'Android_ETC1Client'
[2019.10.31-18.25.32:551][  0]LogTemp: Display: Module 'AndroidTargetPlatform' loaded TargetPlatform 'Android_ETC1aClient'
[2019.10.31-18.25.32:551][  0]LogTemp: Display: Module 'AndroidTargetPlatform' loaded TargetPlatform 'Android_ETC2Client'
[2019.10.31-18.25.32:551][  0]LogTemp: Display: Module 'AndroidTargetPlatform' loaded TargetPlatform 'Android_PVRTCClient'
[2019.10.31-18.25.32:551][  0]LogTemp: Display: Module 'AndroidTargetPlatform' loaded TargetPlatform 'Android_Multi'
[2019.10.31-18.25.32:551][  0]LogTemp: Display: Module 'AndroidTargetPlatform' loaded TargetPlatform 'Android_MultiClient'
[2019.10.31-18.25.32:552][  0]LogTemp: Display: Module 'HTML5TargetPlatform' loaded TargetPlatform 'HTML5'
[2019.10.31-18.25.32:567][  0]LogTemp: Display: Module 'IOSTargetPlatform' loaded TargetPlatform 'IOSClient'
[2019.10.31-18.25.32:567][  0]LogTemp: Display: Module 'IOSTargetPlatform' loaded TargetPlatform 'IOS'
[2019.10.31-18.25.32:578][  0]LogTemp: Display: Module 'TVOSTargetPlatform' loaded TargetPlatform 'TVOSClient'
[2019.10.31-18.25.32:578][  0]LogTemp: Display: Module 'TVOSTargetPlatform' loaded TargetPlatform 'TVOS'
[2019.10.31-18.25.32:584][  0]LogTemp: Display: Module 'LinuxClientTargetPlatform' loaded TargetPlatform 'LinuxClient'
[2019.10.31-18.25.32:590][  0]LogTemp: Display: Module 'LinuxNoEditorTargetPlatform' loaded TargetPlatform 'LinuxNoEditor'
[2019.10.31-18.25.32:595][  0]LogTemp: Display: Module 'LinuxServerTargetPlatform' loaded TargetPlatform 'LinuxServer'
[2019.10.31-18.25.32:601][  0]LogTemp: Display: Module 'LinuxTargetPlatform' loaded TargetPlatform 'Linux'
[2019.10.31-18.25.32:620][  0]LogTemp: Display: Module 'LuminTargetPlatform' loaded TargetPlatform 'Lumin'
[2019.10.31-18.25.32:620][  0]LogTemp: Display: Module 'LuminTargetPlatform' loaded TargetPlatform 'LuminClient'
[2019.10.31-18.25.32:620][  0]LogTargetPlatformManager: Display: Building Assets For Windows
[2019.10.31-18.25.32:629][  0]LogAudioDebug: Display: Lib vorbis DLL was dynamically loaded.
[2019.10.31-18.25.32:678][  0]LogShaderCompilers: Guid format shader working directory is -7 characters bigger than the processId version (../../../../../Documents/Unreal Projects/CogCollectors/Intermediate/Shaders/WorkingDirectory/3692/).
[2019.10.31-18.25.32:679][  0]LogShaderCompilers: Cleaned the shader compiler working directory 'C:/Users/130163/AppData/Local/Temp/UnrealShaderWorkingDir/9438F7FA4C607DBF1DB69CAB136A32CE/'.
[2019.10.31-18.25.32:681][  0]LogXGEController: Cannot use XGE Controller as Incredibuild is not installed on this machine.
[2019.10.31-18.25.32:681][  0]LogShaderCompilers: Cannot use XGE Shader Compiler as Incredibuild is not installed on this machine.
[2019.10.31-18.25.32:681][  0]LogShaderCompilers: Display: Using Local Shader Compiler.
[2019.10.31-18.25.33:188][  0]LogDerivedDataCache: Display: Max Cache Size: 512 MB
[2019.10.31-18.25.33:229][  0]LogDerivedDataCache: Loaded boot cache 0.04s 73MB C:/Users/130163/AppData/Local/UnrealEngine/4.23/DerivedDataCache/Boot.ddc.
[2019.10.31-18.25.33:230][  0]LogDerivedDataCache: Display: Loaded Boot cache: C:/Users/130163/AppData/Local/UnrealEngine/4.23/DerivedDataCache/Boot.ddc
[2019.10.31-18.25.33:230][  0]LogDerivedDataCache: FDerivedDataBackendGraph:  Pak pak cache file ../../../../../Documents/Unreal Projects/CogCollectors/DerivedDataCache/DDC.ddp not found, will not use a pak cache.
[2019.10.31-18.25.33:230][  0]LogDerivedDataCache: Unable to find inner node Pak for hierarchical cache Hierarchy.
[2019.10.31-18.25.33:230][  0]LogDerivedDataCache: FDerivedDataBackendGraph:  CompressedPak pak cache file ../../../../../Documents/Unreal Projects/CogCollectors/DerivedDataCache/Compressed.ddp not found, will not use a pak cache.
[2019.10.31-18.25.33:230][  0]LogDerivedDataCache: Unable to find inner node CompressedPak for hierarchical cache Hierarchy.
[2019.10.31-18.25.33:239][  0]LogDerivedDataCache: Display: Pak cache opened for reading ../../../Engine/DerivedDataCache/Compressed.ddp.
[2019.10.31-18.25.33:239][  0]LogDerivedDataCache: FDerivedDataBackendGraph:  EnterprisePak pak cache file ../../../Enterprise/DerivedDataCache/Compressed.ddp not found, will not use a pak cache.
[2019.10.31-18.25.33:239][  0]LogDerivedDataCache: Unable to find inner node EnterprisePak for hierarchical cache Hierarchy.
[2019.10.31-18.25.33:240][  0]LogDerivedDataCache: Using Local data cache path C:/Users/130163/AppData/Local/UnrealEngine/Common/DerivedDataCache: Writable
[2019.10.31-18.25.33:240][  0]LogDerivedDataCache: Shared data cache path not found in *engine.ini, will not use an Shared cache.
[2019.10.31-18.25.33:240][  0]LogDerivedDataCache: Unable to find inner node Shared for hierarchical cache Hierarchy.
[2019.10.31-18.25.33:257][  0]LogMaterial: Verifying Global Shaders for PCD3D_SM5
[2019.10.31-18.25.33:260][  0]LogSlate: Using FreeType 2.6.0
[2019.10.31-18.25.33:260][  0]LogSlate: SlateFontServices - WITH_FREETYPE: 1, WITH_HARFBUZZ: 1
[2019.10.31-18.25.33:305][  0]LogAssetRegistry: FAssetRegistry took 0.0020 seconds to start up
[2019.10.31-18.25.33:514][  0]LogInit: Selected Device Profile: [Windows]
[2019.10.31-18.25.33:636][  0]LogMeshReduction: Using QuadricMeshReduction for automatic static mesh reduction
[2019.10.31-18.25.33:636][  0]LogMeshReduction: Using SimplygonMeshReduction for automatic skeletal mesh reduction
[2019.10.31-18.25.33:636][  0]LogMeshReduction: Using ProxyLODMeshReduction for automatic mesh merging
[2019.10.31-18.25.33:636][  0]LogMeshReduction: No distributed automatic mesh merging module available
[2019.10.31-18.25.33:636][  0]LogMeshMerging: No distributed automatic mesh merging module available
[2019.10.31-18.25.33:643][  0]LogNetVersion: CogCollectors 1.0.0, NetCL: 8386587, EngineNetVer: 11, GameNetVer: 0 (Checksum: 1308719714)
[2019.10.31-18.25.34:001][  0]LogPackageLocalizationCache: Processed 12 localized package path(s) for 1 prioritized culture(s) in 0.047644 seconds
[2019.10.31-18.25.34:006][  0]LogUObjectArray: 43444 objects as part of root set at end of initial load.
[2019.10.31-18.25.34:006][  0]LogUObjectAllocator: 7548648 out of 0 bytes used by permanent object pool.
[2019.10.31-18.25.34:006][  0]LogUObjectArray: CloseDisregardForGC: 0/0 objects in disregard for GC pool
[2019.10.31-18.25.34:755][  0]LogTcpMessaging: Initializing TcpMessaging bridge
[2019.10.31-18.25.34:757][  0]LogUdpMessaging: Initializing bridge on interface 0.0.0.0:0 to multicast group 230.0.0.1:6666.
[2019.10.31-18.25.34:802][  0]SourceControl: Source control is disabled
[2019.10.31-18.25.34:802][  0]SourceControl: Source control is disabled
[2019.10.31-18.25.34:804][  0]SourceControl: Source control is disabled
[2019.10.31-18.25.34:805][  0]SourceControl: Source control is disabled
[2019.10.31-18.25.34:878][  0]LogAndroidPermission: UAndroidPermissionCallbackProxy::GetInstance
[2019.10.31-18.25.34:998][  0]LogOcInput: OculusInput pre-init called
[2019.10.31-18.25.35:004][  0]LogWindows: Failed to load 'OVRPlugin.dll' (GetLastError=126)
[2019.10.31-18.25.35:004][  0]LogWindows: File 'OVRPlugin.dll' does not exist
[2019.10.31-18.25.35:063][  0]LogEngine: Initializing Engine...
[2019.10.31-18.25.35:063][  0]LogHMD: Failed to initialize OpenVR with code 110
[2019.10.31-18.25.35:064][  0]LogStats: UGameplayTagsManager::InitializeManager -  0.000 s
[2019.10.31-18.25.35:244][  0]LogInit: Initializing FReadOnlyCVARCache
[2019.10.31-18.25.35:257][  0]LogAIModule: Creating AISystem for world Untitled
[2019.10.31-18.25.35:303][  0]LogInit: XAudio2 using 'Speakers/Headphones (Realtek(R) Audio)' : 2 channels at 48 kHz using 32 bits per sample (channel mask 0x3)
[2019.10.31-18.25.35:561][  0]LogInit: FAudioDevice initialized.
[2019.10.31-18.25.35:561][  0]LogNetVersion: Set ProjectVersion to 1.0.0.0. Version Checksum will be recalculated on next use.
[2019.10.31-18.25.35:643][  0]LogDerivedDataCache: Saved boot cache 0.08s 73MB C:/Users/130163/AppData/Local/UnrealEngine/4.23/DerivedDataCache/Boot.ddc.
[2019.10.31-18.25.35:652][  0]LogInit: Texture streaming: Enabled
[2019.10.31-18.25.35:668][  0]LogEngineSessionManager: EngineSessionManager initialized
[2019.10.31-18.25.35:668][  0]LogEditorSessionSummary: Verbose: Initializing EditorSessionSummaryWriter for editor session tracking
[2019.10.31-18.25.35:669][  0]LogEditorSessionSummary: EditorSessionSummaryWriter initialized
[2019.10.31-18.25.35:716][  0]LogInit: Transaction tracking system initialized
[2019.10.31-18.25.35:747][  0]BlueprintLog: New page: Editor Load
[2019.10.31-18.25.35:822][  0]LocalizationService: Localization service is disabled
[2019.10.31-18.25.36:028][  0]LogFileCache: Scanning file cache for directory 'C:/Users/130163/Documents/Unreal Projects/CogCollectors/Content/' took 0.01s
[2019.10.31-18.25.36:028][  0]LogCook: Display: Max memory allowance for cook 16384mb min free memory 0mb
[2019.10.31-18.25.36:028][  0]LogCook: Display: Mobile HDR setting 1
[2019.10.31-18.25.36:193][  0]SourceControl: Source control is disabled
[2019.10.31-18.25.36:193][  0]Cmd: MAP LOAD FILE="../../../../../Documents/Unreal Projects/CogCollectors/Content/ThirdPersonBP/Maps/ThirdPersonExampleMap.umap" TEMPLATE=0 SHOWPROGRESS=1 FEATURELEVEL=3
[2019.10.31-18.25.36:197][  0]LightingResults: New page: Lighting Build
[2019.10.31-18.25.36:200][  0]LogWorld: UWorld::CleanupWorld for Untitled, bSessionEnded=true, bCleanupResources=true
[2019.10.31-18.25.36:200][  0]MapCheck: New page: Map Check
[2019.10.31-18.25.36:200][  0]LightingResults: New page: Lighting Build
[2019.10.31-18.25.36:224][  0]LogUObjectHash: Compacting FUObjectHashTables data took   1.33ms
[2019.10.31-18.25.36:570][  0]LogAIModule: Creating AISystem for world ThirdPersonExampleMap
[2019.10.31-18.25.36:588][  0]LogEditorServer: Finished looking for orphan Actors (0.000 secs)
[2019.10.31-18.25.36:613][  0]LogUObjectHash: Compacting FUObjectHashTables data took   1.68ms
[2019.10.31-18.25.36:613][  0]Cmd: MAP CHECKDEP NOCLEARLOG
[2019.10.31-18.25.36:613][  0]MapCheck: Map check complete: 0 Error(s), 0 Warning(s), took 0.142ms to complete.
[2019.10.31-18.25.36:613][  0]LogFileHelpers: Loading map 'ThirdPersonExampleMap' took 0.420
[2019.10.31-18.25.36:709][  0]LogSlate: Updating window title bar state: overlay mode, drag disabled, window buttons hidden, title bar hidden
[2019.10.31-18.25.36:714][  0]LogSlate: Updating window title bar state: overlay mode, drag disabled, window buttons hidden, title bar hidden
[2019.10.31-18.25.36:721][  0]LogSlate: Updating window title bar state: overlay mode, drag disabled, window buttons hidden, title bar hidden
[2019.10.31-18.25.36:727][  0]LogSlate: Updating window title bar state: overlay mode, drag disabled, window buttons hidden, title bar hidden
[2019.10.31-18.25.36:737][  0]LogCollectionManager: Loaded 0 collections in 0.002045 seconds
[2019.10.31-18.25.36:742][  0]LogFileCache: Scanning file cache for directory 'C:/Users/130163/Documents/Unreal Projects/CogCollectors/Saved/Collections/' took 0.00s
[2019.10.31-18.25.36:742][  0]LogFileCache: Scanning file cache for directory 'C:/Users/130163/Documents/Unreal Projects/CogCollectors/Content/Developers/130163/Collections/' took 0.00s
[2019.10.31-18.25.36:742][  0]LogFileCache: Scanning file cache for directory 'C:/Users/130163/Documents/Unreal Projects/CogCollectors/Content/Collections/' took 0.00s
[2019.10.31-18.25.36:742][  0]LogCollectionManager: Rebuilt the GUID cache for 0 collections in 0.000001 seconds
[2019.10.31-18.25.36:748][  0]LogContentBrowser: Native class hierarchy populated in 0.0066 seconds. Added 2863 classes and 680 folders.
[2019.10.31-18.25.36:754][  0]LogContentBrowser: Native class hierarchy updated for 'WidgetCarousel' in 0.0002 seconds. Added 0 classes and 0 folders.
[2019.10.31-18.25.36:955][  0]LogContentBrowser: Native class hierarchy updated for 'AddContentDialog' in 0.0002 seconds. Added 0 classes and 0 folders.
[2019.10.31-18.25.36:960][  0]LogContentBrowser: Native class hierarchy updated for 'SceneOutliner' in 0.0002 seconds. Added 1 classes and 2 folders.
[2019.10.31-18.25.36:982][  0]LogSlate: Took 0.000128 seconds to synchronously load lazily loaded font '../../../Engine/Content/Slate/Fonts/Roboto-Regular.ttf' (155K)
[2019.10.31-18.25.36:984][  0]LogSlate: Took 0.000152 seconds to synchronously load lazily loaded font '../../../Engine/Content/Slate/Fonts/Roboto-Bold.ttf' (160K)
[2019.10.31-18.25.36:992][  0]LogSlate: Took 0.004023 seconds to synchronously load lazily loaded font '../../../Engine/Content/Editor/Slate/Fonts/FontAwesome.ttf' (139K)
[2019.10.31-18.25.37:091][  0]LogRenderer: Reallocating scene render targets to support 1128x572 Format 10 NumSamples 1 (Frame:1).
[2019.10.31-18.25.37:234][  0]LogSlate: FSceneViewport::OnFocusLost() reason 5
[2019.10.31-18.25.37:270][  0]LogSlate: Window 'Tutorials' being destroyed
[2019.10.31-18.25.37:282][  0]LogContentBrowser: Native class hierarchy updated for 'HierarchicalLODOutliner' in 0.0002 seconds. Added 0 classes and 0 folders.
[2019.10.31-18.25.37:282][  0]LogLoad: (Engine Initialization) Total time: 8.05 seconds
[2019.10.31-18.25.37:282][  0]LogLoad: (Engine Initialization) Total Blueprint compile time: 0.00 seconds
[2019.10.31-18.25.37:293][  0]LogWindowsTextInputMethodSystem: Display: IME system now deactivated.
[2019.10.31-18.25.37:339][  0]LogContentStreaming: Texture pool size now 1000 MB
[2019.10.31-18.25.37:360][  0]LogSlate: Took 0.003600 seconds to synchronously load lazily loaded font '../../../Engine/Content/Slate/Fonts/Roboto-Light.ttf' (167K)
[2019.10.31-18.25.37:431][  2]LogAssetRegistry: Asset discovery search completed in 4.1261 seconds
[2019.10.31-18.25.37:433][  2]LogCollectionManager: Rebuilt the object cache for 0 collections in 0.000006 seconds (found 0 objects)
[2019.10.31-18.25.37:434][  2]LogCollectionManager: Fixed up redirectors for 0 collections in 0.000054 seconds (updated 0 objects)
[2019.10.31-18.25.51:335][516]LogSlate: FSceneViewport::OnFocusLost() reason 0
[2019.10.31-18.25.56:654][ 80]LogSlate: Took 0.000155 seconds to synchronously load lazily loaded font '../../../Engine/Content/Slate/Fonts/Roboto-Light.ttf' (167K)
[2019.10.31-18.25.59:176][ 80]LogAIModule: Creating AISystem for world TutorialLevel
[2019.10.31-18.25.59:198][ 80]PIE: Warning: AttachTo: '/Game/2222/TutorialLevel.TutorialLevel:PersistentLevel.FbxScene_gearrrrrrrrrrrrr.DefaultSceneRoot' is not static  (in blueprint "FbxScene_gearrrrrrrrrrrrr"), cannot attach '/Game/2222/TutorialLevel.TutorialLevel:PersistentLevel.FbxScene_gearrrrrrrrrrrrr.DefaultSceneRoot1' which is static to it. Aborting.
[2019.10.31-18.25.59:259][ 80]LogAssetEditorManager: Opening Asset editor for World /Game/2222/TutorialLevel.TutorialLevel
[2019.10.31-18.25.59:283][ 80]LogUObjectHash: Compacting FUObjectHashTables data took   1.83ms
[2019.10.31-18.25.59:284][ 80]Cmd: MAP LOAD FILE="../../../../../Documents/Unreal Projects/CogCollectors/Content/2222/TutorialLevel.umap" TEMPLATE=0 SHOWPROGRESS=1 FEATURELEVEL=3
[2019.10.31-18.25.59:284][ 80]LightingResults: New page: Lighting Build
[2019.10.31-18.25.59:284][ 80]LoadErrors: New page: Loading map: TutorialLevel.umap
[2019.10.31-18.25.59:285][ 80]LogWorld: UWorld::CleanupWorld for ThirdPersonExampleMap, bSessionEnded=true, bCleanupResources=true
[2019.10.31-18.25.59:285][ 80]MapCheck: New page: Map Check
[2019.10.31-18.25.59:285][ 80]LightingResults: New page: Lighting Build
[2019.10.31-18.25.59:309][ 80]LogUObjectHash: Compacting FUObjectHashTables data took   1.60ms
[2019.10.31-18.26.10:775][ 80]PIE: Warning: AttachTo: '/Game/2222/TutorialLevel.TutorialLevel:PersistentLevel.FbxScene_gearrrrrrrrrrrrr.DefaultSceneRoot' is not static  (in blueprint "FbxScene_gearrrrrrrrrrrrr"), cannot attach '/Game/2222/TutorialLevel.TutorialLevel:PersistentLevel.FbxScene_gearrrrrrrrrrrrr.DefaultSceneRoot1' which is static to it. Aborting.
[2019.10.31-18.26.10:784][ 80]LogEditorServer: Finished looking for orphan Actors (0.000 secs)
[2019.10.31-18.26.10:869][ 80]LogUObjectHash: Compacting FUObjectHashTables data took   1.41ms
[2019.10.31-18.26.10:888][ 80]Cmd: MAP CHECKDEP NOCLEARLOG
[2019.10.31-18.26.10:888][ 80]MapCheck: Map check complete: 0 Error(s), 0 Warning(s), took 0.107ms to complete.
[2019.10.31-18.26.10:888][ 80]LogFileHelpers: Loading map 'TutorialLevel' took 11.605
[2019.10.31-18.26.20:105][369]LogEditorViewport: Clicking on Actor (LMB): StaticMeshActor (Wall10)
[2019.10.31-18.26.20:798][419]LogEditorViewport: Clicking on Actor (LMB): StaticMeshActor (Wall10)
[2019.10.31-18.26.21:480][475]LogEditorViewport: Clicking on Actor (LMB): StaticMeshActor (Wall10)
[2019.10.31-18.26.22:140][529]LogEditorViewport: Clicking on Actor (LMB): StaticMeshActor (Wall10)
[2019.10.31-18.26.22:624][568]LogEditorViewport: Clicking on Actor (LMB): StaticMeshActor (Wall10)
[2019.10.31-18.26.25:764][815]LogEditorViewport: Clicking on Actor (LMB): StaticMeshActor (SM_Rock3)
[2019.10.31-18.26.26:484][864]LogEditorViewport: Clicking on Actor (LMB): MyChar_C (MyChar)
[2019.10.31-18.26.27:016][902]LogEditorViewport: Clicking on Actor (LMB): StaticMeshActor (SM_Rock3)
[2019.10.31-18.26.27:714][957]LogEditorViewport: Clicking on Actor (LMB): MyChar_C (MyChar)
[2019.10.31-18.26.30:076][150]Cmd: DELETE
[2019.10.31-18.26.30:076][150]Cmd: ACTOR DELETE
[2019.10.31-18.26.30:105][150]LogEditorActor: Deleted Actor: MyChar_C
[2019.10.31-18.26.30:128][150]LogUObjectHash: Compacting FUObjectHashTables data took   0.56ms
[2019.10.31-18.26.30:128][150]LogEditorActor: Deleted 1 Actors (0.043 secs)
[2019.10.31-18.26.31:023][229]LogSlate: FSceneViewport::OnFocusLost() reason 0
[2019.10.31-18.26.35:889][659]LogAssetEditorManager: Opening Asset editor for Blueprint /Game/333/MyChar.MyChar
[2019.10.31-18.26.36:130][659]LogContentBrowser: Native class hierarchy updated for 'BlueprintGraph' in 0.0004 seconds. Added 121 classes and 0 folders.
[2019.10.31-18.26.36:830][659]LogSlate: Took 0.003568 seconds to synchronously load lazily loaded font '../../../Engine/Content/Slate/Fonts/Roboto-BoldCondensed.ttf' (158K)
[2019.10.31-18.26.36:883][660]LogSlate: Took 0.003717 seconds to synchronously load lazily loaded font '../../../Engine/Content/Slate/Fonts/Roboto-Italic.ttf' (157K)
[2019.10.31-18.26.37:294][692]LogEditorSessionSummary: EditorSessionSummary sent report. Type=Shutdown, SessionId={63493319-47E8-7AEF-693C-37B34CB05806}
[2019.10.31-18.26.52:583][ 13]LogAssetEditorManager: Opening Asset editor for Blueprint /Game/ThirdPersonBP/Blueprints/ThirdPersonCharacter.ThirdPersonCharacter
[2019.10.31-18.27.01:401][703]BlueprintLog: New page: Compile ThirdPersonCharacter
[2019.10.31-18.27.01:599][703]LogUObjectHash: Compacting FUObjectHashTables data took   2.83ms
[2019.10.31-18.27.16:353][696]LogAssetEditorManager: Opening Asset editor for UserDefinedStruct /Game/333/Inventory_Structute.Inventory_Structute
[2019.10.31-18.27.19:029][903]LogSlate: Window 'Inventory_Structute' being destroyed
[2019.10.31-18.27.19:032][903]LogSlate: Window 'Inventory_Structute' being destroyed
[2019.10.31-18.27.19:043][903]LogWorld: UWorld::CleanupWorld for World_2, bSessionEnded=true, bCleanupResources=true
[2019.10.31-18.27.19:078][903]LogActorComponent: UnregisterComponent: (/Engine/Transient.EditorFloorComp) Not registered. Aborting.
[2019.10.31-18.27.19:078][903]LogWorld: UWorld::CleanupWorld for World_4, bSessionEnded=true, bCleanupResources=true
[2019.10.31-18.27.19:995][980]LogAssetEditorManager: Opening Asset editor for WidgetBlueprint /Game/333/Inventory_UI.Inventory_UI
[2019.10.31-18.28.18:472][315]LogSlate: Took 0.003618 seconds to synchronously load lazily loaded font '../../../Engine/Content/Slate/Fonts/Roboto-BoldCondensedItalic.ttf' (160K)
[2019.10.31-18.28.34:813][753]LogBlueprint: Warning: [Compiler Inventory_UI] Variable ThirdPerson is marked as 'Expose on Spawn' but not marked as 'Editable'; please make it 'Editable'
[2019.10.31-18.28.48:131][766]LogEditorTransaction: Undo Add Node
[2019.10.31-18.29.00:126][848]BlueprintLog: New page: Compile Inventory_UI
[2019.10.31-18.29.00:193][848]LogUObjectHash: Compacting FUObjectHashTables data took   4.15ms
[2019.10.31-18.29.44:050][535]BlueprintLog: New page: Compile Inventory_UI
[2019.10.31-18.29.44:057][535]LogBlueprint: Error: [Compiler Inventory_UI] This blueprint (self) is not a MyChar_C, therefore ' Target ' must have a connection.
[2019.10.31-18.29.44:058][535]LogBlueprint: Error: [Compiler Inventory_UI] Variable node  Get Inventory  uses an invalid target.  It may depend on a node that is not connected to the execution chain, and got purged.
[2019.10.31-18.29.44:096][535]LogUObjectHash: Compacting FUObjectHashTables data took   3.81ms
[2019.10.31-18.29.53:667][273]LogAssetEditorManager: Opening Asset editor for WidgetBlueprint /Game/333/Item_Data_UI.Item_Data_UI
[2019.10.31-18.30.08:551][671]LogSlate: Window 'Item_Data_UI' being destroyed
[2019.10.31-18.30.08:554][671]LogSlate: Window 'Item_Data_UI' being destroyed
[2019.10.31-18.30.08:557][671]LogWorld: UWorld::CleanupWorld for World_6, bSessionEnded=true, bCleanupResources=true
[2019.10.31-18.30.08:579][671]LogWorld: UWorld::CleanupWorld for World_5, bSessionEnded=true, bCleanupResources=true
[2019.10.31-18.30.08:615][671]LogWorld: UWorld::CleanupWorld for World_8, bSessionEnded=true, bCleanupResources=true
[2019.10.31-18.30.08:618][671]LogWorld: UWorld::CleanupWorld for World_7, bSessionEnded=true, bCleanupResources=true
[2019.10.31-18.30.09:864][775]LogAssetEditorManager: Opening Asset editor for Blueprint /Game/333/MyChar.MyChar
[2019.10.31-18.30.27:975][229]LogAssetEditorManager: Opening Asset editor for Blueprint /Game/ThirdPersonBP/Blueprints/ThirdPersonCharacter.ThirdPersonCharacter
[2019.10.31-18.30.55:259][467]BlueprintLog: New page: Compile ThirdPersonCharacter
[2019.10.31-18.30.55:503][467]LogUObjectHash: Compacting FUObjectHashTables data took   3.79ms
[2019.10.31-18.31.41:512][ 18]BlueprintLog: New page: Compile ThirdPersonCharacter
[2019.10.31-18.31.41:742][ 18]LogUObjectHash: Compacting FUObjectHashTables data took   3.38ms
[2019.10.31-18.31.56:537][252]LogAssetEditorManager: Opening Asset editor for WidgetBlueprint /Game/333/Item_Data_UI.Item_Data_UI
[2019.10.31-18.32.09:527][239]LogAssetEditorManager: Opening Asset editor for WidgetBlueprint /Game/333/Inventory_UI.Inventory_UI
[2019.10.31-18.32.36:261][678]LogEditorTransaction: Undo Add Node
[2019.10.31-18.33.51:600][ 84]BlueprintLog: New page: Compile Inventory_UI
[2019.10.31-18.33.51:650][ 84]LogUObjectHash: Compacting FUObjectHashTables data took   3.22ms
[2019.10.31-18.34.32:165][865]LogAssetEditorManager: Opening Asset editor for Blueprint /Game/ThirdPersonBP/Blueprints/ThirdPersonGameMode.ThirdPersonGameMode
[2019.10.31-18.34.39:907][501]BlueprintLog: New page: Compile ThirdPersonGameMode
[2019.10.31-18.34.40:089][501]LogUObjectHash: Compacting FUObjectHashTables data took   2.92ms
[2019.10.31-18.34.46:570][ 13]Cmd: OBJ SAVEPACKAGE PACKAGE="/Game/2222/TutorialLevel" FILE="../../../../../Documents/Unreal Projects/CogCollectors/Content/2222/TutorialLevel.umap" SILENT=true AUTOSAVING=false KEEPDIRTY=false
[2019.10.31-18.34.46:606][ 13]LogUObjectHash: Compacting FUObjectHashTables data took   2.58ms
[2019.10.31-18.34.47:813][ 13]LogSavePackage: Moving '../../../../../Documents/Unreal Projects/CogCollectors/Saved/TutorialLevel4EA9418D48FB7CDD2F92CFAEB9FCEEAA.tmp' to '../../../../../Documents/Unreal Projects/CogCollectors/Content/2222/TutorialLevel.umap'
[2019.10.31-18.34.47:840][ 13]Cmd: OBJ SAVEPACKAGE PACKAGE="/Game/2222/TutorialLevel_BuiltData" FILE="../../../../../Documents/Unreal Projects/CogCollectors/Content/2222/TutorialLevel_BuiltData.uasset" SILENT=true
[2019.10.31-18.34.50:412][ 13]LogSavePackage: Moving '../../../../../Documents/Unreal Projects/CogCollectors/Saved/TutorialLevel_BuiltData25770E78407EF45150137ABD7EDD2115.tmp' to '../../../../../Documents/Unreal Projects/CogCollectors/Content/2222/TutorialLevel_BuiltData.uasset'
[2019.10.31-18.34.50:898][ 56]LogTemp: Repeating last play command: Selected Viewport
[2019.10.31-18.34.50:931][ 56]LogBlueprintUserMessages: Early PlayInEditor Detection: Level '/Game/2222/TutorialLevel.TutorialLevel:PersistentLevel' has LevelScriptBlueprint '/Game/2222/TutorialLevel.TutorialLevel:PersistentLevel.TutorialLevel' with GeneratedClass '/Game/2222/TutorialLevel.TutorialLevel_C' with ClassGeneratedBy '/Game/2222/TutorialLevel.TutorialLevel:PersistentLevel.TutorialLevel'
[2019.10.31-18.34.50:931][ 56]LogPlayLevel: PlayLevel: No blueprints needed recompiling
[2019.10.31-18.34.50:931][ 56]PIE: New page: PIE session: TutorialLevel (Oct 31, 2019, 10:34:50 AM)
[2019.10.31-18.34.50:933][ 56]LogOnline: OSS: Creating online subsystem instance for: NULL
[2019.10.31-18.34.50:933][ 56]LogPlayLevel: Creating play world package: /Game/2222/UEDPIE_0_TutorialLevel
[2019.10.31-18.34.51:176][ 56]LogPlayLevel: PIE: StaticDuplicateObject took: (0.242631s)
[2019.10.31-18.34.51:179][ 56]LogAIModule: Creating AISystem for world TutorialLevel
[2019.10.31-18.34.51:179][ 56]LogPlayLevel: PIE: World Init took: (0.003138s)
[2019.10.31-18.34.51:179][ 56]LogPlayLevel: PIE: Created PIE world by copying editor world from /Game/2222/TutorialLevel.TutorialLevel to /Game/2222/UEDPIE_0_TutorialLevel.TutorialLevel (0.246008s)
[2019.10.31-18.34.51:215][ 56]LogUObjectHash: Compacting FUObjectHashTables data took   2.76ms
[2019.10.31-18.34.51:226][ 56]LogInit: XAudio2 using 'Speakers/Headphones (Realtek(R) Audio)' : 2 channels at 48 kHz using 32 bits per sample (channel mask 0x3)
[2019.10.31-18.34.51:303][ 56]LogInit: FAudioDevice initialized.
[2019.10.31-18.34.51:312][ 56]LogLoad: Game class is 'ThirdPersonGameMode_C'
[2019.10.31-18.34.51:329][ 56]LogWorld: Bringing World /Game/2222/UEDPIE_0_TutorialLevel.TutorialLevel up for play (max tick rate 0) at 2019.10.31-14.34.51
[2019.10.31-18.34.51:330][ 56]LogWorld: Bringing up level for play took: 0.016511
[2019.10.31-18.34.51:330][ 56]LogOnline: OSS: Creating online subsystem instance for: :Context_17
[2019.10.31-18.34.51:340][ 56]LogContentBrowser: Native class hierarchy updated for 'MovieSceneCapture' in 0.0002 seconds. Added 20 classes and 0 folders.
[2019.10.31-18.34.51:340][ 56]PIE: Play in editor start time for /Game/2222/UEDPIE_0_TutorialLevel -0.208
[2019.10.31-18.34.51:341][ 56]LogBlueprintUserMessages: Late PlayInEditor Detection: Level '/Game/2222/TutorialLevel.TutorialLevel:PersistentLevel' has LevelScriptBlueprint '/Game/2222/TutorialLevel.TutorialLevel:PersistentLevel.TutorialLevel' with GeneratedClass '/Game/2222/TutorialLevel.TutorialLevel_C' with ClassGeneratedBy '/Game/2222/TutorialLevel.TutorialLevel:PersistentLevel.TutorialLevel'
[2019.10.31-18.35.00:583][844]LogBlueprintUserMessages: Early EndPlayMap Detection: Level '/Game/2222/TutorialLevel.TutorialLevel:PersistentLevel' has LevelScriptBlueprint '/Game/2222/TutorialLevel.TutorialLevel:PersistentLevel.TutorialLevel' with GeneratedClass '/Game/2222/TutorialLevel.TutorialLevel_C' with ClassGeneratedBy '/Game/2222/TutorialLevel.TutorialLevel:PersistentLevel.TutorialLevel'
[2019.10.31-18.35.00:583][844]LogSlate: Updating window title bar state: overlay mode, drag disabled, window buttons hidden, title bar hidden
[2019.10.31-18.35.00:584][844]LogWorld: BeginTearingDown for /Game/2222/UEDPIE_0_TutorialLevel
[2019.10.31-18.35.00:584][844]LogWorld: UWorld::CleanupWorld for TutorialLevel, bSessionEnded=true, bCleanupResources=true
[2019.10.31-18.35.00:617][844]LogPlayLevel: Display: Shutting down PIE online subsystems
[2019.10.31-18.35.00:617][844]LogBlueprintUserMessages: Late EndPlayMap Detection: Level '/Game/2222/TutorialLevel.TutorialLevel:PersistentLevel' has LevelScriptBlueprint '/Game/2222/TutorialLevel.TutorialLevel:PersistentLevel.TutorialLevel' with GeneratedClass '/Game/2222/TutorialLevel.TutorialLevel_C' with ClassGeneratedBy '/Game/2222/TutorialLevel.TutorialLevel:PersistentLevel.TutorialLevel'
[2019.10.31-18.35.00:684][844]LogSlate: Updating window title bar state: overlay mode, drag disabled, window buttons hidden, title bar hidden
[2019.10.31-18.35.00:738][844]LogUObjectHash: Compacting FUObjectHashTables data took   4.11ms
[2019.10.31-18.35.00:763][845]LogPlayLevel: Display: Destroying online subsystem :Context_17
[2019.10.31-18.35.01:548][911]LogSlate: FSceneViewport::OnFocusLost() reason 0
[2019.10.31-18.35.01:618][917]LogTemp: Repeating last play command: Selected Viewport
[2019.10.31-18.35.01:643][917]LogBlueprintUserMessages: Early PlayInEditor Detection: Level '/Game/2222/TutorialLevel.TutorialLevel:PersistentLevel' has LevelScriptBlueprint '/Game/2222/TutorialLevel.TutorialLevel:PersistentLevel.TutorialLevel' with GeneratedClass '/Game/2222/TutorialLevel.TutorialLevel_C' with ClassGeneratedBy '/Game/2222/TutorialLevel.TutorialLevel:PersistentLevel.TutorialLevel'
[2019.10.31-18.35.01:643][917]LogPlayLevel: PlayLevel: No blueprints needed recompiling
[2019.10.31-18.35.01:643][917]PIE: New page: PIE session: TutorialLevel (Oct 31, 2019, 10:35:01 AM)
[2019.10.31-18.35.01:643][917]LogPlayLevel: Creating play world package: /Game/2222/UEDPIE_0_TutorialLevel
[2019.10.31-18.35.01:882][917]LogPlayLevel: PIE: StaticDuplicateObject took: (0.238802s)
[2019.10.31-18.35.01:883][917]LogAIModule: Creating AISystem for world TutorialLevel
[2019.10.31-18.35.01:883][917]LogPlayLevel: PIE: World Init took: (0.000926s)
[2019.10.31-18.35.01:883][917]LogPlayLevel: PIE: Created PIE world by copying editor world from /Game/2222/TutorialLevel.TutorialLevel to /Game/2222/UEDPIE_0_TutorialLevel.TutorialLevel (0.239840s)
[2019.10.31-18.35.01:919][917]LogUObjectHash: Compacting FUObjectHashTables data took   3.01ms
[2019.10.31-18.35.01:930][917]LogInit: XAudio2 using 'Speakers/Headphones (Realtek(R) Audio)' : 2 channels at 48 kHz using 32 bits per sample (channel mask 0x3)
[2019.10.31-18.35.02:007][917]LogInit: FAudioDevice initialized.
[2019.10.31-18.35.02:014][917]LogLoad: Game class is 'ThirdPersonGameMode_C'
[2019.10.31-18.35.02:030][917]LogWorld: Bringing World /Game/2222/UEDPIE_0_TutorialLevel.TutorialLevel up for play (max tick rate 0) at 2019.10.31-14.35.02
[2019.10.31-18.35.02:031][917]LogWorld: Bringing up level for play took: 0.015048
[2019.10.31-18.35.02:031][917]LogOnline: OSS: Creating online subsystem instance for: :Context_18
[2019.10.31-18.35.02:032][917]PIE: Play in editor start time for /Game/2222/UEDPIE_0_TutorialLevel 0.483
[2019.10.31-18.35.02:033][917]LogBlueprintUserMessages: Late PlayInEditor Detection: Level '/Game/2222/TutorialLevel.TutorialLevel:PersistentLevel' has LevelScriptBlueprint '/Game/2222/TutorialLevel.TutorialLevel:PersistentLevel.TutorialLevel' with GeneratedClass '/Game/2222/TutorialLevel.TutorialLevel_C' with ClassGeneratedBy '/Game/2222/TutorialLevel.TutorialLevel:PersistentLevel.TutorialLevel'
[2019.10.31-18.35.06:621][311]LogBlueprintUserMessages: Early EndPlayMap Detection: Level '/Game/2222/TutorialLevel.TutorialLevel:PersistentLevel' has LevelScriptBlueprint '/Game/2222/TutorialLevel.TutorialLevel:PersistentLevel.TutorialLevel' with GeneratedClass '/Game/2222/TutorialLevel.TutorialLevel_C' with ClassGeneratedBy '/Game/2222/TutorialLevel.TutorialLevel:PersistentLevel.TutorialLevel'
[2019.10.31-18.35.06:621][311]LogSlate: Updating window title bar state: overlay mode, drag disabled, window buttons hidden, title bar hidden
[2019.10.31-18.35.06:621][311]LogWorld: BeginTearingDown for /Game/2222/UEDPIE_0_TutorialLevel
[2019.10.31-18.35.06:621][311]LogWorld: UWorld::CleanupWorld for TutorialLevel, bSessionEnded=true, bCleanupResources=true
[2019.10.31-18.35.06:653][311]LogPlayLevel: Display: Shutting down PIE online subsystems
[2019.10.31-18.35.06:653][311]LogBlueprintUserMessages: Late EndPlayMap Detection: Level '/Game/2222/TutorialLevel.TutorialLevel:PersistentLevel' has LevelScriptBlueprint '/Game/2222/TutorialLevel.TutorialLevel:PersistentLevel.TutorialLevel' with GeneratedClass '/Game/2222/TutorialLevel.TutorialLevel_C' with ClassGeneratedBy '/Game/2222/TutorialLevel.TutorialLevel:PersistentLevel.TutorialLevel'
[2019.10.31-18.35.06:699][311]LogSlate: Updating window title bar state: overlay mode, drag disabled, window buttons hidden, title bar hidden
[2019.10.31-18.35.06:723][311]LogUObjectHash: Compacting FUObjectHashTables data took   2.48ms
[2019.10.31-18.35.06:739][312]LogPlayLevel: Display: Destroying online subsystem :Context_18
[2019.10.31-18.35.07:134][344]Cmd: SELECT NONE
[2019.10.31-18.35.08:720][444]LogSlate: FSceneViewport::OnFocusLost() reason 0
[2019.10.31-18.35.34:211][362]BlueprintLog: New page: Compile ThirdPersonCharacter
[2019.10.31-18.35.34:440][362]LogUObjectHash: Compacting FUObjectHashTables data took   3.06ms
[2019.10.31-18.35.36:580][520]LogTemp: Repeating last play command: Selected Viewport
[2019.10.31-18.35.36:605][520]LogBlueprintUserMessages: Early PlayInEditor Detection: Level '/Game/2222/TutorialLevel.TutorialLevel:PersistentLevel' has LevelScriptBlueprint '/Game/2222/TutorialLevel.TutorialLevel:PersistentLevel.TutorialLevel' with GeneratedClass '/Game/2222/TutorialLevel.TutorialLevel_C' with ClassGeneratedBy '/Game/2222/TutorialLevel.TutorialLevel:PersistentLevel.TutorialLevel'
[2019.10.31-18.35.36:605][520]LogPlayLevel: PlayLevel: No blueprints needed recompiling
[2019.10.31-18.35.36:605][520]PIE: New page: PIE session: TutorialLevel (Oct 31, 2019, 10:35:36 AM)
[2019.10.31-18.35.36:605][520]LogPlayLevel: Creating play world package: /Game/2222/UEDPIE_0_TutorialLevel
[2019.10.31-18.35.36:842][520]LogPlayLevel: PIE: StaticDuplicateObject took: (0.236159s)
[2019.10.31-18.35.36:842][520]LogAIModule: Creating AISystem for world TutorialLevel
[2019.10.31-18.35.36:843][520]LogPlayLevel: PIE: World Init took: (0.000918s)
[2019.10.31-18.35.36:843][520]LogPlayLevel: PIE: Created PIE world by copying editor world from /Game/2222/TutorialLevel.TutorialLevel to /Game/2222/UEDPIE_0_TutorialLevel.TutorialLevel (0.237183s)
[2019.10.31-18.35.36:880][520]LogUObjectHash: Compacting FUObjectHashTables data took   3.37ms
[2019.10.31-18.35.36:891][520]LogInit: XAudio2 using 'Speakers/Headphones (Realtek(R) Audio)' : 2 channels at 48 kHz using 32 bits per sample (channel mask 0x3)
[2019.10.31-18.35.36:968][520]LogInit: FAudioDevice initialized.
[2019.10.31-18.35.36:978][520]LogLoad: Game class is 'ThirdPersonGameMode_C'
[2019.10.31-18.35.36:994][520]LogWorld: Bringing World /Game/2222/UEDPIE_0_TutorialLevel.TutorialLevel up for play (max tick rate 0) at 2019.10.31-14.35.36
[2019.10.31-18.35.36:995][520]LogWorld: Bringing up level for play took: 0.015321
[2019.10.31-18.35.36:995][520]LogOnline: OSS: Creating online subsystem instance for: :Context_19
[2019.10.31-18.35.36:997][520]PIE: Play in editor start time for /Game/2222/UEDPIE_0_TutorialLevel -0.552
[2019.10.31-18.35.36:997][520]LogBlueprintUserMessages: Late PlayInEditor Detection: Level '/Game/2222/TutorialLevel.TutorialLevel:PersistentLevel' has LevelScriptBlueprint '/Game/2222/TutorialLevel.TutorialLevel:PersistentLevel.TutorialLevel' with GeneratedClass '/Game/2222/TutorialLevel.TutorialLevel_C' with ClassGeneratedBy '/Game/2222/TutorialLevel.TutorialLevel:PersistentLevel.TutorialLevel'
[2019.10.31-18.35.37:331][540]LogEditorSessionSummary: EditorSessionSummary sent report. Type=Shutdown, SessionId={069CA3B5-4C51-1E17-BFC1-DAB497AC0148}
[2019.10.31-18.35.44:821][196]LogBlueprintUserMessages: Early EndPlayMap Detection: Level '/Game/2222/TutorialLevel.TutorialLevel:PersistentLevel' has LevelScriptBlueprint '/Game/2222/TutorialLevel.TutorialLevel:PersistentLevel.TutorialLevel' with GeneratedClass '/Game/2222/TutorialLevel.TutorialLevel_C' with ClassGeneratedBy '/Game/2222/TutorialLevel.TutorialLevel:PersistentLevel.TutorialLevel'
[2019.10.31-18.35.44:822][196]LogSlate: Updating window title bar state: overlay mode, drag disabled, window buttons hidden, title bar hidden
[2019.10.31-18.35.44:822][196]LogWorld: BeginTearingDown for /Game/2222/UEDPIE_0_TutorialLevel
[2019.10.31-18.35.44:822][196]LogWorld: UWorld::CleanupWorld for TutorialLevel, bSessionEnded=true, bCleanupResources=true
[2019.10.31-18.35.44:854][196]LogPlayLevel: Display: Shutting down PIE online subsystems
[2019.10.31-18.35.44:855][196]LogBlueprintUserMessages: Late EndPlayMap Detection: Level '/Game/2222/TutorialLevel.TutorialLevel:PersistentLevel' has LevelScriptBlueprint '/Game/2222/TutorialLevel.TutorialLevel:PersistentLevel.TutorialLevel' with GeneratedClass '/Game/2222/TutorialLevel.TutorialLevel_C' with ClassGeneratedBy '/Game/2222/TutorialLevel.TutorialLevel:PersistentLevel.TutorialLevel'
[2019.10.31-18.35.44:899][196]LogSlate: Updating window title bar state: overlay mode, drag disabled, window buttons hidden, title bar hidden
[2019.10.31-18.35.44:923][196]LogUObjectHash: Compacting FUObjectHashTables data took   2.68ms
[2019.10.31-18.35.44:940][197]LogPlayLevel: Display: Destroying online subsystem :Context_19
[2019.10.31-18.37.10:521][778]LogSlate: FSceneViewport::OnFocusLost() reason 0
[2019.10.31-18.37.14:928][ 75]LogWorld: UWorld::CleanupWorld for World_15, bSessionEnded=true, bCleanupResources=true
