Log file open, 11/05/19 13:16:56
LogWindows: Failed to load 'aqProf.dll' (GetLastError=126)
LogWindows: File 'aqProf.dll' does not exist
LogWindows: Failed to load 'VtuneApi.dll' (GetLastError=126)
LogWindows: File 'VtuneApi.dll' does not exist
LogWindows: Failed to load 'VtuneApi32e.dll' (GetLastError=126)
LogWindows: File 'VtuneApi32e.dll' does not exist
LogConsoleResponse: Display: Failed to find resolution value strings in scalability ini. Falling back to default.
LogInit: Display: Running engine for game: CogCollectors
LogPlatformFile: Not using cached read wrapper
LogTaskGraph: Started task graph with 5 named threads and 20 total threads with 3 sets of task threads.
LogStats: Stats thread started at 0.069873
LogD3D11RHI: Loaded GFSDK_Aftermath_Lib.x64.dll
LogICUInternationalization: ICU TimeZone Detection - Raw Offset: -5:00, Platform Override: ''
LogPluginManager: Mounting plugin Paper2D
LogPluginManager: Mounting plugin AISupport
LogPluginManager: Mounting plugin LightPropagationVolume
LogPluginManager: Mounting plugin ActorLayerUtilities
LogPluginManager: Mounting plugin AnimationSharing
LogPluginManager: Mounting plugin CLionSourceCodeAccess
LogPluginManager: Mounting plugin CodeLiteSourceCodeAccess
LogPluginManager: Mounting plugin GitSourceControl
LogPluginManager: Mounting plugin KDevelopSourceCodeAccess
LogPluginManager: Mounting plugin NullSourceCodeAccess
LogPluginManager: Mounting plugin PerforceSourceControl
LogPluginManager: Mounting plugin SubversionSourceControl
LogPluginManager: Mounting plugin UObjectPlugin
LogPluginManager: Mounting plugin VisualStudioCodeSourceCodeAccess
LogPluginManager: Mounting plugin VisualStudioSourceCodeAccess
LogPluginManager: Mounting plugin XCodeSourceCodeAccess
LogPluginManager: Mounting plugin AssetManagerEditor
LogPluginManager: Mounting plugin CryptoKeys
LogPluginManager: Mounting plugin CurveEditorTools
LogPluginManager: Mounting plugin DataValidation
LogPluginManager: Mounting plugin FacialAnimation
LogPluginManager: Mounting plugin GameplayTagsEditor
LogPluginManager: Mounting plugin MacGraphicsSwitching
LogPluginManager: Mounting plugin MaterialAnalyzer
LogPluginManager: Mounting plugin MobileLauncherProfileWizard
LogPluginManager: Mounting plugin PluginBrowser
LogPluginManager: Mounting plugin SpeedTreeImporter
LogPluginManager: Mounting plugin DatasmithContent
LogPluginManager: Mounting plugin VariantManagerContent
LogPluginManager: Mounting plugin AlembicImporter
LogPluginManager: Mounting plugin AutomationUtils
LogPluginManager: Mounting plugin BackChannel
LogPluginManager: Mounting plugin CharacterAI
LogPluginManager: Mounting plugin GeometryCache
LogPluginManager: Mounting plugin HTML5Networking
LogPluginManager: Mounting plugin PlatformCrypto
LogPluginManager: Mounting plugin ProxyLODPlugin
LogPluginManager: Mounting plugin SkeletalReduction
LogPluginManager: Mounting plugin MagicLeap
LogPluginManager: Mounting plugin MagicLeapMedia
LogPluginManager: Mounting plugin AndroidMedia
LogPluginManager: Mounting plugin AvfMedia
LogPluginManager: Mounting plugin ImgMedia
LogPluginManager: Mounting plugin MediaCompositing
LogPluginManager: Mounting plugin MediaPlayerEditor
LogPluginManager: Mounting plugin WebMMedia
LogPluginManager: Mounting plugin WmfMedia
LogPluginManager: Mounting plugin TcpMessaging
LogPluginManager: Mounting plugin UdpMessaging
LogPluginManager: Mounting plugin ActorSequence
LogPluginManager: Mounting plugin LevelSequenceEditor
LogPluginManager: Mounting plugin MatineeToLevelSequence
LogPluginManager: Mounting plugin NetcodeUnitTest
LogPluginManager: Mounting plugin NUTUnrealEngine4
LogPluginManager: Mounting plugin OnlineSubsystemGooglePlay
LogPluginManager: Mounting plugin OnlineSubsystemIOS
LogPluginManager: Mounting plugin OnlineSubsystem
LogPluginManager: Mounting plugin OnlineSubsystemNull
LogPluginManager: Mounting plugin OnlineSubsystemUtils
LogPluginManager: Mounting plugin LauncherChunkInstaller
LogPluginManager: Mounting plugin AndroidDeviceProfileSelector
LogPluginManager: Mounting plugin AndroidMoviePlayer
LogPluginManager: Mounting plugin AndroidPermission
LogPluginManager: Mounting plugin AppleImageUtils
LogPluginManager: Mounting plugin AppleMoviePlayer
LogPluginManager: Mounting plugin ArchVisCharacter
LogPluginManager: Mounting plugin AudioCapture
LogPluginManager: Mounting plugin CableComponent
LogPluginManager: Mounting plugin CustomMeshComponent
LogPluginManager: Mounting plugin EditableMesh
LogPluginManager: Mounting plugin ExampleDeviceProfileSelector
LogPluginManager: Mounting plugin GoogleCloudMessaging
LogPluginManager: Mounting plugin IOSDeviceProfileSelector
LogPluginManager: Mounting plugin LinuxDeviceProfileSelector
LogPluginManager: Mounting plugin LocationServicesBPLibrary
LogPluginManager: Mounting plugin MobilePatchingUtils
LogPluginManager: Mounting plugin OculusVR
LogPluginManager: Mounting plugin PhysXVehicles
LogPluginManager: Mounting plugin ProceduralMeshComponent
LogPluginManager: Mounting plugin RuntimePhysXCooking
LogPluginManager: Mounting plugin SignificanceManager
LogPluginManager: Mounting plugin SteamVR
LogPluginManager: Mounting plugin WebMMoviePlayer
LogPluginManager: Mounting plugin WindowsMoviePlayer
LogPluginManager: Mounting plugin ScreenshotTools
LogInit: Using libcurl 7.55.1-DEV
LogInit:  - built for x86_64-pc-win32
LogInit:  - supports SSL with OpenSSL/1.1.1
LogInit:  - supports HTTP deflate (compression) using libz 1.2.8
LogInit:  - other features:
LogInit:      CURL_VERSION_SSL
LogInit:      CURL_VERSION_LIBZ
LogInit:      CURL_VERSION_IPV6
LogInit:      CURL_VERSION_ASYNCHDNS
LogInit:      CURL_VERSION_LARGEFILE
LogInit:      CURL_VERSION_IDN
LogInit:  CurlRequestOptions (configurable via config and command line):
LogInit:  - bVerifyPeer = true  - Libcurl will verify peer certificate
LogInit:  - bUseHttpProxy = false  - Libcurl will NOT use HTTP proxy
LogInit:  - bDontReuseConnections = false  - Libcurl will reuse connections
LogInit:  - MaxHostConnections = 16  - Libcurl will limit the number of connections to a host
LogInit:  - LocalHostAddr = Default
LogInit:  - BufferSize = 65536
LogOnline: OSS: Creating online subsystem instance for: NULL
LogInit: WinSock: version 1.1 (2.2), MaxSocks=32767, MaxUdp=65467
LogInit: Build: ++UE4+Release-4.23-CL-9631420
LogInit: Engine Version: 4.23.1-9631420+++UE4+Release-4.23
LogInit: Compatible Engine Version: 4.23.0-8386587+++UE4+Release-4.23
LogInit: Net CL: 8386587
LogInit: OS: Windows 10 (Release 1803) (), CPU: Intel(R) Core(TM) i5-8500 CPU @ 3.00GHz, GPU: Intel(R) UHD Graphics 630
LogInit: Compiled (64-bit): Oct 18 2019 02:07:44
LogInit: Compiled with Visual C++: 19.16.27030.01
LogInit: Build Configuration: Development
LogInit: Branch Name: ++UE4+Release-4.23
LogInit: Command Line: 
LogInit: Base Directory: C:/Users/130163/Desktop/UE_4.23/Engine/Binaries/Win64/
LogInit: Installed Engine Build: 1
LogDevObjectVersion: Number of dev versions registered: 23
LogDevObjectVersion:   Dev-Blueprints (B0D832E4-1F89-4F0D-ACCF-7EB736FD4AA2): 10
LogDevObjectVersion:   Dev-Build (E1C64328-A22C-4D53-A36C-8E866417BD8C): 0
LogDevObjectVersion:   Dev-Core (375EC13C-06E4-48FB-B500-84F0262A717E): 3
LogDevObjectVersion:   Dev-Editor (E4B068ED-F494-42E9-A231-DA0B2E46BB41): 34
LogDevObjectVersion:   Dev-Framework (CFFC743F-43B0-4480-9391-14DF171D2073): 35
LogDevObjectVersion:   Dev-Mobile (B02B49B5-BB20-44E9-A304-32B752E40360): 2
LogDevObjectVersion:   Dev-Networking (A4E4105C-59A1-49B5-A7C5-40C4547EDFEE): 0
LogDevObjectVersion:   Dev-Online (39C831C9-5AE6-47DC-9A44-9C173E1C8E7C): 0
LogDevObjectVersion:   Dev-Physics (78F01B33-EBEA-4F98-B9B4-84EACCB95AA2): 0
LogDevObjectVersion:   Dev-Platform (6631380F-2D4D-43E0-8009-CF276956A95A): 0
LogDevObjectVersion:   Dev-Rendering (12F88B9F-8875-4AFC-A67C-D90C383ABD29): 31
LogDevObjectVersion:   Dev-Sequencer (7B5AE74C-D270-4C10-A958-57980B212A5A): 11
LogDevObjectVersion:   Dev-VR (D7296918-1DD6-4BDD-9DE2-64A83CC13884): 2
LogDevObjectVersion:   Dev-LoadTimes (C2A15278-BFE7-4AFE-6C17-90FF531DF755): 1
LogDevObjectVersion:   Private-Geometry (6EACA3D4-40EC-4CC1-B786-8BED09428FC5): 3
LogDevObjectVersion:   Dev-AnimPhys (29E575DD-E0A3-4627-9D10-D276232CDCEA): 17
LogDevObjectVersion:   Dev-Anim (AF43A65D-7FD3-4947-9873-3E8ED9C1BB05): 2
LogDevObjectVersion:   Dev-ReflectionCapture (6B266CEC-1EC7-4B8F-A30B-E4D90942FC07): 1
LogDevObjectVersion:   Dev-Automation (0DF73D61-A23F-47EA-B727-89E90C41499A): 1
LogDevObjectVersion:   FortniteMain (601D1886-AC64-4F84-AA16-D3DE0DEAC7D6): 27
LogDevObjectVersion:   Dev-Enterprise (9DFFBCD6-494F-0158-E221-12823C92A888): 6
LogDevObjectVersion:   Dev-Niagara (F2AED0AC-9AFE-416F-8664-AA7FFA26D6FC): 1
LogDevObjectVersion:   Dev-Destruction (174F1F0B-B4C6-45A5-B13F-2EE8D0FB917D): 9
LogInit: Presizing for max 16777216 objects, including 0 objects not considered by GC, pre-allocating 0 bytes for permanent pool.
LogInit: Object subsystem initialized
LogConfig: Setting CVar [[con.DebugEarlyDefault:1]]
LogConfig: Setting CVar [[r.setres:1280x720]]
[2019.11.05-18.16.57:143][  0]LogConfig: Setting CVar [[r.VSync:0]]
[2019.11.05-18.16.57:143][  0]LogConfig: Setting CVar [[r.RHICmdBypass:0]]
[2019.11.05-18.16.57:143][  0]LogConfig: Applying CVar settings from Section [/Script/Engine.RendererSettings] File [C:/Users/130163/Documents/Unreal Projects/CogCollectors/Saved/Config/Windows/Engine.ini]
[2019.11.05-18.16.57:143][  0]LogConfig: Setting CVar [[r.GPUCrashDebugging:0]]
[2019.11.05-18.16.57:143][  0]LogConfig: Applying CVar settings from Section [/Script/Engine.RendererOverrideSettings] File [C:/Users/130163/Documents/Unreal Projects/CogCollectors/Saved/Config/Windows/Engine.ini]
[2019.11.05-18.16.57:143][  0]LogConfig: Applying CVar settings from Section [/Script/Engine.StreamingSettings] File [C:/Users/130163/Documents/Unreal Projects/CogCollectors/Saved/Config/Windows/Engine.ini]
[2019.11.05-18.16.57:143][  0]LogConfig: Setting CVar [[s.MinBulkDataSizeForAsyncLoading:131072]]
[2019.11.05-18.16.57:143][  0]LogConfig: Setting CVar [[s.AsyncLoadingThreadEnabled:0]]
[2019.11.05-18.16.57:143][  0]LogConfig: Setting CVar [[s.EventDrivenLoaderEnabled:1]]
[2019.11.05-18.16.57:143][  0]LogConfig: Setting CVar [[s.WarnIfTimeLimitExceeded:0]]
[2019.11.05-18.16.57:143][  0]LogConfig: Setting CVar [[s.TimeLimitExceededMultiplier:1.5]]
[2019.11.05-18.16.57:143][  0]LogConfig: Setting CVar [[s.TimeLimitExceededMinTime:0.005]]
[2019.11.05-18.16.57:143][  0]LogConfig: Setting CVar [[s.UseBackgroundLevelStreaming:1]]
[2019.11.05-18.16.57:143][  0]LogConfig: Setting CVar [[s.PriorityAsyncLoadingExtraTime:15.0]]
[2019.11.05-18.16.57:143][  0]LogConfig: Setting CVar [[s.LevelStreamingActorsUpdateTimeLimit:5.0]]
[2019.11.05-18.16.57:143][  0]LogConfig: Setting CVar [[s.PriorityLevelStreamingActorsUpdateExtraTime:5.0]]
[2019.11.05-18.16.57:143][  0]LogConfig: Setting CVar [[s.LevelStreamingComponentsRegistrationGranularity:10]]
[2019.11.05-18.16.57:143][  0]LogConfig: Setting CVar [[s.UnregisterComponentsTimeLimit:1.0]]
[2019.11.05-18.16.57:143][  0]LogConfig: Setting CVar [[s.LevelStreamingComponentsUnregistrationGranularity:5]]
[2019.11.05-18.16.57:143][  0]LogConfig: Applying CVar settings from Section [/Script/Engine.GarbageCollectionSettings] File [C:/Users/130163/Documents/Unreal Projects/CogCollectors/Saved/Config/Windows/Engine.ini]
[2019.11.05-18.16.57:143][  0]LogConfig: Setting CVar [[gc.MaxObjectsNotConsideredByGC:1]]
[2019.11.05-18.16.57:143][  0]LogConfig: Setting CVar [[gc.SizeOfPermanentObjectPool:0]]
[2019.11.05-18.16.57:143][  0]LogConfig: Setting CVar [[gc.FlushStreamingOnGC:0]]
[2019.11.05-18.16.57:143][  0]LogConfig: Setting CVar [[gc.NumRetriesBeforeForcingGC:10]]
[2019.11.05-18.16.57:143][  0]LogConfig: Setting CVar [[gc.AllowParallelGC:1]]
[2019.11.05-18.16.57:143][  0]LogConfig: Setting CVar [[gc.TimeBetweenPurgingPendingKillObjects:61.1]]
[2019.11.05-18.16.57:143][  0]LogConfig: Setting CVar [[gc.MaxObjectsInEditor:16777216]]
[2019.11.05-18.16.57:143][  0]LogConfig: Setting CVar [[gc.IncrementalBeginDestroyEnabled:1]]
[2019.11.05-18.16.57:143][  0]LogConfig: Setting CVar [[gc.CreateGCClusters:1]]
[2019.11.05-18.16.57:143][  0]LogConfig: Setting CVar [[gc.MinGCClusterSize:5]]
[2019.11.05-18.16.57:143][  0]LogConfig: Setting CVar [[gc.ActorClusteringEnabled:0]]
[2019.11.05-18.16.57:143][  0]LogConfig: Setting CVar [[gc.BlueprintClusteringEnabled:0]]
[2019.11.05-18.16.57:143][  0]LogConfig: Setting CVar [[gc.UseDisregardForGCOnDedicatedServers:0]]
[2019.11.05-18.16.57:143][  0]LogConfig: Applying CVar settings from Section [/Script/Engine.NetworkSettings] File [C:/Users/130163/Documents/Unreal Projects/CogCollectors/Saved/Config/Windows/Engine.ini]
[2019.11.05-18.16.57:143][  0]LogConfig: Applying CVar settings from Section [/Script/UnrealEd.CookerSettings] File [C:/Users/130163/Documents/Unreal Projects/CogCollectors/Saved/Config/Windows/Engine.ini]
[2019.11.05-18.16.57:146][  0]LogConfig: Applying CVar settings from Section [ViewDistanceQuality@3] File [C:/Users/130163/Documents/Unreal Projects/CogCollectors/Saved/Config/Windows/Scalability.ini]
[2019.11.05-18.16.57:146][  0]LogConfig: Setting CVar [[r.SkeletalMeshLODBias:0]]
[2019.11.05-18.16.57:146][  0]LogConfig: Setting CVar [[r.ViewDistanceScale:1.0]]
[2019.11.05-18.16.57:146][  0]LogConfig: Applying CVar settings from Section [AntiAliasingQuality@3] File [C:/Users/130163/Documents/Unreal Projects/CogCollectors/Saved/Config/Windows/Scalability.ini]
[2019.11.05-18.16.57:146][  0]LogConfig: Setting CVar [[r.PostProcessAAQuality:4]]
[2019.11.05-18.16.57:146][  0]LogConfig: Applying CVar settings from Section [ShadowQuality@3] File [C:/Users/130163/Documents/Unreal Projects/CogCollectors/Saved/Config/Windows/Scalability.ini]
[2019.11.05-18.16.57:146][  0]LogConfig: Setting CVar [[r.LightFunctionQuality:1]]
[2019.11.05-18.16.57:146][  0]LogConfig: Setting CVar [[r.ShadowQuality:5]]
[2019.11.05-18.16.57:146][  0]LogConfig: Setting CVar [[r.Shadow.CSM.MaxCascades:10]]
[2019.11.05-18.16.57:146][  0]LogConfig: Setting CVar [[r.Shadow.MaxResolution:2048]]
[2019.11.05-18.16.57:146][  0]LogConfig: Setting CVar [[r.Shadow.MaxCSMResolution:2048]]
[2019.11.05-18.16.57:146][  0]LogConfig: Setting CVar [[r.Shadow.RadiusThreshold:0.01]]
[2019.11.05-18.16.57:146][  0]LogConfig: Setting CVar [[r.Shadow.DistanceScale:1.0]]
[2019.11.05-18.16.57:146][  0]LogConfig: Setting CVar [[r.Shadow.CSM.TransitionScale:1.0]]
[2019.11.05-18.16.57:146][  0]LogConfig: Setting CVar [[r.Shadow.PreShadowResolutionFactor:1.0]]
[2019.11.05-18.16.57:146][  0]LogConfig: Setting CVar [[r.DistanceFieldShadowing:1]]
[2019.11.05-18.16.57:146][  0]LogConfig: Setting CVar [[r.DistanceFieldAO:1]]
[2019.11.05-18.16.57:146][  0]LogConfig: Setting CVar [[r.AOQuality:2]]
[2019.11.05-18.16.57:146][  0]LogConfig: Setting CVar [[r.VolumetricFog:1]]
[2019.11.05-18.16.57:146][  0]LogConfig: Setting CVar [[r.VolumetricFog.GridPixelSize:8]]
[2019.11.05-18.16.57:146][  0]LogConfig: Setting CVar [[r.VolumetricFog.GridSizeZ:128]]
[2019.11.05-18.16.57:146][  0]LogConfig: Setting CVar [[r.VolumetricFog.HistoryMissSupersampleCount:4]]
[2019.11.05-18.16.57:146][  0]LogConfig: Setting CVar [[r.LightMaxDrawDistanceScale:1]]
[2019.11.05-18.16.57:146][  0]LogConfig: Setting CVar [[r.CapsuleShadows:1]]
[2019.11.05-18.16.57:146][  0]LogConfig: Applying CVar settings from Section [PostProcessQuality@3] File [C:/Users/130163/Documents/Unreal Projects/CogCollectors/Saved/Config/Windows/Scalability.ini]
[2019.11.05-18.16.57:146][  0]LogConfig: Setting CVar [[r.MotionBlurQuality:4]]
[2019.11.05-18.16.57:146][  0]LogConfig: Setting CVar [[r.AmbientOcclusionMipLevelFactor:0.4]]
[2019.11.05-18.16.57:146][  0]LogConfig: Setting CVar [[r.AmbientOcclusionMaxQuality:100]]
[2019.11.05-18.16.57:146][  0]LogConfig: Setting CVar [[r.AmbientOcclusionLevels:-1]]
[2019.11.05-18.16.57:146][  0]LogConfig: Setting CVar [[r.AmbientOcclusionRadiusScale:1.0]]
[2019.11.05-18.16.57:146][  0]LogConfig: Setting CVar [[r.DepthOfFieldQuality:2]]
[2019.11.05-18.16.57:146][  0]LogConfig: Setting CVar [[r.RenderTargetPoolMin:400]]
[2019.11.05-18.16.57:146][  0]LogConfig: Setting CVar [[r.LensFlareQuality:2]]
[2019.11.05-18.16.57:146][  0]LogConfig: Setting CVar [[r.SceneColorFringeQuality:1]]
[2019.11.05-18.16.57:146][  0]LogConfig: Setting CVar [[r.EyeAdaptationQuality:2]]
[2019.11.05-18.16.57:146][  0]LogConfig: Setting CVar [[r.BloomQuality:5]]
[2019.11.05-18.16.57:146][  0]LogConfig: Setting CVar [[r.FastBlurThreshold:100]]
[2019.11.05-18.16.57:146][  0]LogConfig: Setting CVar [[r.Upscale.Quality:3]]
[2019.11.05-18.16.57:146][  0]LogConfig: Setting CVar [[r.Tonemapper.GrainQuantization:1]]
[2019.11.05-18.16.57:147][  0]LogConfig: Setting CVar [[r.LightShaftQuality:1]]
[2019.11.05-18.16.57:147][  0]LogConfig: Setting CVar [[r.Filter.SizeScale:1]]
[2019.11.05-18.16.57:147][  0]LogConfig: Setting CVar [[r.Tonemapper.Quality:5]]
[2019.11.05-18.16.57:147][  0]LogConfig: Setting CVar [[r.DOF.Gather.AccumulatorQuality:1        ; higher gathering accumulator quality]]
[2019.11.05-18.16.57:147][  0]LogConfig: Setting CVar [[r.DOF.Gather.PostfilterMethod:1          ; Median3x3 postfilering method]]
[2019.11.05-18.16.57:147][  0]LogConfig: Setting CVar [[r.DOF.Gather.EnableBokehSettings:0       ; no bokeh simulation when gathering]]
[2019.11.05-18.16.57:147][  0]LogConfig: Setting CVar [[r.DOF.Gather.RingCount:4                 ; medium number of samples when gathering]]
[2019.11.05-18.16.57:147][  0]LogConfig: Setting CVar [[r.DOF.Scatter.ForegroundCompositing:1    ; additive foreground scattering]]
[2019.11.05-18.16.57:147][  0]LogConfig: Setting CVar [[r.DOF.Scatter.BackgroundCompositing:2    ; additive background scattering]]
[2019.11.05-18.16.57:147][  0]LogConfig: Setting CVar [[r.DOF.Scatter.EnableBokehSettings:1      ; bokeh simulation when scattering]]
[2019.11.05-18.16.57:147][  0]LogConfig: Setting CVar [[r.DOF.Scatter.MaxSpriteRatio:0.1         ; only a maximum of 10% of scattered bokeh]]
[2019.11.05-18.16.57:147][  0]LogConfig: Setting CVar [[r.DOF.Recombine.Quality:1                ; cheap slight out of focus]]
[2019.11.05-18.16.57:147][  0]LogConfig: Setting CVar [[r.DOF.Recombine.EnableBokehSettings:0    ; no bokeh simulation on slight out of focus]]
[2019.11.05-18.16.57:147][  0]LogConfig: Setting CVar [[r.DOF.TemporalAAQuality:1                ; more stable temporal accumulation]]
[2019.11.05-18.16.57:147][  0]LogConfig: Setting CVar [[r.DOF.Kernel.MaxForegroundRadius:0.025]]
[2019.11.05-18.16.57:147][  0]LogConfig: Setting CVar [[r.DOF.Kernel.MaxBackgroundRadius:0.025]]
[2019.11.05-18.16.57:147][  0]LogConfig: Applying CVar settings from Section [TextureQuality@3] File [C:/Users/130163/Documents/Unreal Projects/CogCollectors/Saved/Config/Windows/Scalability.ini]
[2019.11.05-18.16.57:147][  0]LogConfig: Setting CVar [[r.Streaming.MipBias:0]]
[2019.11.05-18.16.57:147][  0]LogConfig: Setting CVar [[r.Streaming.AmortizeCPUToGPUCopy:0]]
[2019.11.05-18.16.57:147][  0]LogConfig: Setting CVar [[r.Streaming.MaxNumTexturesToStreamPerFrame:0]]
[2019.11.05-18.16.57:147][  0]LogConfig: Setting CVar [[r.Streaming.Boost:1]]
[2019.11.05-18.16.57:147][  0]LogConfig: Setting CVar [[r.MaxAnisotropy:8]]
[2019.11.05-18.16.57:147][  0]LogConfig: Setting CVar [[r.Streaming.LimitPoolSizeToVRAM:0]]
[2019.11.05-18.16.57:147][  0]LogConfig: Setting CVar [[r.Streaming.PoolSize:1000]]
[2019.11.05-18.16.57:147][  0]LogConfig: Setting CVar [[r.Streaming.MaxEffectiveScreenSize:0]]
[2019.11.05-18.16.57:147][  0]LogConfig: Applying CVar settings from Section [EffectsQuality@3] File [C:/Users/130163/Documents/Unreal Projects/CogCollectors/Saved/Config/Windows/Scalability.ini]
[2019.11.05-18.16.57:147][  0]LogConfig: Setting CVar [[r.TranslucencyLightingVolumeDim:64]]
[2019.11.05-18.16.57:147][  0]LogConfig: Setting CVar [[r.RefractionQuality:2]]
[2019.11.05-18.16.57:147][  0]LogConfig: Setting CVar [[r.SSR.Quality:3]]
[2019.11.05-18.16.57:147][  0]LogConfig: Setting CVar [[r.SceneColorFormat:4]]
[2019.11.05-18.16.57:147][  0]LogConfig: Setting CVar [[r.DetailMode:2]]
[2019.11.05-18.16.57:147][  0]LogConfig: Setting CVar [[r.TranslucencyVolumeBlur:1]]
[2019.11.05-18.16.57:147][  0]LogConfig: Setting CVar [[r.MaterialQualityLevel:1 ; High quality]]
[2019.11.05-18.16.57:147][  0]LogConfig: Setting CVar [[r.SSS.Scale:1]]
[2019.11.05-18.16.57:147][  0]LogConfig: Setting CVar [[r.SSS.SampleSet:2]]
[2019.11.05-18.16.57:147][  0]LogConfig: Setting CVar [[r.SSS.Quality:1]]
[2019.11.05-18.16.57:147][  0]LogConfig: Setting CVar [[r.SSS.HalfRes:1]]
[2019.11.05-18.16.57:147][  0]LogConfig: Setting CVar [[r.EmitterSpawnRateScale:1.0]]
[2019.11.05-18.16.57:147][  0]LogConfig: Setting CVar [[r.ParticleLightQuality:2]]
[2019.11.05-18.16.57:147][  0]LogConfig: Applying CVar settings from Section [FoliageQuality@3] File [C:/Users/130163/Documents/Unreal Projects/CogCollectors/Saved/Config/Windows/Scalability.ini]
[2019.11.05-18.16.57:147][  0]LogConfig: Setting CVar [[foliage.DensityScale:1.0]]
[2019.11.05-18.16.57:147][  0]LogConfig: Setting CVar [[grass.DensityScale:1.0]]
[2019.11.05-18.16.57:147][  0]LogInit: Selected Device Profile: [Windows]
[2019.11.05-18.16.57:147][  0]LogInit: Applying CVar settings loaded from the selected device profile: [Windows]
[2019.11.05-18.16.57:149][  0]LogHAL: Display: Platform has ~ 16 GB [16994705408 / 17179869184 / 16], which maps to Larger [LargestMinGB=32, LargerMinGB=12, DefaultMinGB=8, SmallerMinGB=6, SmallestMinGB=0)
[2019.11.05-18.16.57:149][  0]LogInit: Going up to parent DeviceProfile []
[2019.11.05-18.16.57:149][  0]LogConfig: Applying CVar settings from Section [ViewDistanceQuality@3] File [C:/Users/130163/Documents/Unreal Projects/CogCollectors/Saved/Config/Windows/Scalability.ini]
[2019.11.05-18.16.57:149][  0]LogConfig: Setting CVar [[r.SkeletalMeshLODBias:0]]
[2019.11.05-18.16.57:149][  0]LogConfig: Setting CVar [[r.ViewDistanceScale:1.0]]
[2019.11.05-18.16.57:149][  0]LogConfig: Applying CVar settings from Section [AntiAliasingQuality@3] File [C:/Users/130163/Documents/Unreal Projects/CogCollectors/Saved/Config/Windows/Scalability.ini]
[2019.11.05-18.16.57:149][  0]LogConfig: Setting CVar [[r.PostProcessAAQuality:4]]
[2019.11.05-18.16.57:149][  0]LogConfig: Applying CVar settings from Section [ShadowQuality@3] File [C:/Users/130163/Documents/Unreal Projects/CogCollectors/Saved/Config/Windows/Scalability.ini]
[2019.11.05-18.16.57:149][  0]LogConfig: Setting CVar [[r.LightFunctionQuality:1]]
[2019.11.05-18.16.57:149][  0]LogConfig: Setting CVar [[r.ShadowQuality:5]]
[2019.11.05-18.16.57:149][  0]LogConfig: Setting CVar [[r.Shadow.CSM.MaxCascades:10]]
[2019.11.05-18.16.57:149][  0]LogConfig: Setting CVar [[r.Shadow.MaxResolution:2048]]
[2019.11.05-18.16.57:149][  0]LogConfig: Setting CVar [[r.Shadow.MaxCSMResolution:2048]]
[2019.11.05-18.16.57:149][  0]LogConfig: Setting CVar [[r.Shadow.RadiusThreshold:0.01]]
[2019.11.05-18.16.57:149][  0]LogConfig: Setting CVar [[r.Shadow.DistanceScale:1.0]]
[2019.11.05-18.16.57:149][  0]LogConfig: Setting CVar [[r.Shadow.CSM.TransitionScale:1.0]]
[2019.11.05-18.16.57:149][  0]LogConfig: Setting CVar [[r.Shadow.PreShadowResolutionFactor:1.0]]
[2019.11.05-18.16.57:149][  0]LogConfig: Setting CVar [[r.DistanceFieldShadowing:1]]
[2019.11.05-18.16.57:149][  0]LogConfig: Setting CVar [[r.DistanceFieldAO:1]]
[2019.11.05-18.16.57:149][  0]LogConfig: Setting CVar [[r.AOQuality:2]]
[2019.11.05-18.16.57:149][  0]LogConfig: Setting CVar [[r.VolumetricFog:1]]
[2019.11.05-18.16.57:149][  0]LogConfig: Setting CVar [[r.VolumetricFog.GridPixelSize:8]]
[2019.11.05-18.16.57:149][  0]LogConfig: Setting CVar [[r.VolumetricFog.GridSizeZ:128]]
[2019.11.05-18.16.57:149][  0]LogConfig: Setting CVar [[r.VolumetricFog.HistoryMissSupersampleCount:4]]
[2019.11.05-18.16.57:149][  0]LogConfig: Setting CVar [[r.LightMaxDrawDistanceScale:1]]
[2019.11.05-18.16.57:149][  0]LogConfig: Setting CVar [[r.CapsuleShadows:1]]
[2019.11.05-18.16.57:149][  0]LogConfig: Applying CVar settings from Section [PostProcessQuality@3] File [C:/Users/130163/Documents/Unreal Projects/CogCollectors/Saved/Config/Windows/Scalability.ini]
[2019.11.05-18.16.57:149][  0]LogConfig: Setting CVar [[r.MotionBlurQuality:4]]
[2019.11.05-18.16.57:150][  0]LogConfig: Setting CVar [[r.AmbientOcclusionMipLevelFactor:0.4]]
[2019.11.05-18.16.57:150][  0]LogConfig: Setting CVar [[r.AmbientOcclusionMaxQuality:100]]
[2019.11.05-18.16.57:150][  0]LogConfig: Setting CVar [[r.AmbientOcclusionLevels:-1]]
[2019.11.05-18.16.57:150][  0]LogConfig: Setting CVar [[r.AmbientOcclusionRadiusScale:1.0]]
[2019.11.05-18.16.57:150][  0]LogConfig: Setting CVar [[r.DepthOfFieldQuality:2]]
[2019.11.05-18.16.57:150][  0]LogConfig: Setting CVar [[r.RenderTargetPoolMin:400]]
[2019.11.05-18.16.57:150][  0]LogConfig: Setting CVar [[r.LensFlareQuality:2]]
[2019.11.05-18.16.57:150][  0]LogConfig: Setting CVar [[r.SceneColorFringeQuality:1]]
[2019.11.05-18.16.57:150][  0]LogConfig: Setting CVar [[r.EyeAdaptationQuality:2]]
[2019.11.05-18.16.57:150][  0]LogConfig: Setting CVar [[r.BloomQuality:5]]
[2019.11.05-18.16.57:150][  0]LogConfig: Setting CVar [[r.FastBlurThreshold:100]]
[2019.11.05-18.16.57:150][  0]LogConfig: Setting CVar [[r.Upscale.Quality:3]]
[2019.11.05-18.16.57:150][  0]LogConfig: Setting CVar [[r.Tonemapper.GrainQuantization:1]]
[2019.11.05-18.16.57:150][  0]LogConfig: Setting CVar [[r.LightShaftQuality:1]]
[2019.11.05-18.16.57:150][  0]LogConfig: Setting CVar [[r.Filter.SizeScale:1]]
[2019.11.05-18.16.57:150][  0]LogConfig: Setting CVar [[r.Tonemapper.Quality:5]]
[2019.11.05-18.16.57:150][  0]LogConfig: Setting CVar [[r.DOF.Gather.AccumulatorQuality:1        ; higher gathering accumulator quality]]
[2019.11.05-18.16.57:150][  0]LogConfig: Setting CVar [[r.DOF.Gather.PostfilterMethod:1          ; Median3x3 postfilering method]]
[2019.11.05-18.16.57:150][  0]LogConfig: Setting CVar [[r.DOF.Gather.EnableBokehSettings:0       ; no bokeh simulation when gathering]]
[2019.11.05-18.16.57:150][  0]LogConfig: Setting CVar [[r.DOF.Gather.RingCount:4                 ; medium number of samples when gathering]]
[2019.11.05-18.16.57:150][  0]LogConfig: Setting CVar [[r.DOF.Scatter.ForegroundCompositing:1    ; additive foreground scattering]]
[2019.11.05-18.16.57:150][  0]LogConfig: Setting CVar [[r.DOF.Scatter.BackgroundCompositing:2    ; additive background scattering]]
[2019.11.05-18.16.57:150][  0]LogConfig: Setting CVar [[r.DOF.Scatter.EnableBokehSettings:1      ; bokeh simulation when scattering]]
[2019.11.05-18.16.57:150][  0]LogConfig: Setting CVar [[r.DOF.Scatter.MaxSpriteRatio:0.1         ; only a maximum of 10% of scattered bokeh]]
[2019.11.05-18.16.57:150][  0]LogConfig: Setting CVar [[r.DOF.Recombine.Quality:1                ; cheap slight out of focus]]
[2019.11.05-18.16.57:150][  0]LogConfig: Setting CVar [[r.DOF.Recombine.EnableBokehSettings:0    ; no bokeh simulation on slight out of focus]]
[2019.11.05-18.16.57:150][  0]LogConfig: Setting CVar [[r.DOF.TemporalAAQuality:1                ; more stable temporal accumulation]]
[2019.11.05-18.16.57:150][  0]LogConfig: Setting CVar [[r.DOF.Kernel.MaxForegroundRadius:0.025]]
[2019.11.05-18.16.57:150][  0]LogConfig: Setting CVar [[r.DOF.Kernel.MaxBackgroundRadius:0.025]]
[2019.11.05-18.16.57:150][  0]LogConfig: Applying CVar settings from Section [TextureQuality@3] File [C:/Users/130163/Documents/Unreal Projects/CogCollectors/Saved/Config/Windows/Scalability.ini]
[2019.11.05-18.16.57:150][  0]LogConfig: Setting CVar [[r.Streaming.MipBias:0]]
[2019.11.05-18.16.57:150][  0]LogConfig: Setting CVar [[r.Streaming.AmortizeCPUToGPUCopy:0]]
[2019.11.05-18.16.57:150][  0]LogConfig: Setting CVar [[r.Streaming.MaxNumTexturesToStreamPerFrame:0]]
[2019.11.05-18.16.57:150][  0]LogConfig: Setting CVar [[r.Streaming.Boost:1]]
[2019.11.05-18.16.57:150][  0]LogConfig: Setting CVar [[r.MaxAnisotropy:8]]
[2019.11.05-18.16.57:150][  0]LogConfig: Setting CVar [[r.Streaming.LimitPoolSizeToVRAM:0]]
[2019.11.05-18.16.57:150][  0]LogConfig: Setting CVar [[r.Streaming.PoolSize:1000]]
[2019.11.05-18.16.57:150][  0]LogConfig: Setting CVar [[r.Streaming.MaxEffectiveScreenSize:0]]
[2019.11.05-18.16.57:150][  0]LogConfig: Applying CVar settings from Section [EffectsQuality@3] File [C:/Users/130163/Documents/Unreal Projects/CogCollectors/Saved/Config/Windows/Scalability.ini]
[2019.11.05-18.16.57:150][  0]LogConfig: Setting CVar [[r.TranslucencyLightingVolumeDim:64]]
[2019.11.05-18.16.57:150][  0]LogConfig: Setting CVar [[r.RefractionQuality:2]]
[2019.11.05-18.16.57:150][  0]LogConfig: Setting CVar [[r.SSR.Quality:3]]
[2019.11.05-18.16.57:150][  0]LogConfig: Setting CVar [[r.SceneColorFormat:4]]
[2019.11.05-18.16.57:150][  0]LogConfig: Setting CVar [[r.DetailMode:2]]
[2019.11.05-18.16.57:150][  0]LogConfig: Setting CVar [[r.TranslucencyVolumeBlur:1]]
[2019.11.05-18.16.57:150][  0]LogConfig: Setting CVar [[r.MaterialQualityLevel:1 ; High quality]]
[2019.11.05-18.16.57:150][  0]LogConfig: Setting CVar [[r.SSS.Scale:1]]
[2019.11.05-18.16.57:150][  0]LogConfig: Setting CVar [[r.SSS.SampleSet:2]]
[2019.11.05-18.16.57:150][  0]LogConfig: Setting CVar [[r.SSS.Quality:1]]
[2019.11.05-18.16.57:150][  0]LogConfig: Setting CVar [[r.SSS.HalfRes:1]]
[2019.11.05-18.16.57:150][  0]LogConfig: Setting CVar [[r.EmitterSpawnRateScale:1.0]]
[2019.11.05-18.16.57:150][  0]LogConfig: Setting CVar [[r.ParticleLightQuality:2]]
[2019.11.05-18.16.57:150][  0]LogConfig: Applying CVar settings from Section [FoliageQuality@3] File [C:/Users/130163/Documents/Unreal Projects/CogCollectors/Saved/Config/Windows/Scalability.ini]
[2019.11.05-18.16.57:150][  0]LogConfig: Setting CVar [[foliage.DensityScale:1.0]]
[2019.11.05-18.16.57:150][  0]LogConfig: Setting CVar [[grass.DensityScale:1.0]]
[2019.11.05-18.16.57:150][  0]LogConfig: Applying CVar settings from Section [Startup] File [../../../Engine/Config/ConsoleVariables.ini]
[2019.11.05-18.16.57:150][  0]LogConfig: Setting CVar [[net.UseAdaptiveNetUpdateFrequency:0]]
[2019.11.05-18.16.57:150][  0]LogConfig: Setting CVar [[p.chaos.AllowCreatePhysxBodies:1]]
[2019.11.05-18.16.57:150][  0]LogConfig: Applying CVar settings from Section [ConsoleVariables] File [C:/Users/130163/Documents/Unreal Projects/CogCollectors/Saved/Config/Windows/Engine.ini]
[2019.11.05-18.16.57:150][  0]LogInit: Computer: CAIT-02-115-21
[2019.11.05-18.16.57:150][  0]LogInit: User: 130163
[2019.11.05-18.16.57:150][  0]LogInit: CPU Page size=4096, Cores=6
[2019.11.05-18.16.57:150][  0]LogInit: High frequency timer resolution =2.929686 MHz
[2019.11.05-18.16.57:151][  0]LogMemory: Memory total: Physical=15.8GB (16GB approx)
[2019.11.05-18.16.57:151][  0]LogMemory: Platform Memory Stats for Windows
[2019.11.05-18.16.57:151][  0]LogMemory: Process Physical Memory: 100.06 MB used, 100.06 MB peak
[2019.11.05-18.16.57:151][  0]LogMemory: Process Virtual Memory: 100.21 MB used, 100.21 MB peak
[2019.11.05-18.16.57:151][  0]LogMemory: Physical Memory: 4420.25 MB used,  11787.16 MB free, 16207.41 MB total
[2019.11.05-18.16.57:151][  0]LogMemory: Virtual Memory: 4675.82 MB used,  134213056.00 MB free, 134217728.00 MB total
[2019.11.05-18.16.57:152][  0]LogWindows: WindowsPlatformFeatures enabled
[2019.11.05-18.16.57:173][  0]LogInit: Using OS detected language (en-US).
[2019.11.05-18.16.57:173][  0]LogInit: Using OS detected locale (en-US).
[2019.11.05-18.16.57:174][  0]LogTextLocalizationManager: No specific localization for 'en-US' exists, so the 'en' localization will be used.
[2019.11.05-18.16.57:309][  0]LogInit: Setting process to per monitor DPI aware
[2019.11.05-18.16.57:339][  0]LogSlate: New Slate User Created.  User Index 0, Is Virtual User: 0
[2019.11.05-18.16.57:339][  0]LogSlate: Slate User Registered.  User Index 0, Is Virtual User: 0
[2019.11.05-18.16.57:469][  0]LogHMD: Failed to initialize OpenVR with code 110
[2019.11.05-18.16.57:469][  0]LogD3D11RHI: D3D11 adapters:
[2019.11.05-18.16.57:480][  0]LogD3D11RHI:    0. 'Intel(R) UHD Graphics 630' (Feature Level 11_0)
[2019.11.05-18.16.57:480][  0]LogD3D11RHI:       128/0/8103 MB DedicatedVideo/DedicatedSystem/SharedSystem, Outputs:1, VendorId:0x8086
[2019.11.05-18.16.57:504][  0]LogD3D11RHI:    1. 'AMD Radeon RX 550' (Feature Level 11_0)
[2019.11.05-18.16.57:504][  0]LogD3D11RHI:       4042/0/8103 MB DedicatedVideo/DedicatedSystem/SharedSystem, Outputs:0, VendorId:0x1002
[2019.11.05-18.16.57:506][  0]LogD3D11RHI:    2. 'Microsoft Basic Render Driver' (Feature Level 11_0)
[2019.11.05-18.16.57:506][  0]LogD3D11RHI:       0/0/8103 MB DedicatedVideo/DedicatedSystem/SharedSystem, Outputs:0, VendorId:0x1414
[2019.11.05-18.16.57:506][  0]LogD3D11RHI: Chosen D3D11 Adapter: 1
[2019.11.05-18.16.57:512][  0]LogD3D11RHI: Creating new Direct3DDevice
[2019.11.05-18.16.57:512][  0]LogD3D11RHI:     GPU DeviceId: 0x699f (for the marketing name, search the web for "GPU Device Id")
[2019.11.05-18.16.57:512][  0]LogWindows: EnumDisplayDevices:
[2019.11.05-18.16.57:512][  0]LogWindows:    0. 'Intel(R) UHD Graphics 630' (P:1 D:1)
[2019.11.05-18.16.57:512][  0]LogWindows:    1. 'Intel(R) UHD Graphics 630' (P:0 D:0)
[2019.11.05-18.16.57:512][  0]LogWindows:    2. 'Intel(R) UHD Graphics 630' (P:0 D:0)
[2019.11.05-18.16.57:513][  0]LogWindows:    3. 'AMD Radeon RX 550' (P:0 D:0)
[2019.11.05-18.16.57:513][  0]LogWindows:    4. 'AMD Radeon RX 550' (P:0 D:0)
[2019.11.05-18.16.57:513][  0]LogWindows:    5. 'AMD Radeon RX 550' (P:0 D:0)
[2019.11.05-18.16.57:513][  0]LogWindows:    6. 'AMD Radeon RX 550' (P:0 D:0)
[2019.11.05-18.16.57:514][  0]LogWindows:    7. 'AMD Radeon RX 550' (P:0 D:0)
[2019.11.05-18.16.57:514][  0]LogWindows:    8. 'AMD Radeon RX 550' (P:0 D:0)
[2019.11.05-18.16.57:514][  0]LogWindows:    9. 'AMD Radeon RX 550' (P:0 D:0)
[2019.11.05-18.16.57:514][  0]LogWindows:    10. 'AMD Radeon RX 550' (P:0 D:0)
[2019.11.05-18.16.57:515][  0]LogWindows:    11. 'AMD Radeon RX 550' (P:0 D:0)
[2019.11.05-18.16.57:515][  0]LogWindows:    12. 'AMD Radeon RX 550' (P:0 D:0)
[2019.11.05-18.16.57:515][  0]LogWindows:    13. 'AMD Radeon RX 550' (P:0 D:0)
[2019.11.05-18.16.57:516][  0]LogWindows:    14. 'AMD Radeon RX 550' (P:0 D:0)
[2019.11.05-18.16.57:516][  0]LogWindows:    15. 'AMD Radeon RX 550' (P:0 D:0)
[2019.11.05-18.16.57:516][  0]LogWindows:    16. 'AMD Radeon RX 550' (P:0 D:0)
[2019.11.05-18.16.57:516][  0]LogWindows:    17. 'AMD Radeon RX 550' (P:0 D:0)
[2019.11.05-18.16.57:517][  0]LogWindows:    18. 'AMD Radeon RX 550' (P:0 D:0)
[2019.11.05-18.16.57:517][  0]LogWindows:    19. 'mv video hook driver2' (P:0 D:0)
[2019.11.05-18.16.57:517][  0]LogWindows: DebugString: PrimaryIsNotTheChoosenAdapter PrimaryIsNotTheChoosenAdapter PrimaryIsNotTheChoosenAdapter GetVideoDriverDetailsInvalid PrimaryIsNotTheChoosenAdapter FoundDriverCount:16 
[2019.11.05-18.16.57:517][  0]LogD3D11RHI:     Adapter Name: AMD Radeon RX 550
[2019.11.05-18.16.57:517][  0]LogD3D11RHI:   Driver Version: Adrenalin 17.12 (internal:24.20.11016.4, unified:24.20.11016.4)
[2019.11.05-18.16.57:517][  0]LogD3D11RHI:      Driver Date: 5-16-2018
[2019.11.05-18.16.57:517][  0]LogRHI: Texture pool is 2829 MB (70% of 4042 MB)
[2019.11.05-18.16.57:585][  0]LogD3D11RHI: Async texture creation enabled
[2019.11.05-18.16.57:596][  0]LogD3D11RHI: GPU Timing Frequency: 25.000000 (Debug: 2 1)
[2019.11.05-18.16.57:831][  0]LogTemp: Display: Module 'AllDesktopTargetPlatform' loaded TargetPlatform 'AllDesktop'
[2019.11.05-18.16.57:839][  0]LogTemp: Display: Module 'MacClientTargetPlatform' loaded TargetPlatform 'MacClient'
[2019.11.05-18.16.57:846][  0]LogTemp: Display: Module 'MacNoEditorTargetPlatform' loaded TargetPlatform 'MacNoEditor'
[2019.11.05-18.16.57:854][  0]LogTemp: Display: Module 'MacServerTargetPlatform' loaded TargetPlatform 'MacServer'
[2019.11.05-18.16.57:861][  0]LogTemp: Display: Module 'MacTargetPlatform' loaded TargetPlatform 'Mac'
[2019.11.05-18.16.57:869][  0]LogTemp: Display: Module 'WindowsClientTargetPlatform' loaded TargetPlatform 'WindowsClient'
[2019.11.05-18.16.57:876][  0]LogTemp: Display: Module 'WindowsNoEditorTargetPlatform' loaded TargetPlatform 'WindowsNoEditor'
[2019.11.05-18.16.57:884][  0]LogTemp: Display: Module 'WindowsServerTargetPlatform' loaded TargetPlatform 'WindowsServer'
[2019.11.05-18.16.57:888][  0]LogTemp: Display: Module 'WindowsTargetPlatform' loaded TargetPlatform 'Windows'
[2019.11.05-18.16.57:914][  0]LogTemp: Display: Module 'AndroidTargetPlatform' loaded TargetPlatform 'Android'
[2019.11.05-18.16.57:914][  0]LogTemp: Display: Module 'AndroidTargetPlatform' loaded TargetPlatform 'Android_ASTC'
[2019.11.05-18.16.57:914][  0]LogTemp: Display: Module 'AndroidTargetPlatform' loaded TargetPlatform 'Android_ATC'
[2019.11.05-18.16.57:914][  0]LogTemp: Display: Module 'AndroidTargetPlatform' loaded TargetPlatform 'Android_DXT'
[2019.11.05-18.16.57:914][  0]LogTemp: Display: Module 'AndroidTargetPlatform' loaded TargetPlatform 'Android_ETC1'
[2019.11.05-18.16.57:914][  0]LogTemp: Display: Module 'AndroidTargetPlatform' loaded TargetPlatform 'Android_ETC1a'
[2019.11.05-18.16.57:914][  0]LogTemp: Display: Module 'AndroidTargetPlatform' loaded TargetPlatform 'Android_ETC2'
[2019.11.05-18.16.57:914][  0]LogTemp: Display: Module 'AndroidTargetPlatform' loaded TargetPlatform 'Android_PVRTC'
[2019.11.05-18.16.57:914][  0]LogTemp: Display: Module 'AndroidTargetPlatform' loaded TargetPlatform 'AndroidClient'
[2019.11.05-18.16.57:914][  0]LogTemp: Display: Module 'AndroidTargetPlatform' loaded TargetPlatform 'Android_ASTCClient'
[2019.11.05-18.16.57:914][  0]LogTemp: Display: Module 'AndroidTargetPlatform' loaded TargetPlatform 'Android_ATCClient'
[2019.11.05-18.16.57:914][  0]LogTemp: Display: Module 'AndroidTargetPlatform' loaded TargetPlatform 'Android_DXTClient'
[2019.11.05-18.16.57:914][  0]LogTemp: Display: Module 'AndroidTargetPlatform' loaded TargetPlatform 'Android_ETC1Client'
[2019.11.05-18.16.57:914][  0]LogTemp: Display: Module 'AndroidTargetPlatform' loaded TargetPlatform 'Android_ETC1aClient'
[2019.11.05-18.16.57:914][  0]LogTemp: Display: Module 'AndroidTargetPlatform' loaded TargetPlatform 'Android_ETC2Client'
[2019.11.05-18.16.57:914][  0]LogTemp: Display: Module 'AndroidTargetPlatform' loaded TargetPlatform 'Android_PVRTCClient'
[2019.11.05-18.16.57:914][  0]LogTemp: Display: Module 'AndroidTargetPlatform' loaded TargetPlatform 'Android_Multi'
[2019.11.05-18.16.57:914][  0]LogTemp: Display: Module 'AndroidTargetPlatform' loaded TargetPlatform 'Android_MultiClient'
[2019.11.05-18.16.57:916][  0]LogTemp: Display: Module 'HTML5TargetPlatform' loaded TargetPlatform 'HTML5'
[2019.11.05-18.16.57:930][  0]LogTemp: Display: Module 'IOSTargetPlatform' loaded TargetPlatform 'IOSClient'
[2019.11.05-18.16.57:930][  0]LogTemp: Display: Module 'IOSTargetPlatform' loaded TargetPlatform 'IOS'
[2019.11.05-18.16.57:941][  0]LogTemp: Display: Module 'TVOSTargetPlatform' loaded TargetPlatform 'TVOSClient'
[2019.11.05-18.16.57:941][  0]LogTemp: Display: Module 'TVOSTargetPlatform' loaded TargetPlatform 'TVOS'
[2019.11.05-18.16.57:947][  0]LogTemp: Display: Module 'LinuxClientTargetPlatform' loaded TargetPlatform 'LinuxClient'
[2019.11.05-18.16.57:953][  0]LogTemp: Display: Module 'LinuxNoEditorTargetPlatform' loaded TargetPlatform 'LinuxNoEditor'
[2019.11.05-18.16.57:959][  0]LogTemp: Display: Module 'LinuxServerTargetPlatform' loaded TargetPlatform 'LinuxServer'
[2019.11.05-18.16.57:965][  0]LogTemp: Display: Module 'LinuxTargetPlatform' loaded TargetPlatform 'Linux'
[2019.11.05-18.16.57:985][  0]LogTemp: Display: Module 'LuminTargetPlatform' loaded TargetPlatform 'Lumin'
[2019.11.05-18.16.57:985][  0]LogTemp: Display: Module 'LuminTargetPlatform' loaded TargetPlatform 'LuminClient'
[2019.11.05-18.16.57:985][  0]LogTargetPlatformManager: Display: Building Assets For Windows
[2019.11.05-18.16.57:994][  0]LogAudioDebug: Display: Lib vorbis DLL was dynamically loaded.
[2019.11.05-18.16.58:046][  0]LogShaderCompilers: Guid format shader working directory is -7 characters bigger than the processId version (../../../../../Documents/Unreal Projects/CogCollectors/Intermediate/Shaders/WorkingDirectory/5376/).
[2019.11.05-18.16.58:046][  0]LogShaderCompilers: Cleaned the shader compiler working directory 'C:/Users/130163/AppData/Local/Temp/UnrealShaderWorkingDir/E43895B54174D1544C994AA3A1340FD6/'.
[2019.11.05-18.16.58:048][  0]LogXGEController: Cannot use XGE Controller as Incredibuild is not installed on this machine.
[2019.11.05-18.16.58:049][  0]LogShaderCompilers: Cannot use XGE Shader Compiler as Incredibuild is not installed on this machine.
[2019.11.05-18.16.58:049][  0]LogShaderCompilers: Display: Using Local Shader Compiler.
[2019.11.05-18.16.58:562][  0]LogDerivedDataCache: Display: Max Cache Size: 512 MB
[2019.11.05-18.16.58:604][  0]LogDerivedDataCache: Loaded boot cache 0.04s 73MB C:/Users/130163/AppData/Local/UnrealEngine/4.23/DerivedDataCache/Boot.ddc.
[2019.11.05-18.16.58:604][  0]LogDerivedDataCache: Display: Loaded Boot cache: C:/Users/130163/AppData/Local/UnrealEngine/4.23/DerivedDataCache/Boot.ddc
[2019.11.05-18.16.58:604][  0]LogDerivedDataCache: FDerivedDataBackendGraph:  Pak pak cache file ../../../../../Documents/Unreal Projects/CogCollectors/DerivedDataCache/DDC.ddp not found, will not use a pak cache.
[2019.11.05-18.16.58:604][  0]LogDerivedDataCache: Unable to find inner node Pak for hierarchical cache Hierarchy.
[2019.11.05-18.16.58:604][  0]LogDerivedDataCache: FDerivedDataBackendGraph:  CompressedPak pak cache file ../../../../../Documents/Unreal Projects/CogCollectors/DerivedDataCache/Compressed.ddp not found, will not use a pak cache.
[2019.11.05-18.16.58:604][  0]LogDerivedDataCache: Unable to find inner node CompressedPak for hierarchical cache Hierarchy.
[2019.11.05-18.16.58:614][  0]LogDerivedDataCache: Display: Pak cache opened for reading ../../../Engine/DerivedDataCache/Compressed.ddp.
[2019.11.05-18.16.58:614][  0]LogDerivedDataCache: FDerivedDataBackendGraph:  EnterprisePak pak cache file ../../../Enterprise/DerivedDataCache/Compressed.ddp not found, will not use a pak cache.
[2019.11.05-18.16.58:614][  0]LogDerivedDataCache: Unable to find inner node EnterprisePak for hierarchical cache Hierarchy.
[2019.11.05-18.16.58:615][  0]LogDerivedDataCache: Using Local data cache path C:/Users/130163/AppData/Local/UnrealEngine/Common/DerivedDataCache: Writable
[2019.11.05-18.16.58:615][  0]LogDerivedDataCache: Shared data cache path not found in *engine.ini, will not use an Shared cache.
[2019.11.05-18.16.58:615][  0]LogDerivedDataCache: Unable to find inner node Shared for hierarchical cache Hierarchy.
[2019.11.05-18.16.58:632][  0]LogMaterial: Verifying Global Shaders for PCD3D_SM5
[2019.11.05-18.16.58:634][  0]LogSlate: Using FreeType 2.6.0
[2019.11.05-18.16.58:635][  0]LogSlate: SlateFontServices - WITH_FREETYPE: 1, WITH_HARFBUZZ: 1
[2019.11.05-18.16.58:682][  0]LogAssetRegistry: FAssetRegistry took 0.0021 seconds to start up
[2019.11.05-18.16.58:891][  0]LogInit: Selected Device Profile: [Windows]
[2019.11.05-18.16.59:016][  0]LogMeshReduction: Using QuadricMeshReduction for automatic static mesh reduction
[2019.11.05-18.16.59:016][  0]LogMeshReduction: Using SimplygonMeshReduction for automatic skeletal mesh reduction
[2019.11.05-18.16.59:016][  0]LogMeshReduction: Using ProxyLODMeshReduction for automatic mesh merging
[2019.11.05-18.16.59:016][  0]LogMeshReduction: No distributed automatic mesh merging module available
[2019.11.05-18.16.59:016][  0]LogMeshMerging: No distributed automatic mesh merging module available
[2019.11.05-18.16.59:023][  0]LogNetVersion: CogCollectors 1.0.0, NetCL: 8386587, EngineNetVer: 11, GameNetVer: 0 (Checksum: 1308719714)
[2019.11.05-18.16.59:390][  0]LogPackageLocalizationCache: Processed 12 localized package path(s) for 1 prioritized culture(s) in 0.048674 seconds
[2019.11.05-18.16.59:397][  0]LogUObjectArray: 43444 objects as part of root set at end of initial load.
[2019.11.05-18.16.59:397][  0]LogUObjectAllocator: 7548648 out of 0 bytes used by permanent object pool.
[2019.11.05-18.16.59:397][  0]LogUObjectArray: CloseDisregardForGC: 0/0 objects in disregard for GC pool
[2019.11.05-18.17.00:114][  0]LogTcpMessaging: Initializing TcpMessaging bridge
[2019.11.05-18.17.00:117][  0]LogUdpMessaging: Initializing bridge on interface 0.0.0.0:0 to multicast group 230.0.0.1:6666.
[2019.11.05-18.17.00:162][  0]SourceControl: Source control is disabled
[2019.11.05-18.17.00:162][  0]SourceControl: Source control is disabled
[2019.11.05-18.17.00:164][  0]SourceControl: Source control is disabled
[2019.11.05-18.17.00:165][  0]SourceControl: Source control is disabled
[2019.11.05-18.17.00:238][  0]LogAndroidPermission: UAndroidPermissionCallbackProxy::GetInstance
[2019.11.05-18.17.00:361][  0]LogOcInput: OculusInput pre-init called
[2019.11.05-18.17.00:366][  0]LogWindows: Failed to load 'OVRPlugin.dll' (GetLastError=126)
[2019.11.05-18.17.00:366][  0]LogWindows: File 'OVRPlugin.dll' does not exist
[2019.11.05-18.17.00:424][  0]LogEngine: Initializing Engine...
[2019.11.05-18.17.00:425][  0]LogHMD: Failed to initialize OpenVR with code 110
[2019.11.05-18.17.00:425][  0]LogStats: UGameplayTagsManager::InitializeManager -  0.000 s
[2019.11.05-18.17.00:608][  0]LogInit: Initializing FReadOnlyCVARCache
[2019.11.05-18.17.00:621][  0]LogAIModule: Creating AISystem for world Untitled
[2019.11.05-18.17.00:663][  0]LogInit: XAudio2 using 'Speakers/Headphones (Realtek(R) Audio)' : 2 channels at 48 kHz using 32 bits per sample (channel mask 0x3)
[2019.11.05-18.17.00:905][  0]LogInit: FAudioDevice initialized.
[2019.11.05-18.17.00:905][  0]LogNetVersion: Set ProjectVersion to 1.0.0.0. Version Checksum will be recalculated on next use.
[2019.11.05-18.17.00:981][  0]LogDerivedDataCache: Saved boot cache 0.08s 73MB C:/Users/130163/AppData/Local/UnrealEngine/4.23/DerivedDataCache/Boot.ddc.
[2019.11.05-18.17.00:991][  0]LogInit: Texture streaming: Enabled
[2019.11.05-18.17.01:009][  0]LogEngineSessionManager: EngineSessionManager initialized
[2019.11.05-18.17.01:009][  0]LogEditorSessionSummary: Verbose: Initializing EditorSessionSummaryWriter for editor session tracking
[2019.11.05-18.17.01:011][  0]LogEditorSessionSummary: EditorSessionSummaryWriter initialized
[2019.11.05-18.17.01:062][  0]LogInit: Transaction tracking system initialized
[2019.11.05-18.17.01:092][  0]BlueprintLog: New page: Editor Load
[2019.11.05-18.17.01:167][  0]LocalizationService: Localization service is disabled
[2019.11.05-18.17.01:372][  0]LogFileCache: Scanning file cache for directory 'C:/Users/130163/Documents/Unreal Projects/CogCollectors/Content/' took 0.01s
[2019.11.05-18.17.01:372][  0]LogCook: Display: Max memory allowance for cook 16384mb min free memory 0mb
[2019.11.05-18.17.01:372][  0]LogCook: Display: Mobile HDR setting 1
[2019.11.05-18.17.01:536][  0]SourceControl: Source control is disabled
[2019.11.05-18.17.01:536][  0]Cmd: MAP LOAD FILE="../../../../../Documents/Unreal Projects/CogCollectors/Content/ThirdPersonBP/Maps/ThirdPersonExampleMap.umap" TEMPLATE=0 SHOWPROGRESS=1 FEATURELEVEL=3
[2019.11.05-18.17.01:540][  0]LightingResults: New page: Lighting Build
[2019.11.05-18.17.01:543][  0]LogWorld: UWorld::CleanupWorld for Untitled, bSessionEnded=true, bCleanupResources=true
[2019.11.05-18.17.01:543][  0]MapCheck: New page: Map Check
[2019.11.05-18.17.01:543][  0]LightingResults: New page: Lighting Build
[2019.11.05-18.17.01:567][  0]LogUObjectHash: Compacting FUObjectHashTables data took   1.33ms
[2019.11.05-18.17.01:738][  0]LogLinker: Warning: While loading '../../../../../Documents/Unreal Projects/CogCollectors/Content/333/Inventory_UI.uasset' failed to load '/Game/333/MyChar': Can't find file.
[2019.11.05-18.17.01:738][  0]LogLinker: Warning: While loading '../../../../../Documents/Unreal Projects/CogCollectors/Content/333/Inventory_UI.uasset' failed to load '/Game/333/MyChar': Can't find file.
[2019.11.05-18.17.01:748][  0]LogLinker: Warning: While loading '../../../../../Documents/Unreal Projects/CogCollectors/Content/333/Item_Data_UI.uasset' failed to load '/Game/333/MyChar': Can't find file.
[2019.11.05-18.17.01:748][  0]LogLinker: Warning: While loading '../../../../../Documents/Unreal Projects/CogCollectors/Content/333/Item_Data_UI.uasset' failed to load '/Game/333/MyChar': Can't find file.
[2019.11.05-18.17.01:751][  0]LogLinker: Warning: While loading '../../../../../Documents/Unreal Projects/CogCollectors/Content/333/Item_Data_UI.uasset' failed to load '/Game/333/MyChar': Can't find file.
[2019.11.05-18.17.01:751][  0]LogLinker: Warning: While loading '../../../../../Documents/Unreal Projects/CogCollectors/Content/333/Item_Data_UI.uasset' failed to load '/Game/333/MyChar': Can't find file.
[2019.11.05-18.17.01:751][  0]LogLinker: Warning: While loading '../../../../../Documents/Unreal Projects/CogCollectors/Content/333/Item_Data_UI.uasset' failed to load '/Game/333/MyChar': Can't find file.
[2019.11.05-18.17.01:752][  0]LogLinker: Warning: While loading '../../../../../Documents/Unreal Projects/CogCollectors/Content/333/Item_Data_UI.uasset' failed to load '/Game/333/MyChar': Can't find file.
[2019.11.05-18.17.01:752][  0]LogLinker: Warning: While loading '../../../../../Documents/Unreal Projects/CogCollectors/Content/333/Item_Data_UI.uasset' failed to load '/Game/333/MyChar': Can't find file.
[2019.11.05-18.17.01:752][  0]LoadErrors: Failed to load /Game/333/MyChar.MyChar_C Referenced by Inventory_UI
[2019.11.05-18.17.01:752][  0]LogLinker: Warning: While loading '../../../../../Documents/Unreal Projects/CogCollectors/Content/333/Item_Data_UI.uasset' failed to load '/Game/333/MyChar': Can't find file.
[2019.11.05-18.17.01:752][  0]LoadErrors: Failed to load /Game/333/MyChar.MyChar_C Referenced by Inventory_UI
[2019.11.05-18.17.01:753][  0]LogLinker: Warning: While loading '../../../../../Documents/Unreal Projects/CogCollectors/Content/333/Item_Data_UI.uasset' failed to load '/Game/333/MyChar': Can't find file.
[2019.11.05-18.17.01:753][  0]LoadErrors: Failed to load /Game/333/MyChar.MyChar_C Referenced by K2Node_VariableGet_1
[2019.11.05-18.17.01:753][  0]LogLinker: Warning: While loading '../../../../../Documents/Unreal Projects/CogCollectors/Content/333/Item_Data_UI.uasset' failed to load '/Game/333/MyChar': Can't find file.
[2019.11.05-18.17.01:753][  0]LoadErrors: Failed to load /Game/333/MyChar.MyChar_C Referenced by K2Node_VariableGet_1
[2019.11.05-18.17.01:753][  0]LogLinker: Warning: While loading '../../../../../Documents/Unreal Projects/CogCollectors/Content/333/Item_Data_UI.uasset' failed to load '/Game/333/MyChar': Can't find file.
[2019.11.05-18.17.01:753][  0]LoadErrors: Failed to load /Game/333/MyChar.MyChar_C Referenced by K2Node_VariableGet_2
[2019.11.05-18.17.01:753][  0]LogLinker: Warning: While loading '../../../../../Documents/Unreal Projects/CogCollectors/Content/333/Item_Data_UI.uasset' failed to load '/Game/333/MyChar': Can't find file.
[2019.11.05-18.17.01:753][  0]LoadErrors: Failed to load /Game/333/MyChar.MyChar_C Referenced by K2Node_VariableGet_2
[2019.11.05-18.17.01:753][  0]LogLinker: Warning: While loading '../../../../../Documents/Unreal Projects/CogCollectors/Content/333/Item_Data_UI.uasset' failed to load '/Game/333/MyChar': Can't find file.
[2019.11.05-18.17.01:753][  0]LoadErrors: Failed to load /Game/333/MyChar.MyChar_C Referenced by K2Node_VariableGet_2
[2019.11.05-18.17.01:754][  0]LogLinker: Warning: While loading '../../../../../Documents/Unreal Projects/CogCollectors/Content/333/Item_Data_UI.uasset' failed to load '/Game/333/MyChar': Can't find file.
[2019.11.05-18.17.01:754][  0]LoadErrors: Failed to load /Game/333/MyChar.MyChar_C Referenced by K2Node_VariableGet_2
[2019.11.05-18.17.01:754][  0]LogLinker: Warning: While loading '../../../../../Documents/Unreal Projects/CogCollectors/Content/333/Inventory_UI.uasset' failed to load '/Game/333/MyChar': Can't find file.
[2019.11.05-18.17.01:754][  0]LogLinker: Warning: While loading '../../../../../Documents/Unreal Projects/CogCollectors/Content/333/Inventory_UI.uasset' failed to load '/Game/333/MyChar': Can't find file.
[2019.11.05-18.17.01:946][  0]LogAIModule: Creating AISystem for world ThirdPersonExampleMap
[2019.11.05-18.17.01:963][  0]LogEditorServer: Finished looking for orphan Actors (0.000 secs)
[2019.11.05-18.17.01:989][  0]LogUObjectHash: Compacting FUObjectHashTables data took   1.79ms
[2019.11.05-18.17.01:989][  0]Cmd: MAP CHECKDEP NOCLEARLOG
[2019.11.05-18.17.01:989][  0]MapCheck: Map check complete: 0 Error(s), 0 Warning(s), took 0.122ms to complete.
[2019.11.05-18.17.01:989][  0]LogFileHelpers: Loading map 'ThirdPersonExampleMap' took 0.453
[2019.11.05-18.17.02:088][  0]LogSlate: Updating window title bar state: overlay mode, drag disabled, window buttons hidden, title bar hidden
[2019.11.05-18.17.02:094][  0]LogSlate: Updating window title bar state: overlay mode, drag disabled, window buttons hidden, title bar hidden
[2019.11.05-18.17.02:100][  0]LogSlate: Updating window title bar state: overlay mode, drag disabled, window buttons hidden, title bar hidden
[2019.11.05-18.17.02:106][  0]LogSlate: Updating window title bar state: overlay mode, drag disabled, window buttons hidden, title bar hidden
[2019.11.05-18.17.02:115][  0]LogCollectionManager: Loaded 0 collections in 0.001992 seconds
[2019.11.05-18.17.02:120][  0]LogFileCache: Scanning file cache for directory 'C:/Users/130163/Documents/Unreal Projects/CogCollectors/Saved/Collections/' took 0.00s
[2019.11.05-18.17.02:120][  0]LogFileCache: Scanning file cache for directory 'C:/Users/130163/Documents/Unreal Projects/CogCollectors/Content/Developers/130163/Collections/' took 0.00s
[2019.11.05-18.17.02:120][  0]LogFileCache: Scanning file cache for directory 'C:/Users/130163/Documents/Unreal Projects/CogCollectors/Content/Collections/' took 0.00s
[2019.11.05-18.17.02:120][  0]LogCollectionManager: Rebuilt the GUID cache for 0 collections in 0.000003 seconds
[2019.11.05-18.17.02:127][  0]LogContentBrowser: Native class hierarchy populated in 0.0066 seconds. Added 2863 classes and 680 folders.
[2019.11.05-18.17.02:133][  0]LogContentBrowser: Native class hierarchy updated for 'WidgetCarousel' in 0.0002 seconds. Added 0 classes and 0 folders.
[2019.11.05-18.17.02:334][  0]LogContentBrowser: Native class hierarchy updated for 'AddContentDialog' in 0.0002 seconds. Added 0 classes and 0 folders.
[2019.11.05-18.17.02:338][  0]LogContentBrowser: Native class hierarchy updated for 'SceneOutliner' in 0.0002 seconds. Added 1 classes and 2 folders.
[2019.11.05-18.17.02:362][  0]LogSlate: Took 0.000133 seconds to synchronously load lazily loaded font '../../../Engine/Content/Slate/Fonts/Roboto-Regular.ttf' (155K)
[2019.11.05-18.17.02:363][  0]LogSlate: Took 0.000119 seconds to synchronously load lazily loaded font '../../../Engine/Content/Slate/Fonts/Roboto-Bold.ttf' (160K)
[2019.11.05-18.17.02:371][  0]LogSlate: Took 0.004460 seconds to synchronously load lazily loaded font '../../../Engine/Content/Editor/Slate/Fonts/FontAwesome.ttf' (139K)
[2019.11.05-18.17.02:465][  0]LogRenderer: Reallocating scene render targets to support 1128x572 Format 10 NumSamples 1 (Frame:1).
[2019.11.05-18.17.02:582][  0]LogSlate: FSceneViewport::OnFocusLost() reason 5
[2019.11.05-18.17.02:618][  0]LogSlate: Window 'Tutorials' being destroyed
[2019.11.05-18.17.02:629][  0]LogContentBrowser: Native class hierarchy updated for 'HierarchicalLODOutliner' in 0.0002 seconds. Added 0 classes and 0 folders.
[2019.11.05-18.17.02:629][  0]LogLoad: (Engine Initialization) Total time: 6.71 seconds
[2019.11.05-18.17.02:629][  0]LogLoad: (Engine Initialization) Total Blueprint compile time: 0.00 seconds
[2019.11.05-18.17.02:640][  0]LogWindowsTextInputMethodSystem: Display: IME system now deactivated.
[2019.11.05-18.17.02:686][  0]LogContentStreaming: Texture pool size now 1000 MB
[2019.11.05-18.17.02:687][  0]LogSlate: FSceneViewport::OnFocusLost() reason 5
[2019.11.05-18.17.02:723][  0]LogSlate: Took 0.003380 seconds to synchronously load lazily loaded font '../../../Engine/Content/Slate/Fonts/Roboto-Light.ttf' (167K)
[2019.11.05-18.17.02:843][  3]LogAssetRegistry: Asset discovery search completed in 4.1615 seconds
[2019.11.05-18.17.02:845][  3]LogCollectionManager: Rebuilt the object cache for 0 collections in 0.000003 seconds (found 0 objects)
[2019.11.05-18.17.02:845][  3]LogCollectionManager: Fixed up redirectors for 0 collections in 0.000037 seconds (updated 0 objects)
[2019.11.05-18.17.06:661][398]LogSlate: Window 'Message Log' being destroyed
[2019.11.05-18.17.06:665][398]LogSlate: Window 'Message Log' being destroyed
[2019.11.05-18.17.08:774][630]LogSlate: FSceneViewport::OnFocusLost() reason 0
[2019.11.05-18.17.08:898][636]LogSlate: Took 0.000120 seconds to synchronously load lazily loaded font '../../../Engine/Content/Slate/Fonts/Roboto-Light.ttf' (167K)
[2019.11.05-18.17.08:917][636]LogAIModule: Creating AISystem for world ThirdPersonExampleMap
[2019.11.05-18.17.08:926][636]LogAssetEditorManager: Opening Asset editor for World /Game/333/ThirdPersonExampleMap.ThirdPersonExampleMap
[2019.11.05-18.17.08:949][636]LogUObjectHash: Compacting FUObjectHashTables data took   1.27ms
[2019.11.05-18.17.08:950][636]Cmd: MAP LOAD FILE="../../../../../Documents/Unreal Projects/CogCollectors/Content/333/ThirdPersonExampleMap.umap" TEMPLATE=0 SHOWPROGRESS=1 FEATURELEVEL=3
[2019.11.05-18.17.08:950][636]LightingResults: New page: Lighting Build
[2019.11.05-18.17.08:950][636]LoadErrors: New page: Loading map: ThirdPersonExampleMap.umap
[2019.11.05-18.17.08:951][636]LogWorld: UWorld::CleanupWorld for ThirdPersonExampleMap, bSessionEnded=true, bCleanupResources=true
[2019.11.05-18.17.08:951][636]MapCheck: New page: Map Check
[2019.11.05-18.17.08:951][636]LightingResults: New page: Lighting Build
[2019.11.05-18.17.08:974][636]LogUObjectHash: Compacting FUObjectHashTables data took   1.43ms
[2019.11.05-18.17.08:976][636]LogEditorServer: Finished looking for orphan Actors (0.000 secs)
[2019.11.05-18.17.09:001][636]LogUObjectHash: Compacting FUObjectHashTables data took   1.25ms
[2019.11.05-18.17.09:022][636]Cmd: MAP CHECKDEP NOCLEARLOG
[2019.11.05-18.17.09:022][636]MapCheck: Map check complete: 0 Error(s), 0 Warning(s), took 0.094ms to complete.
[2019.11.05-18.17.09:022][636]LogFileHelpers: Loading map 'ThirdPersonExampleMap' took 0.073
[2019.11.05-18.17.13:356][108]LogObjectTools: Deleting 1 worlds: /Game/333/ThirdPersonExampleMap.ThirdPersonExampleMap
[2019.11.05-18.17.13:356][108]LogObjectTools: Currently 1 active worlds: /Game/333/ThirdPersonExampleMap.ThirdPersonExampleMap
[2019.11.05-18.17.14:269][108]LogSlate: Window 'Unable to delete level' being destroyed
[2019.11.05-18.17.17:667][483]LogObjectTools: Deleting 1 worlds: /Game/333/ThirdPersonExampleMap.ThirdPersonExampleMap
[2019.11.05-18.17.17:667][483]LogObjectTools: Currently 1 active worlds: /Game/333/ThirdPersonExampleMap.ThirdPersonExampleMap
[2019.11.05-18.17.18:882][483]LogSlate: Window 'Unable to delete level' being destroyed
[2019.11.05-18.17.24:982][875]LogAIModule: Creating AISystem for world TutorialLevel
[2019.11.05-18.17.25:001][875]PIE: Warning: AttachTo: '/Game/2222/TutorialLevel.TutorialLevel:PersistentLevel.FbxScene_gearrrrrrrrrrrrr.DefaultSceneRoot' is not static  (in blueprint "FbxScene_gearrrrrrrrrrrrr"), cannot attach '/Game/2222/TutorialLevel.TutorialLevel:PersistentLevel.FbxScene_gearrrrrrrrrrrrr.DefaultSceneRoot1' which is static to it. Aborting.
[2019.11.05-18.17.25:066][875]LogAssetEditorManager: Opening Asset editor for World /Game/2222/TutorialLevel.TutorialLevel
[2019.11.05-18.17.25:091][875]LogUObjectHash: Compacting FUObjectHashTables data took   1.83ms
[2019.11.05-18.17.25:092][875]Cmd: MAP LOAD FILE="../../../../../Documents/Unreal Projects/CogCollectors/Content/2222/TutorialLevel.umap" TEMPLATE=0 SHOWPROGRESS=1 FEATURELEVEL=3
[2019.11.05-18.17.25:092][875]LightingResults: New page: Lighting Build
[2019.11.05-18.17.25:092][875]LoadErrors: New page: Loading map: TutorialLevel.umap
[2019.11.05-18.17.25:093][875]LogWorld: UWorld::CleanupWorld for ThirdPersonExampleMap, bSessionEnded=true, bCleanupResources=true
[2019.11.05-18.17.25:093][875]MapCheck: New page: Map Check
[2019.11.05-18.17.25:093][875]LightingResults: New page: Lighting Build
[2019.11.05-18.17.25:117][875]LogUObjectHash: Compacting FUObjectHashTables data took   1.61ms
[2019.11.05-18.17.36:156][875]PIE: Warning: AttachTo: '/Game/2222/TutorialLevel.TutorialLevel:PersistentLevel.FbxScene_gearrrrrrrrrrrrr.DefaultSceneRoot' is not static  (in blueprint "FbxScene_gearrrrrrrrrrrrr"), cannot attach '/Game/2222/TutorialLevel.TutorialLevel:PersistentLevel.FbxScene_gearrrrrrrrrrrrr.DefaultSceneRoot1' which is static to it. Aborting.
[2019.11.05-18.17.36:166][875]LogEditorServer: Finished looking for orphan Actors (0.000 secs)
[2019.11.05-18.17.36:250][875]LogUObjectHash: Compacting FUObjectHashTables data took   1.44ms
[2019.11.05-18.17.36:271][875]Cmd: MAP CHECKDEP NOCLEARLOG
[2019.11.05-18.17.36:271][875]MapCheck: Map check complete: 0 Error(s), 0 Warning(s), took 0.11ms to complete.
[2019.11.05-18.17.36:271][875]LogFileHelpers: Loading map 'TutorialLevel' took 11.180
[2019.11.05-18.17.44:438][566]LogAIModule: Creating AISystem for world ThirdPersonExampleMap
[2019.11.05-18.17.44:445][566]LogObjectTools: Deleting 1 worlds: /Game/333/ThirdPersonExampleMap.ThirdPersonExampleMap
[2019.11.05-18.17.44:445][566]LogObjectTools: Currently 1 active worlds: /Game/2222/TutorialLevel.TutorialLevel
[2019.11.05-18.17.44:469][566]LogUObjectHash: Compacting FUObjectHashTables data took   1.40ms
[2019.11.05-18.17.47:907][566]LogSlate: Window 'Delete Assets' being destroyed
[2019.11.05-18.17.48:159][566]LogUObjectGlobals: Force Deleting 2 Package(s):
	Asset Name: /Game/333/ThirdPersonExampleMap.ThirdPersonExampleMap
	Asset Name: /Game/ThirdPersonBP/Maps/ThirdPersonExampleMap_BuiltData.ThirdPersonExampleMap_BuiltData
[2019.11.05-18.17.49:713][566]LogUObjectHash: Compacting FUObjectHashTables data took   1.14ms
[2019.11.05-18.17.49:736][566]LogUObjectHash: Compacting FUObjectHashTables data took   0.56ms
[2019.11.05-18.17.49:759][566]LogUObjectHash: Compacting FUObjectHashTables data took   0.56ms
[2019.11.05-18.17.49:780][566]LogUObjectHash: Compacting FUObjectHashTables data took   0.56ms
[2019.11.05-18.17.59:993][363]LogSlate: Window 'New Level' being destroyed
[2019.11.05-18.18.00:000][363]Cmd: MAP LOAD FILE="../../../Engine/Content/Maps/Templates/Template_Default.umap" TEMPLATE=1 SHOWPROGRESS=1 FEATURELEVEL=3
[2019.11.05-18.18.00:020][363]LightingResults: New page: Lighting Build
[2019.11.05-18.18.00:021][363]LoadErrors: New page: Loading map: Template_Default.umap
[2019.11.05-18.18.00:024][363]LogWorld: UWorld::CleanupWorld for TutorialLevel, bSessionEnded=true, bCleanupResources=true
[2019.11.05-18.18.00:029][363]MapCheck: New page: Map Check
[2019.11.05-18.18.00:029][363]LightingResults: New page: Lighting Build
[2019.11.05-18.18.00:093][363]LogUObjectHash: Compacting FUObjectHashTables data took   1.51ms
[2019.11.05-18.18.00:117][363]LogAIModule: Creating AISystem for world Untitled_1
[2019.11.05-18.18.00:124][363]LogEditorServer: Finished looking for orphan Actors (0.000 secs)
[2019.11.05-18.18.00:148][363]LogUObjectHash: Compacting FUObjectHashTables data took   1.29ms
[2019.11.05-18.18.00:152][363]Cmd: MAP CHECKDEP NOCLEARLOG
[2019.11.05-18.18.00:153][363]MapCheck: Map check complete: 0 Error(s), 0 Warning(s), took 0.114ms to complete.
[2019.11.05-18.18.00:153][363]LogFileHelpers: Loading map 'Template_Default' took 0.154
[2019.11.05-18.18.06:207][ 18]LogSlate: FSceneViewport::OnFocusLost() reason 0
[2019.11.05-18.18.29:089][482]LogSlate: Window 'Save Level As' being destroyed
[2019.11.05-18.18.29:142][482]LogUObjectHash: Compacting FUObjectHashTables data took   1.44ms
[2019.11.05-18.18.29:144][482]Cmd: OBJ SAVEPACKAGE PACKAGE="/Game/333/Cog_Icelvl" FILE="../../../../../Documents/Unreal Projects/CogCollectors/Content/333/Cog_Icelvl.umap" SILENT=true AUTOSAVING=false KEEPDIRTY=false
[2019.11.05-18.18.29:168][482]LogUObjectHash: Compacting FUObjectHashTables data took   1.19ms
[2019.11.05-18.18.29:257][482]LogSavePackage: Moving '../../../../../Documents/Unreal Projects/CogCollectors/Saved/Cog_IcelvlF722474444B6D5B58C18289EB1BCEE0E.tmp' to '../../../../../Documents/Unreal Projects/CogCollectors/Content/333/Cog_Icelvl.umap'
[2019.11.05-18.18.29:284][482]Cmd: OBJ SAVEPACKAGE PACKAGE="/Game/333/Cog_Icelvl_BuiltData" FILE="../../../../../Documents/Unreal Projects/CogCollectors/Content/333/Cog_Icelvl_BuiltData.uasset" SILENT=true
[2019.11.05-18.18.29:296][482]LogSavePackage: Moving '../../../../../Documents/Unreal Projects/CogCollectors/Saved/Cog_Icelvl_BuiltData7D6D8B2A4C07A0B431C8CFAF377A01E3.tmp' to '../../../../../Documents/Unreal Projects/CogCollectors/Content/333/Cog_Icelvl_BuiltData.uasset'
[2019.11.05-18.18.29:302][482]LogFileHelpers: Saving map 'Cog_Icelvl' took 0.206
[2019.11.05-18.18.32:525][825]LogEditorViewport: Clicking on Actor (LMB): StaticMeshActor (Floor)
[2019.11.05-18.18.38:512][405]Cmd: TRANSACTION UNDO
[2019.11.05-18.18.38:512][405]LogEditorTransaction: Undo Scale Actors
[2019.11.05-18.18.42:632][812]Cmd: TRANSACTION UNDO
[2019.11.05-18.18.42:632][812]LogEditorTransaction: Undo Scale Actors
[2019.11.05-18.18.46:598][185]LogSlate: FSceneViewport::OnFocusLost() reason 0
[2019.11.05-18.18.46:700][195]LogMaterial: Display: Missing cached shader map for material LayerVisMaterial, compiling. 
[2019.11.05-18.18.46:723][195]LogShaderCompilers: Display: Worker (1/3): shaders left to compile 8
[2019.11.05-18.18.46:723][195]LogShaderCompilers: Display: Worker (2/3): shaders left to compile 3
[2019.11.05-18.18.46:733][195]LogMaterial: Display: Missing cached shader map for material SelectBrushMaterial, compiling. 
[2019.11.05-18.18.46:770][195]LogMaterial: Display: Missing cached shader map for material SelectBrushMaterial, compiling. 
[2019.11.05-18.18.46:808][195]LogMaterial: Display: Missing cached shader map for material MaskBrushMaterial, compiling. 
[2019.11.05-18.18.46:843][195]LogMaterial: Display: Missing cached shader map for material ColorMaskBrushMaterial, compiling. 
[2019.11.05-18.18.46:904][195]LogMaterial: Display: Missing cached shader map for material LandscapeLayerUsageMaterial, compiling. 
[2019.11.05-18.18.46:979][195]LogMaterial: Display: Missing cached shader map for material CircleBrushMaterial, compiling. 
[2019.11.05-18.18.46:999][195]LogMaterial: Display: Missing cached shader map for material CircleBrushMaterial, compiling. 
[2019.11.05-18.18.47:025][195]LogMaterial: Display: Missing cached shader map for material CircleBrushMaterial, compiling. 
[2019.11.05-18.18.47:052][195]LogMaterial: Display: Missing cached shader map for material CircleBrushMaterial, compiling. 
[2019.11.05-18.18.47:085][195]LogMaterial: Display: Missing cached shader map for material AlphaBrushMaterial, compiling. 
[2019.11.05-18.18.47:111][195]LogMaterial: Display: Missing cached shader map for material CircleBrushMaterial, compiling. 
[2019.11.05-18.18.47:140][195]LogMaterial: Display: Missing cached shader map for material MaskBrushMaterial, compiling. 
[2019.11.05-18.18.47:162][195]LogTexture: Display: Building textures: Texture2D_2 (G8, 128X128)
[2019.11.05-18.18.47:276][202]LogShaderCompilers: Display: Worker (2/3): shaders left to compile 426
[2019.11.05-18.18.47:462][221]LogShaderCompilers: Display: Worker (1/3): shaders left to compile 416
[2019.11.05-18.18.48:380][306]LogShaderCompilers: Display: Worker (2/3): shaders left to compile 406
[2019.11.05-18.18.49:488][422]LogShaderCompilers: Display: Worker (2/3): shaders left to compile 396
[2019.11.05-18.18.49:579][432]LogShaderCompilers: Display: Worker (1/3): shaders left to compile 386
[2019.11.05-18.18.50:695][555]LogShaderCompilers: Display: Worker (1/3): shaders left to compile 376
[2019.11.05-18.18.51:593][652]LogShaderCompilers: Display: Worker (2/3): shaders left to compile 366
[2019.11.05-18.18.52:714][775]LogSlate: FSceneViewport::OnFocusLost() reason 0
[2019.11.05-18.18.52:792][784]LogShaderCompilers: Display: Worker (2/3): shaders left to compile 356
[2019.11.05-18.18.52:832][789]LogShaderCompilers: Display: Worker (1/3): shaders left to compile 346
[2019.11.05-18.18.54:133][936]LogShaderCompilers: Display: Worker (1/3): shaders left to compile 336
[2019.11.05-18.18.54:867][ 17]LogShaderCompilers: Display: Worker (2/3): shaders left to compile 326
[2019.11.05-18.18.56:115][155]LogShaderCompilers: Display: Worker (1/3): shaders left to compile 316
[2019.11.05-18.18.56:499][197]LogShaderCompilers: Display: Worker (2/3): shaders left to compile 306
[2019.11.05-18.18.57:789][340]LogShaderCompilers: Display: Worker (1/3): shaders left to compile 296
[2019.11.05-18.18.58:312][398]LogShaderCompilers: Display: Worker (2/3): shaders left to compile 286
[2019.11.05-18.18.59:340][515]LogShaderCompilers: Display: Worker (1/3): shaders left to compile 276
[2019.11.05-18.19.00:188][608]LogShaderCompilers: Display: Worker (2/3): shaders left to compile 266
[2019.11.05-18.19.01:035][697]LogShaderCompilers: Display: Worker (1/3): shaders left to compile 256
[2019.11.05-18.19.01:371][735]LogShaderCompilers: Display: Worker (2/3): shaders left to compile 246
[2019.11.05-18.19.02:524][859]LogShaderCompilers: Display: Worker (2/3): shaders left to compile 236
[2019.11.05-18.19.03:233][932]LogShaderCompilers: Display: Worker (1/3): shaders left to compile 226
[2019.11.05-18.19.04:236][ 22]LogEditorViewport: Clicking on Actor (LMB): StaticMeshActor (Floor)
[2019.11.05-18.19.04:352][ 32]LogShaderCompilers: Display: Worker (1/3): shaders left to compile 216
[2019.11.05-18.19.04:658][ 65]LogShaderCompilers: Display: Worker (2/3): shaders left to compile 206
[2019.11.05-18.19.05:895][197]LogShaderCompilers: Display: Worker (2/3): shaders left to compile 196
[2019.11.05-18.19.06:559][265]LogShaderCompilers: Display: Worker (1/3): shaders left to compile 186
[2019.11.05-18.19.07:863][374]LogShaderCompilers: Display: Worker (1/3): shaders left to compile 176
[2019.11.05-18.19.07:925][380]LogShaderCompilers: Display: Worker (2/3): shaders left to compile 166
[2019.11.05-18.19.08:293][410]LogEditorViewport: Clicking on Actor (LMB): StaticMeshActor (Floor)
[2019.11.05-18.19.09:502][517]LogShaderCompilers: Display: Worker (2/3): shaders left to compile 156
[2019.11.05-18.19.09:808][544]LogShaderCompilers: Display: Worker (1/3): shaders left to compile 146
[2019.11.05-18.19.11:160][665]LogShaderCompilers: Display: Worker (2/3): shaders left to compile 136
[2019.11.05-18.19.11:525][698]LogShaderCompilers: Display: Worker (1/3): shaders left to compile 126
[2019.11.05-18.19.12:789][819]LogShaderCompilers: Display: Worker (2/3): shaders left to compile 116
[2019.11.05-18.19.13:466][885]LogShaderCompilers: Display: Worker (1/3): shaders left to compile 106
[2019.11.05-18.19.14:250][958]LogShaderCompilers: Display: Worker (2/3): shaders left to compile 96
[2019.11.05-18.19.14:677][999]LogSlate: FSceneViewport::OnFocusLost() reason 0
[2019.11.05-18.19.14:747][  7]LogTemp: Repeating last play command: Selected Viewport
[2019.11.05-18.19.14:759][  7]LogBlueprintUserMessages: Early PlayInEditor Detection: Level '/Game/333/Cog_Icelvl.Cog_Icelvl:PersistentLevel' has LevelScriptBlueprint '/Game/333/Cog_Icelvl.Cog_Icelvl:PersistentLevel.Cog_Icelvl' with GeneratedClass '/Game/333/Cog_Icelvl.Cog_Icelvl_C' with ClassGeneratedBy '/Game/333/Cog_Icelvl.Cog_Icelvl:PersistentLevel.Cog_Icelvl'
[2019.11.05-18.19.14:759][  7]LogPlayLevel: PlayLevel: No blueprints needed recompiling
[2019.11.05-18.19.14:759][  7]PIE: New page: PIE session: Cog_Icelvl (Nov 5, 2019, 8:19:14 AM)
[2019.11.05-18.19.14:760][  7]LogOnline: OSS: Creating online subsystem instance for: NULL
[2019.11.05-18.19.14:761][  7]LogPlayLevel: Creating play world package: /Game/333/UEDPIE_0_Cog_Icelvl
[2019.11.05-18.19.14:763][  7]LogPlayLevel: PIE: StaticDuplicateObject took: (0.001876s)
[2019.11.05-18.19.14:764][  7]LogAIModule: Creating AISystem for world Cog_Icelvl
[2019.11.05-18.19.14:764][  7]LogPlayLevel: PIE: World Init took: (0.000844s)
[2019.11.05-18.19.14:764][  7]LogPlayLevel: PIE: Created PIE world by copying editor world from /Game/333/Cog_Icelvl.Cog_Icelvl to /Game/333/UEDPIE_0_Cog_Icelvl.Cog_Icelvl (0.002938s)
[2019.11.05-18.19.14:787][  7]LogUObjectHash: Compacting FUObjectHashTables data took   1.72ms
[2019.11.05-18.19.14:798][  7]LogInit: XAudio2 using 'Speakers/Headphones (Realtek(R) Audio)' : 2 channels at 48 kHz using 32 bits per sample (channel mask 0x3)
[2019.11.05-18.19.14:873][  7]LogInit: FAudioDevice initialized.
[2019.11.05-18.19.14:896][  7]LogLinker: Warning: While loading '../../../../../Documents/Unreal Projects/CogCollectors/Content/333/Inventory_UI.uasset' failed to load '/Game/333/MyChar': Can't find file.
[2019.11.05-18.19.14:896][  7]LogLinker: Warning: While loading '../../../../../Documents/Unreal Projects/CogCollectors/Content/333/Inventory_UI.uasset' failed to load '/Game/333/MyChar': Can't find file.
[2019.11.05-18.19.14:899][  7]LogLinker: Warning: While loading '../../../../../Documents/Unreal Projects/CogCollectors/Content/333/Inventory_UI.uasset' failed to load '/Game/333/MyChar': Can't find file.
[2019.11.05-18.19.14:899][  7]LogLinker: Warning: While loading '../../../../../Documents/Unreal Projects/CogCollectors/Content/333/Inventory_UI.uasset' failed to load '/Game/333/MyChar': Can't find file.
[2019.11.05-18.19.14:913][  7]LogLoad: Game class is 'ThirdPersonGameMode_C'
[2019.11.05-18.19.14:914][  7]LogWorld: Bringing World /Game/333/UEDPIE_0_Cog_Icelvl.Cog_Icelvl up for play (max tick rate 0) at 2019.11.05-13.19.14
[2019.11.05-18.19.14:914][  7]LogWorld: Bringing up level for play took: 0.000450
[2019.11.05-18.19.14:914][  7]LogOnline: OSS: Creating online subsystem instance for: :Context_3
[2019.11.05-18.19.14:922][  7]LogContentBrowser: Native class hierarchy updated for 'MovieSceneCapture' in 0.0002 seconds. Added 20 classes and 0 folders.
[2019.11.05-18.19.14:925][  7]PIE: Play in editor start time for /Game/333/UEDPIE_0_Cog_Icelvl 0.181
[2019.11.05-18.19.14:925][  7]LogBlueprintUserMessages: Late PlayInEditor Detection: Level '/Game/333/Cog_Icelvl.Cog_Icelvl:PersistentLevel' has LevelScriptBlueprint '/Game/333/Cog_Icelvl.Cog_Icelvl:PersistentLevel.Cog_Icelvl' with GeneratedClass '/Game/333/Cog_Icelvl.Cog_Icelvl_C' with ClassGeneratedBy '/Game/333/Cog_Icelvl.Cog_Icelvl:PersistentLevel.Cog_Icelvl'
[2019.11.05-18.19.15:390][ 48]LogShaderCompilers: Display: Worker (2/3): shaders left to compile 86
[2019.11.05-18.19.15:730][ 82]LogShaderCompilers: Display: Worker (1/3): shaders left to compile 76
[2019.11.05-18.19.16:920][200]LogShaderCompilers: Display: Worker (1/3): shaders left to compile 66
[2019.11.05-18.19.17:557][265]LogShaderCompilers: Display: Worker (2/3): shaders left to compile 56
[2019.11.05-18.19.17:628][271]LogPlayerController: Error: InputMode:UIOnly - Attempting to focus Non-Focusable widget SObjectWidget [Widget.cpp(723)]!
[2019.11.05-18.19.17:962][306]LogBlueprintUserMessages: Early EndPlayMap Detection: Level '/Game/333/Cog_Icelvl.Cog_Icelvl:PersistentLevel' has LevelScriptBlueprint '/Game/333/Cog_Icelvl.Cog_Icelvl:PersistentLevel.Cog_Icelvl' with GeneratedClass '/Game/333/Cog_Icelvl.Cog_Icelvl_C' with ClassGeneratedBy '/Game/333/Cog_Icelvl.Cog_Icelvl:PersistentLevel.Cog_Icelvl'
[2019.11.05-18.19.17:962][306]LogSlate: Updating window title bar state: overlay mode, drag disabled, window buttons hidden, title bar hidden
[2019.11.05-18.19.17:962][306]LogWorld: BeginTearingDown for /Game/333/UEDPIE_0_Cog_Icelvl
[2019.11.05-18.19.17:962][306]LogWorld: UWorld::CleanupWorld for Cog_Icelvl, bSessionEnded=true, bCleanupResources=true
[2019.11.05-18.19.17:989][306]LogPlayLevel: Display: Shutting down PIE online subsystems
[2019.11.05-18.19.17:989][306]LogBlueprintUserMessages: Late EndPlayMap Detection: Level '/Game/333/Cog_Icelvl.Cog_Icelvl:PersistentLevel' has LevelScriptBlueprint '/Game/333/Cog_Icelvl.Cog_Icelvl:PersistentLevel.Cog_Icelvl' with GeneratedClass '/Game/333/Cog_Icelvl.Cog_Icelvl_C' with ClassGeneratedBy '/Game/333/Cog_Icelvl.Cog_Icelvl:PersistentLevel.Cog_Icelvl'
[2019.11.05-18.19.18:016][306]LogSlate: Updating window title bar state: overlay mode, drag disabled, window buttons hidden, title bar hidden
[2019.11.05-18.19.18:018][306]LogUObjectHash: Compacting FUObjectHashTables data took   1.56ms
[2019.11.05-18.19.18:069][312]LogPlayLevel: Display: Destroying online subsystem :Context_3
[2019.11.05-18.19.18:729][379]LogShaderCompilers: Display: Worker (2/3): shaders left to compile 46
[2019.11.05-18.19.19:157][423]LogShaderCompilers: Display: Worker (1/3): shaders left to compile 36
[2019.11.05-18.19.20:285][543]LogShaderCompilers: Display: Worker (1/3): shaders left to compile 26
[2019.11.05-18.19.20:917][603]LogShaderCompilers: Display: Worker (2/3): shaders left to compile 16
[2019.11.05-18.19.21:518][669]LogSlate: FSceneViewport::OnFocusLost() reason 0
[2019.11.05-18.19.21:565][674]MapCheck: New page: Map Check
[2019.11.05-18.19.21:591][674]Cmd: MAP REBUILD ALLVISIBLE
[2019.11.05-18.19.21:591][674]LogEditorServer: Rebuildmap Clear paths rebuilt
[2019.11.05-18.19.21:597][674]LogWorld: UWorld::CleanupWorld for Cog_Icelvl, bSessionEnded=true, bCleanupResources=false
[2019.11.05-18.19.21:622][674]LogUObjectHash: Compacting FUObjectHashTables data took   1.52ms
[2019.11.05-18.19.22:994][674]LogShaderCompilers: Display: Worker (2/3): shaders left to compile 7
[2019.11.05-18.19.22:994][674]LogShaderCompilers: Display: Worker (1/3): shaders left to compile 3
[2019.11.05-18.19.22:994][674]LogShaderCompilers: Display: Worker (2/3): shaders left to compile 1
[2019.11.05-18.19.22:994][674]LogMaterial: Display: Missing cached shader map for material DebugViewMode MaterialTexCoordScale, compiling. 
[2019.11.05-18.19.23:005][674]LogMaterial: Display: Missing cached shader map for material DebugViewMode MaterialTexCoordScale, compiling. 
[2019.11.05-18.19.23:363][674]LogShaderCompilers: Display: Worker (1/3): shaders left to compile 2
[2019.11.05-18.19.23:363][674]LogShaderCompilers: Display: Worker (2/3): shaders left to compile 1
[2019.11.05-18.19.23:363][674]LogShaderCompilers: Display: Worker (2/3): shaders left to compile 2
[2019.11.05-18.19.23:363][674]LogShaderCompilers: Display: Worker (1/3): shaders left to compile 1
[2019.11.05-18.19.23:363][674]TextureStreamingBuild: Display: Compiling optional shaders took 0.383 seconds.
[2019.11.05-18.19.23:391][674]LogLevel: Display: Export Material TexCoord Scales took 0.028 seconds.
[2019.11.05-18.19.23:658][674]TextureStreamingBuild: Display: Build Texture Streaming took 0.251 seconds.
[2019.11.05-18.19.23:713][674]LogUObjectHash: Compacting FUObjectHashTables data took   0.56ms
[2019.11.05-18.19.23:716][674]LightingResults: New page: Lighting Build - Nov 5, 2019, 8:19:23 AM
[2019.11.05-18.19.23:777][674]LogSwarmInterface: [OpenConnection] Registering TCP channel ...
[2019.11.05-18.19.23:885][674]LogSwarmInterface: [OpenConnection] Connecting to agent ...
[2019.11.05-18.19.23:900][674]LogSwarmInterface: [TryOpenConnection] Testing the Agent
[2019.11.05-18.19.24:970][674]LogSwarmInterface: [TryOpenConnection] Opening Connection to Agent
[2019.11.05-18.19.24:971][674]LogSwarmInterface: [TryOpenConnection] Local Process ID is 5376
[2019.11.05-18.19.27:369][674]LogStaticLightingSystem: Warning: No importance volume found, so the scene bounding box was used.  You can optimize your scene's quality and lighting build times by adding importance volumes.
[2019.11.05-18.19.27:370][674]LogStaticLightingSystem: Running Lightmass w/ ImmediateImport mode ENABLED
[2019.11.05-18.19.27:370][674]LogStaticLightingSystem: Running Lightmass w/ ImmediateProcess mode ENABLED
[2019.11.05-18.19.27:370][674]LogStaticLightingSystem: Running Lightmass w/ Sorting mode ENABLED
[2019.11.05-18.19.27:370][674]LogStaticLightingSystem: Running Lightmass w/ Mapping paddings ENABLED
[2019.11.05-18.19.27:370][674]LogStaticLightingSystem: Running Lightmass w/ Mapping debug paddings DISABLED
[2019.11.05-18.19.27:506][674]Cmd: MAP CHECK DONTDISPLAYDIALOG
[2019.11.05-18.19.27:506][674]MapCheck: New page: Cog_Icelvl - Nov 5, 2019, 8:19:27 AM
[2019.11.05-18.19.27:506][674]MapCheck: Error: WorldSettings_1 Maps need lighting rebuilt 
[2019.11.05-18.19.27:507][674]MapCheck: Map check complete: 1 Error(s), 0 Warning(s), took 1.506ms to complete.
[2019.11.05-18.19.27:508][674]LogEditorBuildUtils: Build time 0:05
[2019.11.05-18.19.27:547][674]LogMaterial: Display: Missing cached shader map for material FLightmassMaterialRenderer DefaultMaterial, compiling. 
[2019.11.05-18.19.27:556][674]LogMaterial: Display: Missing cached shader map for material FLightmassMaterialRenderer DefaultMaterial, compiling. 
[2019.11.05-18.19.27:579][675]LogShaderCompilers: Display: Worker (1/3): shaders left to compile 2
[2019.11.05-18.19.27:579][675]LogShaderCompilers: Display: Worker (2/3): shaders left to compile 2
[2019.11.05-18.19.28:166][682]LogUObjectHash: Compacting FUObjectHashTables data took   0.54ms
[2019.11.05-18.19.29:407][754]Job is a success!
[2019.11.05-18.19.29:459][755]LogVolumetricLightmapImport: Imported Volumetric Lightmap in 0.015s
[2019.11.05-18.19.29:460][755]LogVolumetricLightmapImport:      Indirection Texture 16x16x16 = 0.0Mb
[2019.11.05-18.19.29:460][755]LogVolumetricLightmapImport:      BrickData 650x5x5 = 0.6Mb
[2019.11.05-18.19.29:460][755]LogVolumetricLightmapImport:      Bricks at Level
[2019.11.05-18.19.29:460][755]LogVolumetricLightmapImport:          0: 0.8% covering 100.0% of volume
[2019.11.05-18.19.29:460][755]LogVolumetricLightmapImport:          1: 6.9% covering 14.1% of volume
[2019.11.05-18.19.29:460][755]LogVolumetricLightmapImport:          2: 92.3% covering 2.9% of volume
[2019.11.05-18.19.29:492][755]LogTexture: Display: Building textures: HQ_Lightmap0_1 (AutoDXT, 256X256)
[2019.11.05-18.19.29:492][755]LogTexture: Display: Building textures: LQ_Lightmap_0_1 (DXT1, 256X256)
[2019.11.05-18.19.29:492][755]LogTexture: Display: Building textures: HQ_Lightmap0_2 (AutoDXT, 64X64)
[2019.11.05-18.19.29:492][755]LogTexture: Display: Building textures: LQ_Lightmap_0_2 (DXT1, 64X64)
[2019.11.05-18.19.29:492][755]LogTexture: Display: Building textures: ShadowMapTexture2D_0 (G8, 128X128)
[2019.11.05-18.19.29:492][755]LogTexture: Display: Building textures: ShadowMapTexture2D_1 (G8, 32X32)
[2019.11.05-18.19.29:530][755]Lightmass on CAIT-02-115-21: 788 ms total, 137 ms importing, 20 ms setup, 105 ms photons, 517 ms processing, 0 ms extra exporting [2/2 mappings]. Threads: 2.58 sec total, 159 ms processing.
[2019.11.05-18.19.29:531][755]LogStaticLightingSystem: Cog_Icelvl_BuiltData storing lightmap data for 2 meshes in 2 LightmapResourceClusters (1.0 Meshes per cluster).
[2019.11.05-18.19.29:555][755]LogUObjectHash: Compacting FUObjectHashTables data took   1.34ms
[2019.11.05-18.19.29:560][755]LogStaticLightingSystem: Illumination: 5.82 sec (17 ms encoding lightmaps, 6 ms encoding shadowmaps)
[2019.11.05-18.19.29:560][755]LogStaticLightingSystem: Lightmap texture memory:  0.1 MB (0.1 MB streaming, 0.0 MB non-streaming), 4 textures
[2019.11.05-18.19.29:560][755]LogStaticLightingSystem: Shadowmap texture memory: 0.0 MB (0.0 MB streaming, 0.0 MB non-streaming), 2 textures
[2019.11.05-18.19.30:375][755]DumpUnbuiltLightIteractions
[2019.11.05-18.19.30:375][755]Lights with unbuilt interactions: 0
[2019.11.05-18.19.30:375][755]
[2019.11.05-18.19.30:375][755]Primitives with unbuilt interactions: 0
[2019.11.05-18.19.30:470][756]Cmd: MAP CHECK NOTIFYRESULTS
[2019.11.05-18.19.30:470][756]MapCheck: New page: Cog_Icelvl - Nov 5, 2019, 8:19:30 AM
[2019.11.05-18.19.30:472][756]MapCheck: Map check complete: 0 Error(s), 0 Warning(s), took 0.311ms to complete.
[2019.11.05-18.19.31:347][846]LogSlate: Window 'Message Log' being destroyed
[2019.11.05-18.19.31:361][846]LogSlate: Window 'Message Log' being destroyed
[2019.11.05-18.26.04:498][465]LogEditorSessionSummary: EditorSessionSummary sent report. Type=Shutdown, SessionId={32E301CF-4B9A-2EF4-F1ED-2F8D623B5707}
[2019.11.05-18.26.04:498][465]LogEditorSessionSummary: EditorSessionSummary sent report. Type=Shutdown, SessionId={23D9773D-4EFA-7E44-59CF-DBA99C2E7B0D}
[2019.11.05-18.27.04:496][644]LogEditorSessionSummary: EditorSessionSummary sent report. Type=Shutdown, SessionId={C10454E7-4D26-868F-1F9D-F88BD4511D1A}
